2016/12/05 16:15:10 [error] [exception.CDbException] CDbException: CDbConnection failed to open the DB connection: SQLSTATE[HY000] [1045] Access denied for user 'quadrant_adminUd'@'localhost' (using password: YES) in /Users/mac/Sites/mod02/framework/db/CDbConnection.php:382
Stack trace:
#0 /Users/mac/Sites/mod02/framework/db/CDbConnection.php(330): CDbConnection->open()
#1 /Users/mac/Sites/mod02/framework/db/CDbConnection.php(308): CDbConnection->setActive(true)
#2 /Users/mac/Sites/mod02/framework/base/CModule.php(387): CDbConnection->init()
#3 /Users/mac/Sites/mod02/framework/base/CApplication.php(450): CModule->getComponent('db')
#4 /Users/mac/Sites/mod02/framework/db/ar/CActiveRecord.php(634): CApplication->getDb()
#5 /Users/mac/Sites/mod02/framework/db/ar/CActiveRecord.php(2361): CActiveRecord->getDbConnection()
#6 /Users/mac/Sites/mod02/framework/db/ar/CActiveRecord.php(411): CActiveRecordMetaData->__construct(Object(Account))
#7 /Users/mac/Sites/mod02/framework/db/ar/CActiveRecord.php(212): CActiveRecord->getMetaData()
#8 /Users/mac/Sites/mod02/protected/components/UserIdentity.php(25): CActiveRecord->__call('isActive', Array)
#9 /Users/mac/Sites/mod02/protected/models/LoginForm.php(53): UserIdentity->authenticate()
#10 /Users/mac/Sites/mod02/framework/validators/CInlineValidator.php(42): LoginForm->authenticate('password', Array)
#11 /Users/mac/Sites/mod02/framework/validators/CValidator.php(213): CInlineValidator->validateAttribute(Object(LoginForm), 'password')
#12 /Users/mac/Sites/mod02/framework/base/CModel.php(159): CValidator->validate(Object(LoginForm), Array)
#13 /Users/mac/Sites/mod02/protected/controllers/SiteController.php(99): CModel->validate()
#14 /Users/mac/Sites/mod02/framework/web/actions/CInlineAction.php(49): SiteController->actionLogin()
#15 /Users/mac/Sites/mod02/framework/web/CController.php(308): CInlineAction->runWithParams(Array)
#16 /Users/mac/Sites/mod02/framework/web/CController.php(286): CController->runAction(Object(CInlineAction))
#17 /Users/mac/Sites/mod02/framework/web/CController.php(265): CController->runActionWithFilters(Object(CInlineAction), Array)
#18 /Users/mac/Sites/mod02/framework/web/CWebApplication.php(282): CController->run('login')
#19 /Users/mac/Sites/mod02/framework/web/CWebApplication.php(141): CWebApplication->runController('site/login')
#20 /Users/mac/Sites/mod02/framework/base/CApplication.php(180): CWebApplication->processRequest()
#21 /Users/mac/Sites/mod02/index.php(13): CApplication->run()
#22 {main}
REQUEST_URI=/mod02/index.php/site/login
HTTP_REFERER=http://localhost:8888/mod02/index.php/site/login
---
2016/12/05 21:22:59 [error] [exception.CHttpException.403] CHttpException: Login Required in /Users/mac/Sites/mod02/framework/web/auth/CWebUser.php:394
Stack trace:
#0 /Users/mac/Sites/mod02/protected/modules/admin/AdminModule.php(47): CWebUser->loginRequired()
#1 /Users/mac/Sites/mod02/framework/web/CController.php(263): AdminModule->beforeControllerAction(Object(AccountController), Object(CInlineAction))
#2 /Users/mac/Sites/mod02/framework/web/CWebApplication.php(282): CController->run('listChapterMemb...')
#3 /Users/mac/Sites/mod02/framework/web/CWebApplication.php(141): CWebApplication->runController('admin/account/l...')
#4 /Users/mac/Sites/mod02/framework/base/CApplication.php(180): CWebApplication->processRequest()
#5 /Users/mac/Sites/mod02/index.php(13): CApplication->run()
#6 {main}
REQUEST_URI=/mod02/index.php/admin/account/listChapterMembers?chapter=16
HTTP_REFERER=http://localhost:8888/mod02/index.php/account/updatePosition/413
---
2016/12/05 21:23:00 [error] [php] Undefined variable: userpositions (/Users/mac/Sites/mod02/protected/controllers/AccountController.php:1126)
Stack trace:
#0 /Users/mac/Sites/mod02/framework/web/actions/CInlineAction.php(47): CInlineAction->runWithParamsInternal()
#1 /Users/mac/Sites/mod02/framework/web/CController.php(308): CInlineAction->runWithParams()
#2 /Users/mac/Sites/mod02/framework/web/filters/CFilterChain.php(133): AccountController->runAction()
#3 /Users/mac/Sites/mod02/framework/web/filters/CFilter.php(40): CFilterChain->run()
#4 /Users/mac/Sites/mod02/framework/web/CController.php(1145): CAccessControlFilter->filter()
#5 /Users/mac/Sites/mod02/framework/web/filters/CInlineFilter.php(58): AccountController->filterAccessControl()
#6 /Users/mac/Sites/mod02/framework/web/filters/CFilterChain.php(130): CInlineFilter->filter()
#7 /Users/mac/Sites/mod02/framework/web/CController.php(291): CFilterChain->run()
#8 /Users/mac/Sites/mod02/framework/web/CController.php(265): AccountController->runActionWithFilters()
#9 /Users/mac/Sites/mod02/framework/web/CWebApplication.php(282): AccountController->run()
#10 /Users/mac/Sites/mod02/framework/web/CWebApplication.php(141): CWebApplication->runController()
#11 /Users/mac/Sites/mod02/framework/base/CApplication.php(180): CWebApplication->processRequest()
#12 /Users/mac/Sites/mod02/index.php(13): CWebApplication->run()
REQUEST_URI=/mod02/index.php/account/updatePosition/413
in /Users/mac/Sites/mod02/protected/controllers/AccountController.php (1126)
in /Users/mac/Sites/mod02/index.php (13)
2016/12/05 21:30:39 [error] [exception.CHttpException.403] CHttpException: Login Required in /Users/mac/Sites/mod02/framework/web/auth/CWebUser.php:394
Stack trace:
#0 /Users/mac/Sites/mod02/protected/modules/admin/AdminModule.php(47): CWebUser->loginRequired()
#1 /Users/mac/Sites/mod02/framework/web/CController.php(263): AdminModule->beforeControllerAction(Object(AccountController), Object(CInlineAction))
#2 /Users/mac/Sites/mod02/framework/web/CWebApplication.php(282): CController->run('listChapterMemb...')
#3 /Users/mac/Sites/mod02/framework/web/CWebApplication.php(141): CWebApplication->runController('admin/account/l...')
#4 /Users/mac/Sites/mod02/framework/base/CApplication.php(180): CWebApplication->processRequest()
#5 /Users/mac/Sites/mod02/index.php(13): CApplication->run()
#6 {main}
REQUEST_URI=/mod02/index.php/admin/account/listChapterMembers?chapter=334
HTTP_REFERER=http://localhost:8888/mod02/index.php/account/updatePosition/63
---
2016/12/05 21:31:04 [error] [exception.CHttpException.403] CHttpException: Login Required in /Users/mac/Sites/mod02/framework/web/auth/CWebUser.php:394
Stack trace:
#0 /Users/mac/Sites/mod02/protected/modules/admin/AdminModule.php(47): CWebUser->loginRequired()
#1 /Users/mac/Sites/mod02/framework/web/CController.php(263): AdminModule->beforeControllerAction(Object(AccountController), Object(CInlineAction))
#2 /Users/mac/Sites/mod02/framework/web/CWebApplication.php(282): CController->run('listChapterMemb...')
#3 /Users/mac/Sites/mod02/framework/web/CWebApplication.php(141): CWebApplication->runController('admin/account/l...')
#4 /Users/mac/Sites/mod02/framework/base/CApplication.php(180): CWebApplication->processRequest()
#5 /Users/mac/Sites/mod02/index.php(13): CApplication->run()
#6 {main}
REQUEST_URI=/mod02/index.php/admin/account/listChapterMembers?chapter=334
HTTP_REFERER=http://localhost:8888/mod02/index.php/account/updatePosition/413
---
2016/12/05 21:31:49 [error] [php] Trying to get property of non-object (/Users/mac/Sites/mod02/protected/modules/admin/views/userBusiness/_list_user_businesses.php:3)
Stack trace:
#0 /Users/mac/Sites/mod02/framework/zii/widgets/CListView.php(291): UserBusinessController->renderFile()
#1 /Users/mac/Sites/mod02/framework/zii/widgets/CBaseListView.php(167): CListView->renderItems()
#2 unknown(0): CListView->renderSection()
#3 /Users/mac/Sites/mod02/framework/zii/widgets/CBaseListView.php(150): preg_replace_callback()
#4 /Users/mac/Sites/mod02/framework/zii/widgets/CBaseListView.php(135): CListView->renderContent()
#5 /Users/mac/Sites/mod02/framework/web/CBaseController.php(173): CListView->run()
#6 /Users/mac/Sites/mod02/protected/modules/admin/views/userBusiness/index.php(151): UserBusinessController->widget()
#7 /Users/mac/Sites/mod02/framework/web/CBaseController.php(126): require()
#8 /Users/mac/Sites/mod02/framework/web/CBaseController.php(95): UserBusinessController->renderInternal()
#9 /Users/mac/Sites/mod02/framework/web/CController.php(869): UserBusinessController->renderFile()
#10 /Users/mac/Sites/mod02/framework/web/CController.php(782): UserBusinessController->renderPartial()
#11 /Users/mac/Sites/mod02/protected/modules/admin/controllers/UserBusinessController.php(158): UserBusinessController->render()
#12 /Users/mac/Sites/mod02/framework/web/actions/CInlineAction.php(49): UserBusinessController->actionIndex()
#13 /Users/mac/Sites/mod02/framework/web/CController.php(308): CInlineAction->runWithParams()
#14 /Users/mac/Sites/mod02/framework/web/filters/CFilterChain.php(133): UserBusinessController->runAction()
#15 /Users/mac/Sites/mod02/framework/web/filters/CFilter.php(40): CFilterChain->run()
#16 /Users/mac/Sites/mod02/framework/web/CController.php(1145): CAccessControlFilter->filter()
#17 /Users/mac/Sites/mod02/framework/web/filters/CInlineFilter.php(58): UserBusinessController->filterAccessControl()
#18 /Users/mac/Sites/mod02/framework/web/filters/CFilterChain.php(130): CInlineFilter->filter()
#19 /Users/mac/Sites/mod02/framework/web/CController.php(291): CFilterChain->run()
#20 /Users/mac/Sites/mod02/framework/web/CController.php(265): UserBusinessController->runActionWithFilters()
#21 /Users/mac/Sites/mod02/framework/web/CWebApplication.php(282): UserBusinessController->run()
#22 /Users/mac/Sites/mod02/framework/web/CWebApplication.php(141): CWebApplication->runController()
#23 /Users/mac/Sites/mod02/framework/base/CApplication.php(180): CWebApplication->processRequest()
#24 /Users/mac/Sites/mod02/index.php(13): CWebApplication->run()
REQUEST_URI=/mod02/index.php/admin/userBusiness/index
in /Users/mac/Sites/mod02/protected/modules/admin/views/userBusiness/_list_user_businesses.php (3)
in /Users/mac/Sites/mod02/protected/modules/admin/views/userBusiness/index.php (151)
in /Users/mac/Sites/mod02/protected/modules/admin/controllers/UserBusinessController.php (158)
2016/12/05 21:32:03 [error] [php] Undefined variable: event (/Users/mac/Sites/mod02/protected/modules/admin/views/event/index.php:122)
Stack trace:
#0 /Users/mac/Sites/mod02/framework/web/CController.php(869): EventController->renderFile()
#1 /Users/mac/Sites/mod02/framework/web/CController.php(782): EventController->renderPartial()
#2 /Users/mac/Sites/mod02/protected/modules/admin/controllers/EventController.php(391): EventController->render()
#3 /Users/mac/Sites/mod02/framework/web/actions/CInlineAction.php(49): EventController->actionIndex()
#4 /Users/mac/Sites/mod02/framework/web/CController.php(308): CInlineAction->runWithParams()
#5 /Users/mac/Sites/mod02/framework/web/filters/CFilterChain.php(133): EventController->runAction()
#6 /Users/mac/Sites/mod02/framework/web/filters/CFilter.php(40): CFilterChain->run()
#7 /Users/mac/Sites/mod02/framework/web/CController.php(1145): CAccessControlFilter->filter()
#8 /Users/mac/Sites/mod02/framework/web/filters/CInlineFilter.php(58): EventController->filterAccessControl()
#9 /Users/mac/Sites/mod02/framework/web/filters/CFilterChain.php(130): CInlineFilter->filter()
#10 /Users/mac/Sites/mod02/framework/web/CController.php(291): CFilterChain->run()
#11 /Users/mac/Sites/mod02/framework/web/CController.php(265): EventController->runActionWithFilters()
#12 /Users/mac/Sites/mod02/framework/web/CWebApplication.php(282): EventController->run()
#13 /Users/mac/Sites/mod02/framework/web/CWebApplication.php(141): CWebApplication->runController()
#14 /Users/mac/Sites/mod02/framework/base/CApplication.php(180): CWebApplication->processRequest()
#15 /Users/mac/Sites/mod02/index.php(13): CWebApplication->run()
REQUEST_URI=/mod02/index.php/admin/event/index
in /Users/mac/Sites/mod02/protected/modules/admin/views/event/index.php (122)
in /Users/mac/Sites/mod02/protected/modules/admin/controllers/EventController.php (391)
in /Users/mac/Sites/mod02/index.php (13)
2016/12/05 21:32:08 [error] [php] Undefined variable: event (/Users/mac/Sites/mod02/protected/modules/admin/views/event/index.php:122)
Stack trace:
#0 /Users/mac/Sites/mod02/framework/web/CController.php(869): EventController->renderFile()
#1 /Users/mac/Sites/mod02/framework/web/CController.php(782): EventController->renderPartial()
#2 /Users/mac/Sites/mod02/protected/modules/admin/controllers/EventController.php(391): EventController->render()
#3 /Users/mac/Sites/mod02/framework/web/actions/CInlineAction.php(49): EventController->actionIndex()
#4 /Users/mac/Sites/mod02/framework/web/CController.php(308): CInlineAction->runWithParams()
#5 /Users/mac/Sites/mod02/framework/web/filters/CFilterChain.php(133): EventController->runAction()
#6 /Users/mac/Sites/mod02/framework/web/filters/CFilter.php(40): CFilterChain->run()
#7 /Users/mac/Sites/mod02/framework/web/CController.php(1145): CAccessControlFilter->filter()
#8 /Users/mac/Sites/mod02/framework/web/filters/CInlineFilter.php(58): EventController->filterAccessControl()
#9 /Users/mac/Sites/mod02/framework/web/filters/CFilterChain.php(130): CInlineFilter->filter()
#10 /Users/mac/Sites/mod02/framework/web/CController.php(291): CFilterChain->run()
#11 /Users/mac/Sites/mod02/framework/web/CController.php(265): EventController->runActionWithFilters()
#12 /Users/mac/Sites/mod02/framework/web/CWebApplication.php(282): EventController->run()
#13 /Users/mac/Sites/mod02/framework/web/CWebApplication.php(141): CWebApplication->runController()
#14 /Users/mac/Sites/mod02/framework/base/CApplication.php(180): CWebApplication->processRequest()
#15 /Users/mac/Sites/mod02/index.php(13): CWebApplication->run()
REQUEST_URI=/mod02/index.php/admin/event/index
in /Users/mac/Sites/mod02/protected/modules/admin/views/event/index.php (122)
in /Users/mac/Sites/mod02/protected/modules/admin/controllers/EventController.php (391)
in /Users/mac/Sites/mod02/index.php (13)
2016/12/05 21:32:18 [error] [php] Undefined variable: event (/Users/mac/Sites/mod02/protected/modules/admin/views/event/index.php:122)
Stack trace:
#0 /Users/mac/Sites/mod02/framework/web/CController.php(869): EventController->renderFile()
#1 /Users/mac/Sites/mod02/framework/web/CController.php(782): EventController->renderPartial()
#2 /Users/mac/Sites/mod02/protected/modules/admin/controllers/EventController.php(391): EventController->render()
#3 /Users/mac/Sites/mod02/framework/web/actions/CInlineAction.php(49): EventController->actionIndex()
#4 /Users/mac/Sites/mod02/framework/web/CController.php(308): CInlineAction->runWithParams()
#5 /Users/mac/Sites/mod02/framework/web/filters/CFilterChain.php(133): EventController->runAction()
#6 /Users/mac/Sites/mod02/framework/web/filters/CFilter.php(40): CFilterChain->run()
#7 /Users/mac/Sites/mod02/framework/web/CController.php(1145): CAccessControlFilter->filter()
#8 /Users/mac/Sites/mod02/framework/web/filters/CInlineFilter.php(58): EventController->filterAccessControl()
#9 /Users/mac/Sites/mod02/framework/web/filters/CFilterChain.php(130): CInlineFilter->filter()
#10 /Users/mac/Sites/mod02/framework/web/CController.php(291): CFilterChain->run()
#11 /Users/mac/Sites/mod02/framework/web/CController.php(265): EventController->runActionWithFilters()
#12 /Users/mac/Sites/mod02/framework/web/CWebApplication.php(282): EventController->run()
#13 /Users/mac/Sites/mod02/framework/web/CWebApplication.php(141): CWebApplication->runController()
#14 /Users/mac/Sites/mod02/framework/base/CApplication.php(180): CWebApplication->processRequest()
#15 /Users/mac/Sites/mod02/index.php(13): CWebApplication->run()
REQUEST_URI=/mod02/index.php/admin/event/index
in /Users/mac/Sites/mod02/protected/modules/admin/views/event/index.php (122)
in /Users/mac/Sites/mod02/protected/modules/admin/controllers/EventController.php (391)
in /Users/mac/Sites/mod02/index.php (13)
2016/12/05 21:32:42 [error] [exception.CHttpException.404] CHttpException: The system is unable to find the requested action "regularmem". in /Users/mac/Sites/mod02/framework/web/CController.php:483
Stack trace:
#0 /Users/mac/Sites/mod02/framework/web/CController.php(270): CController->missingAction('regularmem')
#1 /Users/mac/Sites/mod02/framework/web/CWebApplication.php(282): CController->run('regularmem')
#2 /Users/mac/Sites/mod02/framework/web/CWebApplication.php(141): CWebApplication->runController('admin/account/r...')
#3 /Users/mac/Sites/mod02/framework/base/CApplication.php(180): CWebApplication->processRequest()
#4 /Users/mac/Sites/mod02/index.php(13): CApplication->run()
#5 {main}
REQUEST_URI=/mod02/index.php/admin/account/regularmem
HTTP_REFERER=http://localhost:8888/mod02/index.php/admin/account/pendingpresident
---
2016/12/05 21:33:57 [error] [php] fsockopen(): SSL operation failed with code 1. OpenSSL Error messages:
error:14090086:SSL routines:ssl3_get_server_certificate:certificate verify failed (/Users/mac/Sites/mod02/protected/extensions/swiftMailer/lib/classes/Swift/Transport/StreamBuffer.php:243)
Stack trace:
#0 /Users/mac/Sites/mod02/protected/extensions/swiftMailer/lib/classes/Swift/Transport/AbstractSmtpTransport.php(111): Swift_Transport_StreamBuffer->initialize()
#1 /Users/mac/Sites/mod02/protected/extensions/swiftMailer/lib/classes/Swift/Mailer.php(84): Swift_SmtpTransport->start()
#2 /Users/mac/Sites/mod02/protected/models/EmailWrapper.php(126): Swift_Mailer->send()
#3 /Users/mac/Sites/mod02/protected/models/Account.php(335): EmailWrapper->sendMessage()
#4 /Users/mac/Sites/mod02/protected/modules/admin/controllers/AccountController.php(372): Account->populateMsgProperties()
#5 unknown(0): AccountController->actionActivateAccount()
#6 /Users/mac/Sites/mod02/framework/web/actions/CAction.php(108): ReflectionMethod->invokeArgs()
#7 /Users/mac/Sites/mod02/framework/web/actions/CInlineAction.php(47): CInlineAction->runWithParamsInternal()
#8 /Users/mac/Sites/mod02/framework/web/CController.php(308): CInlineAction->runWithParams()
#9 /Users/mac/Sites/mod02/framework/web/CController.php(286): AccountController->runAction()
#10 /Users/mac/Sites/mod02/framework/web/CController.php(265): AccountController->runActionWithFilters()
#11 /Users/mac/Sites/mod02/framework/web/CWebApplication.php(282): AccountController->run()
#12 /Users/mac/Sites/mod02/framework/web/CWebApplication.php(141): CWebApplication->runController()
#13 /Users/mac/Sites/mod02/framework/base/CApplication.php(180): CWebApplication->processRequest()
#14 /Users/mac/Sites/mod02/index.php(13): CWebApplication->run()
REQUEST_URI=/mod02/index.php/admin/account/activateaccount/id/145
in /Users/mac/Sites/mod02/protected/extensions/swiftMailer/lib/classes/Swift/Transport/StreamBuffer.php (243)
in /Users/mac/Sites/mod02/protected/extensions/swiftMailer/lib/classes/Swift/Transport/StreamBuffer.php (80)
in /Users/mac/Sites/mod02/protected/extensions/swiftMailer/lib/classes/Swift/Transport/AbstractSmtpTransport.php (111)
2016/12/05 21:36:28 [error] [php] Undefined variable: package_type (/Users/mac/Sites/mod02/protected/controllers/EventController.php:73)
Stack trace:
#0 /Users/mac/Sites/mod02/framework/web/actions/CInlineAction.php(47): CInlineAction->runWithParamsInternal()
#1 /Users/mac/Sites/mod02/framework/web/CController.php(308): CInlineAction->runWithParams()
#2 /Users/mac/Sites/mod02/framework/web/filters/CFilterChain.php(133): EventController->runAction()
#3 /Users/mac/Sites/mod02/framework/web/filters/CFilter.php(40): CFilterChain->run()
#4 /Users/mac/Sites/mod02/framework/web/CController.php(1145): CAccessControlFilter->filter()
#5 /Users/mac/Sites/mod02/framework/web/filters/CInlineFilter.php(58): EventController->filterAccessControl()
#6 /Users/mac/Sites/mod02/framework/web/filters/CFilterChain.php(130): CInlineFilter->filter()
#7 /Users/mac/Sites/mod02/framework/web/CController.php(291): CFilterChain->run()
#8 /Users/mac/Sites/mod02/framework/web/CController.php(265): EventController->runActionWithFilters()
#9 /Users/mac/Sites/mod02/framework/web/CWebApplication.php(282): EventController->run()
#10 /Users/mac/Sites/mod02/framework/web/CWebApplication.php(141): CWebApplication->runController()
#11 /Users/mac/Sites/mod02/framework/base/CApplication.php(180): CWebApplication->processRequest()
#12 /Users/mac/Sites/mod02/index.php(13): CWebApplication->run()
REQUEST_URI=/mod02/index.php/event/view?event_id=13
in /Users/mac/Sites/mod02/protected/controllers/EventController.php (73)
in /Users/mac/Sites/mod02/index.php (13)
2016/12/05 22:07:39 [error] [exception.Error] Error: Call to undefined method Account::checkIfValidForPosition() in /Users/mac/Sites/mod02/protected/controllers/AccountController.php:1519
Stack trace:
#0 /Users/mac/Sites/mod02/framework/web/actions/CInlineAction.php(49): AccountController->actionTest()
#1 /Users/mac/Sites/mod02/framework/web/CController.php(308): CInlineAction->runWithParams(Array)
#2 /Users/mac/Sites/mod02/framework/web/filters/CFilterChain.php(133): CController->runAction(Object(CInlineAction))
#3 /Users/mac/Sites/mod02/framework/web/filters/CFilter.php(40): CFilterChain->run()
#4 /Users/mac/Sites/mod02/framework/web/CController.php(1145): CFilter->filter(Object(CFilterChain))
#5 /Users/mac/Sites/mod02/framework/web/filters/CInlineFilter.php(58): CController->filterAccessControl(Object(CFilterChain))
#6 /Users/mac/Sites/mod02/framework/web/filters/CFilterChain.php(130): CInlineFilter->filter(Object(CFilterChain))
#7 /Users/mac/Sites/mod02/framework/web/CController.php(291): CFilterChain->run()
#8 /Users/mac/Sites/mod02/framework/web/CController.php(265): CController->runActionWithFilters(Object(CInlineAction), Array)
#9 /Users/mac/Sites/mod02/framework/web/CWebApplication.php(282): CController->run('test')
#10 /Users/mac/Sites/mod02/framework/web/CWebApplication.php(141): CWebApplication->runController('account/test')
#11 /Users/mac/Sites/mod02/framework/base/CApplication.php(180): CWebApplication->processRequest()
#12 /Users/mac/Sites/mod02/index.php(13): CApplication->run()
#13 {main}
REQUEST_URI=/mod02/index.php/account/test
---
2016/12/05 22:07:39 [error] [exception.Error] Error: Call to undefined method Account::checkIfValidForPosition() in /Users/mac/Sites/mod02/protected/controllers/AccountController.php:1519
Stack trace:
#0 /Users/mac/Sites/mod02/framework/web/actions/CInlineAction.php(49): AccountController->actionTest()
#1 /Users/mac/Sites/mod02/framework/web/CController.php(308): CInlineAction->runWithParams(Array)
#2 /Users/mac/Sites/mod02/framework/web/filters/CFilterChain.php(133): CController->runAction(Object(CInlineAction))
#3 /Users/mac/Sites/mod02/framework/web/filters/CFilter.php(40): CFilterChain->run()
#4 /Users/mac/Sites/mod02/framework/web/CController.php(1145): CFilter->filter(Object(CFilterChain))
#5 /Users/mac/Sites/mod02/framework/web/filters/CInlineFilter.php(58): CController->filterAccessControl(Object(CFilterChain))
#6 /Users/mac/Sites/mod02/framework/web/filters/CFilterChain.php(130): CInlineFilter->filter(Object(CFilterChain))
#7 /Users/mac/Sites/mod02/framework/web/CController.php(291): CFilterChain->run()
#8 /Users/mac/Sites/mod02/framework/web/CController.php(265): CController->runActionWithFilters(Object(CInlineAction), Array)
#9 /Users/mac/Sites/mod02/framework/web/CWebApplication.php(282): CController->run('test')
#10 /Users/mac/Sites/mod02/framework/web/CWebApplication.php(141): CWebApplication->runController('account/test')
#11 /Users/mac/Sites/mod02/framework/base/CApplication.php(180): CWebApplication->processRequest()
#12 /Users/mac/Sites/mod02/index.php(13): CApplication->run()
#13 {main}
REQUEST_URI=/mod02/index.php/account/test
---
2016/12/05 22:15:17 [error] [exception.CHttpException.404] CHttpException: The system is unable to find the requested action "test". in /Users/mac/Sites/mod02/framework/web/CController.php:483
Stack trace:
#0 /Users/mac/Sites/mod02/framework/web/CController.php(270): CController->missingAction('test')
#1 /Users/mac/Sites/mod02/framework/web/CWebApplication.php(282): CController->run('test')
#2 /Users/mac/Sites/mod02/framework/web/CWebApplication.php(141): CWebApplication->runController('account/test')
#3 /Users/mac/Sites/mod02/framework/base/CApplication.php(180): CWebApplication->processRequest()
#4 /Users/mac/Sites/mod02/index.php(13): CApplication->run()
#5 {main}
REQUEST_URI=/mod02/index.php/account/test
---
2016/12/05 22:17:23 [error] [exception.Error] Error: Unsupported operand types in /Users/mac/Sites/mod02/protected/controllers/AccountController.php:221
Stack trace:
#0 /Users/mac/Sites/mod02/framework/web/actions/CInlineAction.php(49): AccountController->actionRegister()
#1 /Users/mac/Sites/mod02/framework/web/CController.php(308): CInlineAction->runWithParams(Array)
#2 /Users/mac/Sites/mod02/framework/web/filters/CFilterChain.php(133): CController->runAction(Object(CInlineAction))
#3 /Users/mac/Sites/mod02/framework/web/filters/CFilter.php(40): CFilterChain->run()
#4 /Users/mac/Sites/mod02/framework/web/CController.php(1145): CFilter->filter(Object(CFilterChain))
#5 /Users/mac/Sites/mod02/framework/web/filters/CInlineFilter.php(58): CController->filterAccessControl(Object(CFilterChain))
#6 /Users/mac/Sites/mod02/framework/web/filters/CFilterChain.php(130): CInlineFilter->filter(Object(CFilterChain))
#7 /Users/mac/Sites/mod02/framework/web/CController.php(291): CFilterChain->run()
#8 /Users/mac/Sites/mod02/framework/web/CController.php(265): CController->runActionWithFilters(Object(CInlineAction), Array)
#9 /Users/mac/Sites/mod02/framework/web/CWebApplication.php(282): CController->run('register')
#10 /Users/mac/Sites/mod02/framework/web/CWebApplication.php(141): CWebApplication->runController('account/registe...')
#11 /Users/mac/Sites/mod02/framework/base/CApplication.php(180): CWebApplication->processRequest()
#12 /Users/mac/Sites/mod02/index.php(13): CApplication->run()
#13 {main}
REQUEST_URI=/mod02/index.php/account/register
HTTP_REFERER=http://localhost:8888/mod02/index.php/account/register
---
2016/12/05 22:35:29 [error] [exception.CHttpException.403] CHttpException: Login Required in /Users/mac/Sites/mod02/framework/web/auth/CWebUser.php:394
Stack trace:
#0 /Users/mac/Sites/mod02/protected/modules/admin/AdminModule.php(47): CWebUser->loginRequired()
#1 /Users/mac/Sites/mod02/framework/web/CController.php(263): AdminModule->beforeControllerAction(Object(AccountController), Object(CInlineAction))
#2 /Users/mac/Sites/mod02/framework/web/CWebApplication.php(282): CController->run('listChapterMemb...')
#3 /Users/mac/Sites/mod02/framework/web/CWebApplication.php(141): CWebApplication->runController('admin/account/l...')
#4 /Users/mac/Sites/mod02/framework/base/CApplication.php(180): CWebApplication->processRequest()
#5 /Users/mac/Sites/mod02/index.php(13): CApplication->run()
#6 {main}
REQUEST_URI=/mod02/index.php/admin/account/listChapterMembers?chapter=16
HTTP_REFERER=http://localhost:8888/mod02/index.php/account/register
---
2016/12/05 22:35:36 [error] [exception.CHttpException.403] CHttpException: Login Required in /Users/mac/Sites/mod02/framework/web/auth/CWebUser.php:394
Stack trace:
#0 /Users/mac/Sites/mod02/protected/modules/admin/AdminModule.php(47): CWebUser->loginRequired()
#1 /Users/mac/Sites/mod02/framework/web/CController.php(263): AdminModule->beforeControllerAction(Object(AccountController), Object(CInlineAction))
#2 /Users/mac/Sites/mod02/framework/web/CWebApplication.php(282): CController->run('listChapterMemb...')
#3 /Users/mac/Sites/mod02/framework/web/CWebApplication.php(141): CWebApplication->runController('admin/account/l...')
#4 /Users/mac/Sites/mod02/framework/base/CApplication.php(180): CWebApplication->processRequest()
#5 /Users/mac/Sites/mod02/index.php(13): CApplication->run()
#6 {main}
REQUEST_URI=/mod02/index.php/admin/account/listChapterMembers?chapter=334
HTTP_REFERER=http://localhost:8888/mod02/index.php/account/register
---
2016/12/05 22:38:15 [error] [exception.CHttpException.403] CHttpException: Login Required in /Users/mac/Sites/mod02/framework/web/auth/CWebUser.php:394
Stack trace:
#0 /Users/mac/Sites/mod02/protected/modules/admin/AdminModule.php(47): CWebUser->loginRequired()
#1 /Users/mac/Sites/mod02/framework/web/CController.php(263): AdminModule->beforeControllerAction(Object(AccountController), Object(CInlineAction))
#2 /Users/mac/Sites/mod02/framework/web/CWebApplication.php(282): CController->run('listChapterMemb...')
#3 /Users/mac/Sites/mod02/framework/web/CWebApplication.php(141): CWebApplication->runController('admin/account/l...')
#4 /Users/mac/Sites/mod02/framework/base/CApplication.php(180): CWebApplication->processRequest()
#5 /Users/mac/Sites/mod02/index.php(13): CApplication->run()
#6 {main}
REQUEST_URI=/mod02/index.php/admin/account/listChapterMembers?chapter=345
HTTP_REFERER=http://localhost:8888/mod02/index.php/account/register
---
2016/12/05 22:38:24 [error] [exception.CHttpException.403] CHttpException: Login Required in /Users/mac/Sites/mod02/framework/web/auth/CWebUser.php:394
Stack trace:
#0 /Users/mac/Sites/mod02/protected/modules/admin/AdminModule.php(47): CWebUser->loginRequired()
#1 /Users/mac/Sites/mod02/framework/web/CController.php(263): AdminModule->beforeControllerAction(Object(AccountController), Object(CInlineAction))
#2 /Users/mac/Sites/mod02/framework/web/CWebApplication.php(282): CController->run('listChapterMemb...')
#3 /Users/mac/Sites/mod02/framework/web/CWebApplication.php(141): CWebApplication->runController('admin/account/l...')
#4 /Users/mac/Sites/mod02/framework/base/CApplication.php(180): CWebApplication->processRequest()
#5 /Users/mac/Sites/mod02/index.php(13): CApplication->run()
#6 {main}
REQUEST_URI=/mod02/index.php/admin/account/listChapterMembers?chapter=21
HTTP_REFERER=http://localhost:8888/mod02/index.php/account/register
---
2016/12/05 22:38:31 [error] [exception.CHttpException.403] CHttpException: Login Required in /Users/mac/Sites/mod02/framework/web/auth/CWebUser.php:394
Stack trace:
#0 /Users/mac/Sites/mod02/protected/modules/admin/AdminModule.php(47): CWebUser->loginRequired()
#1 /Users/mac/Sites/mod02/framework/web/CController.php(263): AdminModule->beforeControllerAction(Object(AccountController), Object(CInlineAction))
#2 /Users/mac/Sites/mod02/framework/web/CWebApplication.php(282): CController->run('listChapterMemb...')
#3 /Users/mac/Sites/mod02/framework/web/CWebApplication.php(141): CWebApplication->runController('admin/account/l...')
#4 /Users/mac/Sites/mod02/framework/base/CApplication.php(180): CWebApplication->processRequest()
#5 /Users/mac/Sites/mod02/index.php(13): CApplication->run()
#6 {main}
REQUEST_URI=/mod02/index.php/admin/account/listChapterMembers?chapter=16
HTTP_REFERER=http://localhost:8888/mod02/index.php/account/register
---
2016/12/05 22:52:07 [error] [exception.CHttpException.403] CHttpException: Login Required in /Users/mac/Sites/mod02/framework/web/auth/CWebUser.php:394
Stack trace:
#0 /Users/mac/Sites/mod02/protected/modules/admin/AdminModule.php(47): CWebUser->loginRequired()
#1 /Users/mac/Sites/mod02/framework/web/CController.php(263): AdminModule->beforeControllerAction(Object(AccountController), Object(CInlineAction))
#2 /Users/mac/Sites/mod02/framework/web/CWebApplication.php(282): CController->run('listChapterMemb...')
#3 /Users/mac/Sites/mod02/framework/web/CWebApplication.php(141): CWebApplication->runController('admin/account/l...')
#4 /Users/mac/Sites/mod02/framework/base/CApplication.php(180): CWebApplication->processRequest()
#5 /Users/mac/Sites/mod02/index.php(13): CApplication->run()
#6 {main}
REQUEST_URI=/mod02/index.php/admin/account/listChapterMembers?chapter=334
HTTP_REFERER=http://localhost:8888/mod02/index.php/account/updatePosition/413
---
2016/12/05 22:52:10 [error] [php] Missing argument 2 for CWebUser::setFlash(), called in /Users/mac/Sites/mod02/protected/controllers/AccountController.php on line 1137 and defined (/Users/mac/Sites/mod02/framework/web/auth/CWebUser.php:682)
Stack trace:
#0 /Users/mac/Sites/mod02/framework/web/actions/CAction.php(108): ReflectionMethod->invokeArgs()
#1 /Users/mac/Sites/mod02/framework/web/actions/CInlineAction.php(47): CInlineAction->runWithParamsInternal()
#2 /Users/mac/Sites/mod02/framework/web/CController.php(308): CInlineAction->runWithParams()
#3 /Users/mac/Sites/mod02/framework/web/filters/CFilterChain.php(133): AccountController->runAction()
#4 /Users/mac/Sites/mod02/framework/web/filters/CFilter.php(40): CFilterChain->run()
#5 /Users/mac/Sites/mod02/framework/web/CController.php(1145): CAccessControlFilter->filter()
#6 /Users/mac/Sites/mod02/framework/web/filters/CInlineFilter.php(58): AccountController->filterAccessControl()
#7 /Users/mac/Sites/mod02/framework/web/filters/CFilterChain.php(130): CInlineFilter->filter()
#8 /Users/mac/Sites/mod02/framework/web/CController.php(291): CFilterChain->run()
#9 /Users/mac/Sites/mod02/framework/web/CController.php(265): AccountController->runActionWithFilters()
#10 /Users/mac/Sites/mod02/framework/web/CWebApplication.php(282): AccountController->run()
#11 /Users/mac/Sites/mod02/framework/web/CWebApplication.php(141): CWebApplication->runController()
#12 /Users/mac/Sites/mod02/framework/base/CApplication.php(180): CWebApplication->processRequest()
#13 /Users/mac/Sites/mod02/index.php(13): CWebApplication->run()
REQUEST_URI=/mod02/index.php/account/updatePosition/413
in /Users/mac/Sites/mod02/protected/controllers/AccountController.php (1137)
in /Users/mac/Sites/mod02/index.php (13)
2016/12/05 22:52:54 [error] [exception.CHttpException.403] CHttpException: Login Required in /Users/mac/Sites/mod02/framework/web/auth/CWebUser.php:394
Stack trace:
#0 /Users/mac/Sites/mod02/protected/modules/admin/AdminModule.php(47): CWebUser->loginRequired()
#1 /Users/mac/Sites/mod02/framework/web/CController.php(263): AdminModule->beforeControllerAction(Object(AccountController), Object(CInlineAction))
#2 /Users/mac/Sites/mod02/framework/web/CWebApplication.php(282): CController->run('listChapterMemb...')
#3 /Users/mac/Sites/mod02/framework/web/CWebApplication.php(141): CWebApplication->runController('admin/account/l...')
#4 /Users/mac/Sites/mod02/framework/base/CApplication.php(180): CWebApplication->processRequest()
#5 /Users/mac/Sites/mod02/index.php(13): CApplication->run()
#6 {main}
REQUEST_URI=/mod02/index.php/admin/account/listChapterMembers?chapter=334
HTTP_REFERER=http://localhost:8888/mod02/index.php/account/updatePosition/413
---
2016/12/05 22:59:15 [error] [exception.CHttpException.403] CHttpException: Login Required in /Users/mac/Sites/mod02/framework/web/auth/CWebUser.php:394
Stack trace:
#0 /Users/mac/Sites/mod02/protected/modules/admin/AdminModule.php(47): CWebUser->loginRequired()
#1 /Users/mac/Sites/mod02/framework/web/CController.php(263): AdminModule->beforeControllerAction(Object(AccountController), Object(CInlineAction))
#2 /Users/mac/Sites/mod02/framework/web/CWebApplication.php(282): CController->run('listChapterMemb...')
#3 /Users/mac/Sites/mod02/framework/web/CWebApplication.php(141): CWebApplication->runController('admin/account/l...')
#4 /Users/mac/Sites/mod02/framework/base/CApplication.php(180): CWebApplication->processRequest()
#5 /Users/mac/Sites/mod02/index.php(13): CApplication->run()
#6 {main}
REQUEST_URI=/mod02/index.php/admin/account/listChapterMembers?chapter=334
HTTP_REFERER=http://localhost:8888/mod02/index.php/site/resetposition
---
2016/12/05 22:59:15 [error] [exception.CHttpException.403] CHttpException: Login Required in /Users/mac/Sites/mod02/framework/web/auth/CWebUser.php:394
Stack trace:
#0 /Users/mac/Sites/mod02/protected/modules/admin/AdminModule.php(47): CWebUser->loginRequired()
#1 /Users/mac/Sites/mod02/framework/web/CController.php(263): AdminModule->beforeControllerAction(Object(AccountController), Object(CInlineAction))
#2 /Users/mac/Sites/mod02/framework/web/CWebApplication.php(282): CController->run('listChapterMemb...')
#3 /Users/mac/Sites/mod02/framework/web/CWebApplication.php(141): CWebApplication->runController('admin/account/l...')
#4 /Users/mac/Sites/mod02/framework/base/CApplication.php(180): CWebApplication->processRequest()
#5 /Users/mac/Sites/mod02/index.php(13): CApplication->run()
#6 {main}
REQUEST_URI=/mod02/index.php/admin/account/listChapterMembers?chapter=334
HTTP_REFERER=http://localhost:8888/mod02/index.php/site/resetposition
---
2016/12/05 23:00:36 [error] [exception.CHttpException.403] CHttpException: Login Required in /Users/mac/Sites/mod02/framework/web/auth/CWebUser.php:394
Stack trace:
#0 /Users/mac/Sites/mod02/protected/modules/admin/AdminModule.php(47): CWebUser->loginRequired()
#1 /Users/mac/Sites/mod02/framework/web/CController.php(263): AdminModule->beforeControllerAction(Object(AccountController), Object(CInlineAction))
#2 /Users/mac/Sites/mod02/framework/web/CWebApplication.php(282): CController->run('listChapterMemb...')
#3 /Users/mac/Sites/mod02/framework/web/CWebApplication.php(141): CWebApplication->runController('admin/account/l...')
#4 /Users/mac/Sites/mod02/framework/base/CApplication.php(180): CWebApplication->processRequest()
#5 /Users/mac/Sites/mod02/index.php(13): CApplication->run()
#6 {main}
REQUEST_URI=/mod02/index.php/admin/account/listChapterMembers?chapter=334
HTTP_REFERER=http://localhost:8888/mod02/index.php/site/resetposition
---
2016/12/05 23:00:36 [error] [exception.CHttpException.403] CHttpException: Login Required in /Users/mac/Sites/mod02/framework/web/auth/CWebUser.php:394
Stack trace:
#0 /Users/mac/Sites/mod02/protected/modules/admin/AdminModule.php(47): CWebUser->loginRequired()
#1 /Users/mac/Sites/mod02/framework/web/CController.php(263): AdminModule->beforeControllerAction(Object(AccountController), Object(CInlineAction))
#2 /Users/mac/Sites/mod02/framework/web/CWebApplication.php(282): CController->run('listChapterMemb...')
#3 /Users/mac/Sites/mod02/framework/web/CWebApplication.php(141): CWebApplication->runController('admin/account/l...')
#4 /Users/mac/Sites/mod02/framework/base/CApplication.php(180): CWebApplication->processRequest()
#5 /Users/mac/Sites/mod02/index.php(13): CApplication->run()
#6 {main}
REQUEST_URI=/mod02/index.php/admin/account/listChapterMembers?chapter=334
HTTP_REFERER=http://localhost:8888/mod02/index.php/site/resetposition
---
2016/12/06 21:27:44 [error] [php] Trying to get property of non-object (/Users/mac/Sites/mod02/protected/modules/admin/views/userBusiness/_list_user_businesses.php:3)
Stack trace:
#0 /Users/mac/Sites/mod02/framework/zii/widgets/CListView.php(291): UserBusinessController->renderFile()
#1 /Users/mac/Sites/mod02/framework/zii/widgets/CBaseListView.php(167): CListView->renderItems()
#2 unknown(0): CListView->renderSection()
#3 /Users/mac/Sites/mod02/framework/zii/widgets/CBaseListView.php(150): preg_replace_callback()
#4 /Users/mac/Sites/mod02/framework/zii/widgets/CBaseListView.php(135): CListView->renderContent()
#5 /Users/mac/Sites/mod02/framework/web/CBaseController.php(173): CListView->run()
#6 /Users/mac/Sites/mod02/protected/modules/admin/views/userBusiness/index.php(151): UserBusinessController->widget()
#7 /Users/mac/Sites/mod02/framework/web/CBaseController.php(126): require()
#8 /Users/mac/Sites/mod02/framework/web/CBaseController.php(95): UserBusinessController->renderInternal()
#9 /Users/mac/Sites/mod02/framework/web/CController.php(869): UserBusinessController->renderFile()
#10 /Users/mac/Sites/mod02/framework/web/CController.php(782): UserBusinessController->renderPartial()
#11 /Users/mac/Sites/mod02/protected/modules/admin/controllers/UserBusinessController.php(158): UserBusinessController->render()
#12 /Users/mac/Sites/mod02/framework/web/actions/CInlineAction.php(49): UserBusinessController->actionIndex()
#13 /Users/mac/Sites/mod02/framework/web/CController.php(308): CInlineAction->runWithParams()
#14 /Users/mac/Sites/mod02/framework/web/filters/CFilterChain.php(133): UserBusinessController->runAction()
#15 /Users/mac/Sites/mod02/framework/web/filters/CFilter.php(40): CFilterChain->run()
#16 /Users/mac/Sites/mod02/framework/web/CController.php(1145): CAccessControlFilter->filter()
#17 /Users/mac/Sites/mod02/framework/web/filters/CInlineFilter.php(58): UserBusinessController->filterAccessControl()
#18 /Users/mac/Sites/mod02/framework/web/filters/CFilterChain.php(130): CInlineFilter->filter()
#19 /Users/mac/Sites/mod02/framework/web/CController.php(291): CFilterChain->run()
#20 /Users/mac/Sites/mod02/framework/web/CController.php(265): UserBusinessController->runActionWithFilters()
#21 /Users/mac/Sites/mod02/framework/web/CWebApplication.php(282): UserBusinessController->run()
#22 /Users/mac/Sites/mod02/framework/web/CWebApplication.php(141): CWebApplication->runController()
#23 /Users/mac/Sites/mod02/framework/base/CApplication.php(180): CWebApplication->processRequest()
#24 /Users/mac/Sites/mod02/index.php(13): CWebApplication->run()
REQUEST_URI=/mod02/index.php/admin/userBusiness/index
in /Users/mac/Sites/mod02/protected/modules/admin/views/userBusiness/_list_user_businesses.php (3)
in /Users/mac/Sites/mod02/protected/modules/admin/views/userBusiness/index.php (151)
in /Users/mac/Sites/mod02/protected/modules/admin/controllers/UserBusinessController.php (158)
2016/12/06 21:27:50 [error] [php] Undefined variable: event (/Users/mac/Sites/mod02/protected/modules/admin/views/event/index.php:122)
Stack trace:
#0 /Users/mac/Sites/mod02/framework/web/CController.php(869): EventController->renderFile()
#1 /Users/mac/Sites/mod02/framework/web/CController.php(782): EventController->renderPartial()
#2 /Users/mac/Sites/mod02/protected/modules/admin/controllers/EventController.php(391): EventController->render()
#3 /Users/mac/Sites/mod02/framework/web/actions/CInlineAction.php(49): EventController->actionIndex()
#4 /Users/mac/Sites/mod02/framework/web/CController.php(308): CInlineAction->runWithParams()
#5 /Users/mac/Sites/mod02/framework/web/filters/CFilterChain.php(133): EventController->runAction()
#6 /Users/mac/Sites/mod02/framework/web/filters/CFilter.php(40): CFilterChain->run()
#7 /Users/mac/Sites/mod02/framework/web/CController.php(1145): CAccessControlFilter->filter()
#8 /Users/mac/Sites/mod02/framework/web/filters/CInlineFilter.php(58): EventController->filterAccessControl()
#9 /Users/mac/Sites/mod02/framework/web/filters/CFilterChain.php(130): CInlineFilter->filter()
#10 /Users/mac/Sites/mod02/framework/web/CController.php(291): CFilterChain->run()
#11 /Users/mac/Sites/mod02/framework/web/CController.php(265): EventController->runActionWithFilters()
#12 /Users/mac/Sites/mod02/framework/web/CWebApplication.php(282): EventController->run()
#13 /Users/mac/Sites/mod02/framework/web/CWebApplication.php(141): CWebApplication->runController()
#14 /Users/mac/Sites/mod02/framework/base/CApplication.php(180): CWebApplication->processRequest()
#15 /Users/mac/Sites/mod02/index.php(13): CWebApplication->run()
REQUEST_URI=/mod02/index.php/admin/event/index
in /Users/mac/Sites/mod02/protected/modules/admin/views/event/index.php (122)
in /Users/mac/Sites/mod02/protected/modules/admin/controllers/EventController.php (391)
in /Users/mac/Sites/mod02/index.php (13)
2016/12/06 21:43:20 [error] [exception.CHttpException.400] CHttpException: Your request is invalid. in /Users/mac/Sites/mod02/framework/web/CController.php:336
Stack trace:
#0 /Users/mac/Sites/mod02/framework/web/CController.php(309): CController->invalidActionParams(Object(CInlineAction))
#1 /Users/mac/Sites/mod02/framework/web/CController.php(286): CController->runAction(Object(CInlineAction))
#2 /Users/mac/Sites/mod02/framework/web/CController.php(265): CController->runActionWithFilters(Object(CInlineAction), Array)
#3 /Users/mac/Sites/mod02/framework/web/CWebApplication.php(282): CController->run('listchapters')
#4 /Users/mac/Sites/mod02/framework/web/CWebApplication.php(141): CWebApplication->runController('admin/default/l...')
#5 /Users/mac/Sites/mod02/framework/base/CApplication.php(180): CWebApplication->processRequest()
#6 /Users/mac/Sites/mod02/index.php(13): CApplication->run()
#7 {main}
REQUEST_URI=/mod02/index.php/admin/default/listchapters
---
2016/12/06 21:43:36 [error] [exception.CHttpException.400] CHttpException: Your request is invalid. in /Users/mac/Sites/mod02/framework/web/CController.php:336
Stack trace:
#0 /Users/mac/Sites/mod02/framework/web/CController.php(309): CController->invalidActionParams(Object(CInlineAction))
#1 /Users/mac/Sites/mod02/framework/web/CController.php(286): CController->runAction(Object(CInlineAction))
#2 /Users/mac/Sites/mod02/framework/web/CController.php(265): CController->runActionWithFilters(Object(CInlineAction), Array)
#3 /Users/mac/Sites/mod02/framework/web/CWebApplication.php(282): CController->run('listChapters')
#4 /Users/mac/Sites/mod02/framework/web/CWebApplication.php(141): CWebApplication->runController('admin/default/l...')
#5 /Users/mac/Sites/mod02/framework/base/CApplication.php(180): CWebApplication->processRequest()
#6 /Users/mac/Sites/mod02/index.php(13): CApplication->run()
#7 {main}
REQUEST_URI=/mod02/index.php/admin/default/listChapters
---
2016/12/06 21:45:13 [error] [php] Trying to get property of non-object (/Users/mac/Sites/mod02/protected/modules/admin/views/userBusiness/_list_user_businesses.php:3)
Stack trace:
#0 /Users/mac/Sites/mod02/framework/zii/widgets/CListView.php(291): UserBusinessController->renderFile()
#1 /Users/mac/Sites/mod02/framework/zii/widgets/CBaseListView.php(167): CListView->renderItems()
#2 unknown(0): CListView->renderSection()
#3 /Users/mac/Sites/mod02/framework/zii/widgets/CBaseListView.php(150): preg_replace_callback()
#4 /Users/mac/Sites/mod02/framework/zii/widgets/CBaseListView.php(135): CListView->renderContent()
#5 /Users/mac/Sites/mod02/framework/web/CBaseController.php(173): CListView->run()
#6 /Users/mac/Sites/mod02/protected/modules/admin/views/userBusiness/index.php(151): UserBusinessController->widget()
#7 /Users/mac/Sites/mod02/framework/web/CBaseController.php(126): require()
#8 /Users/mac/Sites/mod02/framework/web/CBaseController.php(95): UserBusinessController->renderInternal()
#9 /Users/mac/Sites/mod02/framework/web/CController.php(869): UserBusinessController->renderFile()
#10 /Users/mac/Sites/mod02/framework/web/CController.php(782): UserBusinessController->renderPartial()
#11 /Users/mac/Sites/mod02/protected/modules/admin/controllers/UserBusinessController.php(158): UserBusinessController->render()
#12 /Users/mac/Sites/mod02/framework/web/actions/CInlineAction.php(49): UserBusinessController->actionIndex()
#13 /Users/mac/Sites/mod02/framework/web/CController.php(308): CInlineAction->runWithParams()
#14 /Users/mac/Sites/mod02/framework/web/filters/CFilterChain.php(133): UserBusinessController->runAction()
#15 /Users/mac/Sites/mod02/framework/web/filters/CFilter.php(40): CFilterChain->run()
#16 /Users/mac/Sites/mod02/framework/web/CController.php(1145): CAccessControlFilter->filter()
#17 /Users/mac/Sites/mod02/framework/web/filters/CInlineFilter.php(58): UserBusinessController->filterAccessControl()
#18 /Users/mac/Sites/mod02/framework/web/filters/CFilterChain.php(130): CInlineFilter->filter()
#19 /Users/mac/Sites/mod02/framework/web/CController.php(291): CFilterChain->run()
#20 /Users/mac/Sites/mod02/framework/web/CController.php(265): UserBusinessController->runActionWithFilters()
#21 /Users/mac/Sites/mod02/framework/web/CWebApplication.php(282): UserBusinessController->run()
#22 /Users/mac/Sites/mod02/framework/web/CWebApplication.php(141): CWebApplication->runController()
#23 /Users/mac/Sites/mod02/framework/base/CApplication.php(180): CWebApplication->processRequest()
#24 /Users/mac/Sites/mod02/index.php(13): CWebApplication->run()
REQUEST_URI=/mod02/index.php/admin/userBusiness/index
in /Users/mac/Sites/mod02/protected/modules/admin/views/userBusiness/_list_user_businesses.php (3)
in /Users/mac/Sites/mod02/protected/modules/admin/views/userBusiness/index.php (151)
in /Users/mac/Sites/mod02/protected/modules/admin/controllers/UserBusinessController.php (158)
2016/12/06 21:52:10 [error] [exception.ParseError] ParseError: syntax error, unexpected end of file, expecting function (T_FUNCTION) in /Users/mac/Sites/mod02/protected/modules/admin/controllers/ChaptersController.php:20
Stack trace:
#0 /Users/mac/Sites/mod02/framework/web/CWebApplication.php(338): CWebApplication->createController('', Object(AdminModule))
#1 /Users/mac/Sites/mod02/framework/web/CWebApplication.php(276): CWebApplication->createController('chapters/')
#2 /Users/mac/Sites/mod02/framework/web/CWebApplication.php(141): CWebApplication->runController('admin/chapters')
#3 /Users/mac/Sites/mod02/framework/base/CApplication.php(180): CWebApplication->processRequest()
#4 /Users/mac/Sites/mod02/index.php(13): CApplication->run()
#5 {main}
REQUEST_URI=/mod02/index.php/admin/chapters
---
2016/12/06 21:52:33 [error] [exception.ParseError] ParseError: syntax error, unexpected end of file, expecting function (T_FUNCTION) in /Users/mac/Sites/mod02/protected/modules/admin/controllers/ChaptersController.php:20
Stack trace:
#0 /Users/mac/Sites/mod02/framework/web/CWebApplication.php(338): CWebApplication->createController('', Object(AdminModule))
#1 /Users/mac/Sites/mod02/framework/web/CWebApplication.php(276): CWebApplication->createController('chapters/')
#2 /Users/mac/Sites/mod02/framework/web/CWebApplication.php(141): CWebApplication->runController('admin/chapters')
#3 /Users/mac/Sites/mod02/framework/base/CApplication.php(180): CWebApplication->processRequest()
#4 /Users/mac/Sites/mod02/index.php(13): CApplication->run()
#5 {main}
REQUEST_URI=/mod02/index.php/admin/chapters
---
2016/12/06 21:52:40 [error] [exception.ParseError] ParseError: syntax error, unexpected end of file, expecting function (T_FUNCTION) in /Users/mac/Sites/mod02/protected/modules/admin/controllers/ChaptersController.php:20
Stack trace:
#0 /Users/mac/Sites/mod02/framework/web/CWebApplication.php(338): CWebApplication->createController('', Object(AdminModule))
#1 /Users/mac/Sites/mod02/framework/web/CWebApplication.php(276): CWebApplication->createController('chapters/')
#2 /Users/mac/Sites/mod02/framework/web/CWebApplication.php(141): CWebApplication->runController('admin/chapters')
#3 /Users/mac/Sites/mod02/framework/base/CApplication.php(180): CWebApplication->processRequest()
#4 /Users/mac/Sites/mod02/index.php(13): CApplication->run()
#5 {main}
REQUEST_URI=/mod02/index.php/admin/chapters
---
2016/12/06 21:52:58 [error] [php] Undefined variable: event (/Users/mac/Sites/mod02/protected/modules/admin/views/event/index.php:122)
Stack trace:
#0 /Users/mac/Sites/mod02/framework/web/CController.php(869): EventController->renderFile()
#1 /Users/mac/Sites/mod02/framework/web/CController.php(782): EventController->renderPartial()
#2 /Users/mac/Sites/mod02/protected/modules/admin/controllers/EventController.php(391): EventController->render()
#3 /Users/mac/Sites/mod02/framework/web/actions/CInlineAction.php(49): EventController->actionIndex()
#4 /Users/mac/Sites/mod02/framework/web/CController.php(308): CInlineAction->runWithParams()
#5 /Users/mac/Sites/mod02/framework/web/filters/CFilterChain.php(133): EventController->runAction()
#6 /Users/mac/Sites/mod02/framework/web/filters/CFilter.php(40): CFilterChain->run()
#7 /Users/mac/Sites/mod02/framework/web/CController.php(1145): CAccessControlFilter->filter()
#8 /Users/mac/Sites/mod02/framework/web/filters/CInlineFilter.php(58): EventController->filterAccessControl()
#9 /Users/mac/Sites/mod02/framework/web/filters/CFilterChain.php(130): CInlineFilter->filter()
#10 /Users/mac/Sites/mod02/framework/web/CController.php(291): CFilterChain->run()
#11 /Users/mac/Sites/mod02/framework/web/CController.php(265): EventController->runActionWithFilters()
#12 /Users/mac/Sites/mod02/framework/web/CWebApplication.php(282): EventController->run()
#13 /Users/mac/Sites/mod02/framework/web/CWebApplication.php(141): CWebApplication->runController()
#14 /Users/mac/Sites/mod02/framework/base/CApplication.php(180): CWebApplication->processRequest()
#15 /Users/mac/Sites/mod02/index.php(13): CWebApplication->run()
REQUEST_URI=/mod02/index.php/admin/event/index
in /Users/mac/Sites/mod02/protected/modules/admin/views/event/index.php (122)
in /Users/mac/Sites/mod02/protected/modules/admin/controllers/EventController.php (391)
in /Users/mac/Sites/mod02/index.php (13)
2016/12/06 21:53:04 [error] [exception.ParseError] ParseError: syntax error, unexpected end of file, expecting function (T_FUNCTION) in /Users/mac/Sites/mod02/protected/modules/admin/controllers/ChaptersController.php:20
Stack trace:
#0 /Users/mac/Sites/mod02/framework/web/CWebApplication.php(338): CWebApplication->createController('index/', Object(AdminModule))
#1 /Users/mac/Sites/mod02/framework/web/CWebApplication.php(276): CWebApplication->createController('chapters/index/')
#2 /Users/mac/Sites/mod02/framework/web/CWebApplication.php(141): CWebApplication->runController('admin/chapters/...')
#3 /Users/mac/Sites/mod02/framework/base/CApplication.php(180): CWebApplication->processRequest()
#4 /Users/mac/Sites/mod02/index.php(13): CApplication->run()
#5 {main}
REQUEST_URI=/mod02/index.php/admin/chapters/index
---
2016/12/06 21:53:26 [error] [exception.CException] CException: ChaptersController cannot find the requested view "chapters". in /Users/mac/Sites/mod02/framework/web/CController.php:878
Stack trace:
#0 /Users/mac/Sites/mod02/framework/web/CController.php(782): CController->renderPartial('chapters', Array, true)
#1 /Users/mac/Sites/mod02/protected/modules/admin/controllers/ChaptersController.php(17): CController->render('chapters', Array)
#2 [internal function]: ChaptersController->actionIndex(NULL, NULL)
#3 /Users/mac/Sites/mod02/framework/web/actions/CAction.php(108): ReflectionMethod->invokeArgs(Object(ChaptersController), Array)
#4 /Users/mac/Sites/mod02/framework/web/actions/CInlineAction.php(47): CAction->runWithParamsInternal(Object(ChaptersController), Object(ReflectionMethod), Array)
#5 /Users/mac/Sites/mod02/framework/web/CController.php(308): CInlineAction->runWithParams(Array)
#6 /Users/mac/Sites/mod02/framework/web/CController.php(286): CController->runAction(Object(CInlineAction))
#7 /Users/mac/Sites/mod02/framework/web/CController.php(265): CController->runActionWithFilters(Object(CInlineAction), Array)
#8 /Users/mac/Sites/mod02/framework/web/CWebApplication.php(282): CController->run('index')
#9 /Users/mac/Sites/mod02/framework/web/CWebApplication.php(141): CWebApplication->runController('admin/chapters/...')
#10 /Users/mac/Sites/mod02/framework/base/CApplication.php(180): CWebApplication->processRequest()
#11 /Users/mac/Sites/mod02/index.php(13): CApplication->run()
#12 {main}
REQUEST_URI=/mod02/index.php/admin/chapters/index
---
2016/12/06 21:53:37 [error] [php] require(): Filename cannot be empty (/Users/mac/Sites/mod02/framework/web/CBaseController.php:130)
Stack trace:
#0 /Users/mac/Sites/mod02/framework/zii/widgets/CListView.php(291): ChaptersController->renderFile()
#1 /Users/mac/Sites/mod02/framework/zii/widgets/CBaseListView.php(167): CListView->renderItems()
#2 unknown(0): CListView->renderSection()
#3 /Users/mac/Sites/mod02/framework/zii/widgets/CBaseListView.php(150): preg_replace_callback()
#4 /Users/mac/Sites/mod02/framework/zii/widgets/CBaseListView.php(135): CListView->renderContent()
#5 /Users/mac/Sites/mod02/framework/web/CBaseController.php(173): CListView->run()
#6 /Users/mac/Sites/mod02/protected/modules/admin/views/chapters/index.php(93): ChaptersController->widget()
#7 /Users/mac/Sites/mod02/framework/web/CBaseController.php(126): require()
#8 /Users/mac/Sites/mod02/framework/web/CBaseController.php(95): ChaptersController->renderInternal()
#9 /Users/mac/Sites/mod02/framework/web/CController.php(869): ChaptersController->renderFile()
#10 /Users/mac/Sites/mod02/framework/web/CController.php(782): ChaptersController->renderPartial()
#11 /Users/mac/Sites/mod02/protected/modules/admin/controllers/ChaptersController.php(17): ChaptersController->render()
#12 unknown(0): ChaptersController->actionIndex()
#13 /Users/mac/Sites/mod02/framework/web/actions/CAction.php(108): ReflectionMethod->invokeArgs()
#14 /Users/mac/Sites/mod02/framework/web/actions/CInlineAction.php(47): CInlineAction->runWithParamsInternal()
#15 /Users/mac/Sites/mod02/framework/web/CController.php(308): CInlineAction->runWithParams()
#16 /Users/mac/Sites/mod02/framework/web/CController.php(286): ChaptersController->runAction()
#17 /Users/mac/Sites/mod02/framework/web/CController.php(265): ChaptersController->runActionWithFilters()
#18 /Users/mac/Sites/mod02/framework/web/CWebApplication.php(282): ChaptersController->run()
#19 /Users/mac/Sites/mod02/framework/web/CWebApplication.php(141): CWebApplication->runController()
#20 /Users/mac/Sites/mod02/framework/base/CApplication.php(180): CWebApplication->processRequest()
#21 /Users/mac/Sites/mod02/index.php(13): CWebApplication->run()
REQUEST_URI=/mod02/index.php/admin/chapters/index
in /Users/mac/Sites/mod02/protected/modules/admin/views/chapters/index.php (93)
in /Users/mac/Sites/mod02/protected/modules/admin/controllers/ChaptersController.php (17)
in /Users/mac/Sites/mod02/index.php (13)
2016/12/06 21:55:22 [error] [system.db.CDbCommand] CDbCommand::fetchAll() failed: SQLSTATE[42000]: Syntax error or access violation: 1064 You have an error in your SQL syntax; check the manual that corresponds to your MySQL server version for the right syntax to use near 'region_id ASC' at line 1. The SQL statement executed was: SELECT * FROM `jci_chapter` `t` ORDER BY area_no ASC region_id ASC.
in /Users/mac/Sites/mod02/protected/modules/admin/controllers/ChaptersController.php (8)
in /Users/mac/Sites/mod02/index.php (13)
2016/12/06 21:55:22 [error] [exception.CDbException] CDbException: CDbCommand failed to execute the SQL statement: SQLSTATE[42000]: Syntax error or access violation: 1064 You have an error in your SQL syntax; check the manual that corresponds to your MySQL server version for the right syntax to use near 'region_id ASC' at line 1. The SQL statement executed was: SELECT * FROM `jci_chapter` `t` ORDER BY area_no ASC region_id ASC in /Users/mac/Sites/mod02/framework/db/CDbCommand.php:543
Stack trace:
#0 /Users/mac/Sites/mod02/framework/db/CDbCommand.php(396): CDbCommand->queryInternal('fetchAll', Array, Array)
#1 /Users/mac/Sites/mod02/framework/db/ar/CActiveRecord.php(1351): CDbCommand->queryAll()
#2 /Users/mac/Sites/mod02/framework/db/ar/CActiveRecord.php(1470): CActiveRecord->query(Object(CDbCriteria), true)
#3 /Users/mac/Sites/mod02/protected/modules/admin/controllers/ChaptersController.php(8): CActiveRecord->findAll(Array)
#4 [internal function]: ChaptersController->actionIndex(NULL, NULL)
#5 /Users/mac/Sites/mod02/framework/web/actions/CAction.php(108): ReflectionMethod->invokeArgs(Object(ChaptersController), Array)
#6 /Users/mac/Sites/mod02/framework/web/actions/CInlineAction.php(47): CAction->runWithParamsInternal(Object(ChaptersController), Object(ReflectionMethod), Array)
#7 /Users/mac/Sites/mod02/framework/web/CController.php(308): CInlineAction->runWithParams(Array)
#8 /Users/mac/Sites/mod02/framework/web/CController.php(286): CController->runAction(Object(CInlineAction))
#9 /Users/mac/Sites/mod02/framework/web/CController.php(265): CController->runActionWithFilters(Object(CInlineAction), Array)
#10 /Users/mac/Sites/mod02/framework/web/CWebApplication.php(282): CController->run('index')
#11 /Users/mac/Sites/mod02/framework/web/CWebApplication.php(141): CWebApplication->runController('admin/chapters/...')
#12 /Users/mac/Sites/mod02/framework/base/CApplication.php(180): CWebApplication->processRequest()
#13 /Users/mac/Sites/mod02/index.php(13): CApplication->run()
#14 {main}
REQUEST_URI=/mod02/index.php/admin/chapters/index
---
2016/12/06 21:55:33 [error] [system.db.CDbCommand] CDbCommand::fetchAll() failed: SQLSTATE[42000]: Syntax error or access violation: 1064 You have an error in your SQL syntax; check the manual that corresponds to your MySQL server version for the right syntax to use near 'AND region_id ASC' at line 1. The SQL statement executed was: SELECT * FROM `jci_chapter` `t` ORDER BY area_no ASC AND region_id ASC.
in /Users/mac/Sites/mod02/protected/modules/admin/controllers/ChaptersController.php (8)
in /Users/mac/Sites/mod02/index.php (13)
2016/12/06 21:55:33 [error] [exception.CDbException] CDbException: CDbCommand failed to execute the SQL statement: SQLSTATE[42000]: Syntax error or access violation: 1064 You have an error in your SQL syntax; check the manual that corresponds to your MySQL server version for the right syntax to use near 'AND region_id ASC' at line 1. The SQL statement executed was: SELECT * FROM `jci_chapter` `t` ORDER BY area_no ASC AND region_id ASC in /Users/mac/Sites/mod02/framework/db/CDbCommand.php:543
Stack trace:
#0 /Users/mac/Sites/mod02/framework/db/CDbCommand.php(396): CDbCommand->queryInternal('fetchAll', Array, Array)
#1 /Users/mac/Sites/mod02/framework/db/ar/CActiveRecord.php(1351): CDbCommand->queryAll()
#2 /Users/mac/Sites/mod02/framework/db/ar/CActiveRecord.php(1470): CActiveRecord->query(Object(CDbCriteria), true)
#3 /Users/mac/Sites/mod02/protected/modules/admin/controllers/ChaptersController.php(8): CActiveRecord->findAll(Array)
#4 [internal function]: ChaptersController->actionIndex(NULL, NULL)
#5 /Users/mac/Sites/mod02/framework/web/actions/CAction.php(108): ReflectionMethod->invokeArgs(Object(ChaptersController), Array)
#6 /Users/mac/Sites/mod02/framework/web/actions/CInlineAction.php(47): CAction->runWithParamsInternal(Object(ChaptersController), Object(ReflectionMethod), Array)
#7 /Users/mac/Sites/mod02/framework/web/CController.php(308): CInlineAction->runWithParams(Array)
#8 /Users/mac/Sites/mod02/framework/web/CController.php(286): CController->runAction(Object(CInlineAction))
#9 /Users/mac/Sites/mod02/framework/web/CController.php(265): CController->runActionWithFilters(Object(CInlineAction), Array)
#10 /Users/mac/Sites/mod02/framework/web/CWebApplication.php(282): CController->run('index')
#11 /Users/mac/Sites/mod02/framework/web/CWebApplication.php(141): CWebApplication->runController('admin/chapters/...')
#12 /Users/mac/Sites/mod02/framework/base/CApplication.php(180): CWebApplication->processRequest()
#13 /Users/mac/Sites/mod02/index.php(13): CApplication->run()
#14 {main}
REQUEST_URI=/mod02/index.php/admin/chapters/index
---
2016/12/06 22:03:29 [error] [system.db.CDbCommand] CDbCommand::fetchAll() failed: SQLSTATE[42S22]: Column not found: 1054 Unknown column 'region.region_id' in 'where clause'. The SQL statement executed was: SELECT `region`.`id` AS `t1_c0`, `region`.`area_no` AS `t1_c1`, `region`.`region` AS `t1_c2` FROM `jci_area_region` `region`  WHERE (`region`.`region_id`=:ypl0).
in /Users/mac/Sites/mod02/protected/modules/admin/views/chapters/_view_chapters.php (4)
in /Users/mac/Sites/mod02/protected/modules/admin/views/chapters/index.php (95)
in /Users/mac/Sites/mod02/protected/modules/admin/controllers/ChaptersController.php (17)
2016/12/06 22:03:29 [error] [exception.CDbException] CDbException: CDbCommand failed to execute the SQL statement: SQLSTATE[42S22]: Column not found: 1054 Unknown column 'region.region_id' in 'where clause'. The SQL statement executed was: SELECT `region`.`id` AS `t1_c0`, `region`.`area_no` AS `t1_c1`, `region`.`region` AS `t1_c2` FROM `jci_area_region` `region`  WHERE (`region`.`region_id`=:ypl0) in /Users/mac/Sites/mod02/framework/db/CDbCommand.php:543
Stack trace:
#0 /Users/mac/Sites/mod02/framework/db/CDbCommand.php(396): CDbCommand->queryInternal('fetchAll', Array, Array)
#1 /Users/mac/Sites/mod02/framework/db/ar/CActiveFinder.php(803): CDbCommand->queryAll()
#2 /Users/mac/Sites/mod02/framework/db/ar/CActiveFinder.php(507): CJoinElement->runQuery(Object(CJoinQuery))
#3 /Users/mac/Sites/mod02/framework/db/ar/CActiveFinder.php(163): CJoinElement->lazyFind(Object(Chapter))
#4 /Users/mac/Sites/mod02/framework/db/ar/CActiveRecord.php(281): CActiveFinder->lazyFind(Object(Chapter))
#5 /Users/mac/Sites/mod02/framework/db/ar/CActiveRecord.php(143): CActiveRecord->getRelated('region')
#6 /Users/mac/Sites/mod02/protected/modules/admin/views/chapters/_view_chapters.php(4): CActiveRecord->__get('region')
#7 /Users/mac/Sites/mod02/framework/web/CBaseController.php(130): require('/Users/mac/Site...')
#8 /Users/mac/Sites/mod02/framework/web/CBaseController.php(95): CBaseController->renderInternal('/Users/mac/Site...', Array, false)
#9 /Users/mac/Sites/mod02/framework/zii/widgets/CListView.php(291): CBaseController->renderFile('/Users/mac/Site...', Array)
#10 /Users/mac/Sites/mod02/framework/zii/widgets/CBaseListView.php(167): CListView->renderItems()
#11 [internal function]: CBaseListView->renderSection(Array)
#12 /Users/mac/Sites/mod02/framework/zii/widgets/CBaseListView.php(150): preg_replace_callback('/{(\\w+)}/', Array, '{sorter}<table ...')
#13 /Users/mac/Sites/mod02/framework/zii/widgets/CBaseListView.php(135): CBaseListView->renderContent()
#14 /Users/mac/Sites/mod02/framework/web/CBaseController.php(173): CBaseListView->run()
#15 /Users/mac/Sites/mod02/protected/modules/admin/views/chapters/index.php(95): CBaseController->widget('zii.widgets.CLi...', Array)
#16 /Users/mac/Sites/mod02/framework/web/CBaseController.php(126): require('/Users/mac/Site...')
#17 /Users/mac/Sites/mod02/framework/web/CBaseController.php(95): CBaseController->renderInternal('/Users/mac/Site...', Array, true)
#18 /Users/mac/Sites/mod02/framework/web/CController.php(869): CBaseController->renderFile('/Users/mac/Site...', Array, true)
#19 /Users/mac/Sites/mod02/framework/web/CController.php(782): CController->renderPartial('index', Array, true)
#20 /Users/mac/Sites/mod02/protected/modules/admin/controllers/ChaptersController.php(17): CController->render('index', Array)
#21 [internal function]: ChaptersController->actionIndex(NULL, NULL)
#22 /Users/mac/Sites/mod02/framework/web/actions/CAction.php(108): ReflectionMethod->invokeArgs(Object(ChaptersController), Array)
#23 /Users/mac/Sites/mod02/framework/web/actions/CInlineAction.php(47): CAction->runWithParamsInternal(Object(ChaptersController), Object(ReflectionMethod), Array)
#24 /Users/mac/Sites/mod02/framework/web/CController.php(308): CInlineAction->runWithParams(Array)
#25 /Users/mac/Sites/mod02/framework/web/CController.php(286): CController->runAction(Object(CInlineAction))
#26 /Users/mac/Sites/mod02/framework/web/CController.php(265): CController->runActionWithFilters(Object(CInlineAction), Array)
#27 /Users/mac/Sites/mod02/framework/web/CWebApplication.php(282): CController->run('index')
#28 /Users/mac/Sites/mod02/framework/web/CWebApplication.php(141): CWebApplication->runController('admin/chapters/...')
#29 /Users/mac/Sites/mod02/framework/base/CApplication.php(180): CWebApplication->processRequest()
#30 /Users/mac/Sites/mod02/index.php(13): CApplication->run()
#31 {main}
REQUEST_URI=/mod02/index.php/admin/chapters/index
---
2016/12/06 22:04:21 [error] [php] Trying to get property of non-object (/Users/mac/Sites/mod02/protected/modules/admin/views/chapters/_view_chapters.php:4)
Stack trace:
#0 /Users/mac/Sites/mod02/framework/zii/widgets/CListView.php(291): ChaptersController->renderFile()
#1 /Users/mac/Sites/mod02/framework/zii/widgets/CBaseListView.php(167): CListView->renderItems()
#2 unknown(0): CListView->renderSection()
#3 /Users/mac/Sites/mod02/framework/zii/widgets/CBaseListView.php(150): preg_replace_callback()
#4 /Users/mac/Sites/mod02/framework/zii/widgets/CBaseListView.php(135): CListView->renderContent()
#5 /Users/mac/Sites/mod02/framework/web/CBaseController.php(173): CListView->run()
#6 /Users/mac/Sites/mod02/protected/modules/admin/views/chapters/index.php(95): ChaptersController->widget()
#7 /Users/mac/Sites/mod02/framework/web/CBaseController.php(126): require()
#8 /Users/mac/Sites/mod02/framework/web/CBaseController.php(95): ChaptersController->renderInternal()
#9 /Users/mac/Sites/mod02/framework/web/CController.php(869): ChaptersController->renderFile()
#10 /Users/mac/Sites/mod02/framework/web/CController.php(782): ChaptersController->renderPartial()
#11 /Users/mac/Sites/mod02/protected/modules/admin/controllers/ChaptersController.php(17): ChaptersController->render()
#12 unknown(0): ChaptersController->actionIndex()
#13 /Users/mac/Sites/mod02/framework/web/actions/CAction.php(108): ReflectionMethod->invokeArgs()
#14 /Users/mac/Sites/mod02/framework/web/actions/CInlineAction.php(47): CInlineAction->runWithParamsInternal()
#15 /Users/mac/Sites/mod02/framework/web/CController.php(308): CInlineAction->runWithParams()
#16 /Users/mac/Sites/mod02/framework/web/CController.php(286): ChaptersController->runAction()
#17 /Users/mac/Sites/mod02/framework/web/CController.php(265): ChaptersController->runActionWithFilters()
#18 /Users/mac/Sites/mod02/framework/web/CWebApplication.php(282): ChaptersController->run()
#19 /Users/mac/Sites/mod02/framework/web/CWebApplication.php(141): CWebApplication->runController()
#20 /Users/mac/Sites/mod02/framework/base/CApplication.php(180): CWebApplication->processRequest()
#21 /Users/mac/Sites/mod02/index.php(13): CWebApplication->run()
REQUEST_URI=/mod02/index.php/admin/chapters/index/page/2
in /Users/mac/Sites/mod02/protected/modules/admin/views/chapters/_view_chapters.php (4)
in /Users/mac/Sites/mod02/protected/modules/admin/views/chapters/index.php (95)
in /Users/mac/Sites/mod02/protected/modules/admin/controllers/ChaptersController.php (17)
2016/12/06 23:18:36 [error] [php] Array to string conversion (/Users/mac/Sites/mod02/protected/modules/admin/controllers/ChaptersController.php:52)
Stack trace:
#0 /Users/mac/Sites/mod02/framework/web/CController.php(308): CInlineAction->runWithParams()
#1 /Users/mac/Sites/mod02/framework/web/CController.php(286): ChaptersController->runAction()
#2 /Users/mac/Sites/mod02/framework/web/CController.php(265): ChaptersController->runActionWithFilters()
#3 /Users/mac/Sites/mod02/framework/web/CWebApplication.php(282): ChaptersController->run()
#4 /Users/mac/Sites/mod02/framework/web/CWebApplication.php(141): CWebApplication->runController()
#5 /Users/mac/Sites/mod02/framework/base/CApplication.php(180): CWebApplication->processRequest()
#6 /Users/mac/Sites/mod02/index.php(13): CWebApplication->run()
REQUEST_URI=/mod02/index.php/admin/chapters/save
in /Users/mac/Sites/mod02/protected/modules/admin/controllers/ChaptersController.php (52)
in /Users/mac/Sites/mod02/protected/modules/admin/controllers/ChaptersController.php (39)
in /Users/mac/Sites/mod02/index.php (13)
2016/12/06 23:19:44 [error] [php] Array to string conversion (/Users/mac/Sites/mod02/protected/modules/admin/controllers/ChaptersController.php:52)
Stack trace:
#0 /Users/mac/Sites/mod02/framework/web/CController.php(308): CInlineAction->runWithParams()
#1 /Users/mac/Sites/mod02/framework/web/CController.php(286): ChaptersController->runAction()
#2 /Users/mac/Sites/mod02/framework/web/CController.php(265): ChaptersController->runActionWithFilters()
#3 /Users/mac/Sites/mod02/framework/web/CWebApplication.php(282): ChaptersController->run()
#4 /Users/mac/Sites/mod02/framework/web/CWebApplication.php(141): CWebApplication->runController()
#5 /Users/mac/Sites/mod02/framework/base/CApplication.php(180): CWebApplication->processRequest()
#6 /Users/mac/Sites/mod02/index.php(13): CWebApplication->run()
REQUEST_URI=/mod02/index.php/admin/chapters/save
in /Users/mac/Sites/mod02/protected/modules/admin/controllers/ChaptersController.php (52)
in /Users/mac/Sites/mod02/protected/modules/admin/controllers/ChaptersController.php (39)
in /Users/mac/Sites/mod02/index.php (13)
2016/12/06 23:23:25 [error] [php] Array to string conversion (/Users/mac/Sites/mod02/protected/modules/admin/controllers/ChaptersController.php:52)
Stack trace:
#0 /Users/mac/Sites/mod02/framework/web/CController.php(308): CInlineAction->runWithParams()
#1 /Users/mac/Sites/mod02/framework/web/CController.php(286): ChaptersController->runAction()
#2 /Users/mac/Sites/mod02/framework/web/CController.php(265): ChaptersController->runActionWithFilters()
#3 /Users/mac/Sites/mod02/framework/web/CWebApplication.php(282): ChaptersController->run()
#4 /Users/mac/Sites/mod02/framework/web/CWebApplication.php(141): CWebApplication->runController()
#5 /Users/mac/Sites/mod02/framework/base/CApplication.php(180): CWebApplication->processRequest()
#6 /Users/mac/Sites/mod02/index.php(13): CWebApplication->run()
REQUEST_URI=/mod02/index.php/admin/chapters/save
in /Users/mac/Sites/mod02/protected/modules/admin/controllers/ChaptersController.php (52)
in /Users/mac/Sites/mod02/protected/modules/admin/controllers/ChaptersController.php (39)
in /Users/mac/Sites/mod02/index.php (13)
2016/12/06 23:24:36 [error] [php] Array to string conversion (/Users/mac/Sites/mod02/protected/modules/admin/controllers/ChaptersController.php:52)
Stack trace:
#0 /Users/mac/Sites/mod02/framework/web/CController.php(308): CInlineAction->runWithParams()
#1 /Users/mac/Sites/mod02/framework/web/CController.php(286): ChaptersController->runAction()
#2 /Users/mac/Sites/mod02/framework/web/CController.php(265): ChaptersController->runActionWithFilters()
#3 /Users/mac/Sites/mod02/framework/web/CWebApplication.php(282): ChaptersController->run()
#4 /Users/mac/Sites/mod02/framework/web/CWebApplication.php(141): CWebApplication->runController()
#5 /Users/mac/Sites/mod02/framework/base/CApplication.php(180): CWebApplication->processRequest()
#6 /Users/mac/Sites/mod02/index.php(13): CWebApplication->run()
REQUEST_URI=/mod02/index.php/admin/chapters/save
in /Users/mac/Sites/mod02/protected/modules/admin/controllers/ChaptersController.php (52)
in /Users/mac/Sites/mod02/protected/modules/admin/controllers/ChaptersController.php (39)
in /Users/mac/Sites/mod02/index.php (13)
2016/12/06 23:37:20 [error] [php] Trying to get property of non-object (/Users/mac/Sites/mod02/protected/modules/admin/views/userBusiness/_list_user_businesses.php:3)
Stack trace:
#0 /Users/mac/Sites/mod02/framework/zii/widgets/CListView.php(291): UserBusinessController->renderFile()
#1 /Users/mac/Sites/mod02/framework/zii/widgets/CBaseListView.php(167): CListView->renderItems()
#2 unknown(0): CListView->renderSection()
#3 /Users/mac/Sites/mod02/framework/zii/widgets/CBaseListView.php(150): preg_replace_callback()
#4 /Users/mac/Sites/mod02/framework/zii/widgets/CBaseListView.php(135): CListView->renderContent()
#5 /Users/mac/Sites/mod02/framework/web/CBaseController.php(173): CListView->run()
#6 /Users/mac/Sites/mod02/protected/modules/admin/views/userBusiness/index.php(151): UserBusinessController->widget()
#7 /Users/mac/Sites/mod02/framework/web/CBaseController.php(126): require()
#8 /Users/mac/Sites/mod02/framework/web/CBaseController.php(95): UserBusinessController->renderInternal()
#9 /Users/mac/Sites/mod02/framework/web/CController.php(869): UserBusinessController->renderFile()
#10 /Users/mac/Sites/mod02/framework/web/CController.php(782): UserBusinessController->renderPartial()
#11 /Users/mac/Sites/mod02/protected/modules/admin/controllers/UserBusinessController.php(158): UserBusinessController->render()
#12 /Users/mac/Sites/mod02/framework/web/actions/CInlineAction.php(49): UserBusinessController->actionIndex()
#13 /Users/mac/Sites/mod02/framework/web/CController.php(308): CInlineAction->runWithParams()
#14 /Users/mac/Sites/mod02/framework/web/filters/CFilterChain.php(133): UserBusinessController->runAction()
#15 /Users/mac/Sites/mod02/framework/web/filters/CFilter.php(40): CFilterChain->run()
#16 /Users/mac/Sites/mod02/framework/web/CController.php(1145): CAccessControlFilter->filter()
#17 /Users/mac/Sites/mod02/framework/web/filters/CInlineFilter.php(58): UserBusinessController->filterAccessControl()
#18 /Users/mac/Sites/mod02/framework/web/filters/CFilterChain.php(130): CInlineFilter->filter()
#19 /Users/mac/Sites/mod02/framework/web/CController.php(291): CFilterChain->run()
#20 /Users/mac/Sites/mod02/framework/web/CController.php(265): UserBusinessController->runActionWithFilters()
#21 /Users/mac/Sites/mod02/framework/web/CWebApplication.php(282): UserBusinessController->run()
#22 /Users/mac/Sites/mod02/framework/web/CWebApplication.php(141): CWebApplication->runController()
#23 /Users/mac/Sites/mod02/framework/base/CApplication.php(180): CWebApplication->processRequest()
#24 /Users/mac/Sites/mod02/index.php(13): CWebApplication->run()
REQUEST_URI=/mod02/index.php/admin/userBusiness/index
in /Users/mac/Sites/mod02/protected/modules/admin/views/userBusiness/_list_user_businesses.php (3)
in /Users/mac/Sites/mod02/protected/modules/admin/views/userBusiness/index.php (151)
in /Users/mac/Sites/mod02/protected/modules/admin/controllers/UserBusinessController.php (158)
2016/12/06 23:38:06 [error] [exception.CHttpException.404] CHttpException: The system is unable to find the requested action "chapters". in /Users/mac/Sites/mod02/framework/web/CController.php:483
Stack trace:
#0 /Users/mac/Sites/mod02/framework/web/CController.php(270): CController->missingAction('chapters')
#1 /Users/mac/Sites/mod02/framework/web/CWebApplication.php(282): CController->run('chapters')
#2 /Users/mac/Sites/mod02/framework/web/CWebApplication.php(141): CWebApplication->runController('admin/account/c...')
#3 /Users/mac/Sites/mod02/framework/base/CApplication.php(180): CWebApplication->processRequest()
#4 /Users/mac/Sites/mod02/index.php(13): CApplication->run()
#5 {main}
REQUEST_URI=/mod02/index.php/admin/account/chapters
---
2016/12/06 23:49:04 [error] [exception.CHttpException.404] CHttpException: Unable to resolve the request "admin/GET". in /Users/mac/Sites/mod02/framework/web/CWebApplication.php:286
Stack trace:
#0 /Users/mac/Sites/mod02/framework/web/CWebApplication.php(141): CWebApplication->runController('admin/GET')
#1 /Users/mac/Sites/mod02/framework/base/CApplication.php(180): CWebApplication->processRequest()
#2 /Users/mac/Sites/mod02/index.php(13): CApplication->run()
#3 {main}
REQUEST_URI=/mod02/index.php/admin/GET?area_no=&region=
HTTP_REFERER=http://localhost:8888/mod02/index.php/admin/chapters
---
2016/12/07 00:00:39 [error] [exception.CHttpException.404] CHttpException: Unable to resolve the request "chapters/index". in /Users/mac/Sites/mod02/framework/web/CWebApplication.php:286
Stack trace:
#0 /Users/mac/Sites/mod02/framework/web/CWebApplication.php(141): CWebApplication->runController('chapters/index')
#1 /Users/mac/Sites/mod02/framework/base/CApplication.php(180): CWebApplication->processRequest()
#2 /Users/mac/Sites/mod02/index.php(13): CApplication->run()
#3 {main}
REQUEST_URI=/mod02/index.php/chapters/index?area_no=1&region=2
HTTP_REFERER=http://localhost:8888/mod02/index.php/admin/chapters/index/
---
2016/12/09 11:37:29 [error] [php] Trying to get property of non-object (/Users/mac/Sites/mod02/protected/modules/admin/views/userBusiness/_list_user_businesses.php:3)
Stack trace:
#0 /Users/mac/Sites/mod02/framework/zii/widgets/CListView.php(291): UserBusinessController->renderFile()
#1 /Users/mac/Sites/mod02/framework/zii/widgets/CBaseListView.php(167): CListView->renderItems()
#2 unknown(0): CListView->renderSection()
#3 /Users/mac/Sites/mod02/framework/zii/widgets/CBaseListView.php(150): preg_replace_callback()
#4 /Users/mac/Sites/mod02/framework/zii/widgets/CBaseListView.php(135): CListView->renderContent()
#5 /Users/mac/Sites/mod02/framework/web/CBaseController.php(173): CListView->run()
#6 /Users/mac/Sites/mod02/protected/modules/admin/views/userBusiness/index.php(151): UserBusinessController->widget()
#7 /Users/mac/Sites/mod02/framework/web/CBaseController.php(126): require()
#8 /Users/mac/Sites/mod02/framework/web/CBaseController.php(95): UserBusinessController->renderInternal()
#9 /Users/mac/Sites/mod02/framework/web/CController.php(869): UserBusinessController->renderFile()
#10 /Users/mac/Sites/mod02/framework/web/CController.php(782): UserBusinessController->renderPartial()
#11 /Users/mac/Sites/mod02/protected/modules/admin/controllers/UserBusinessController.php(158): UserBusinessController->render()
#12 /Users/mac/Sites/mod02/framework/web/actions/CInlineAction.php(49): UserBusinessController->actionIndex()
#13 /Users/mac/Sites/mod02/framework/web/CController.php(308): CInlineAction->runWithParams()
#14 /Users/mac/Sites/mod02/framework/web/filters/CFilterChain.php(133): UserBusinessController->runAction()
#15 /Users/mac/Sites/mod02/framework/web/filters/CFilter.php(40): CFilterChain->run()
#16 /Users/mac/Sites/mod02/framework/web/CController.php(1145): CAccessControlFilter->filter()
#17 /Users/mac/Sites/mod02/framework/web/filters/CInlineFilter.php(58): UserBusinessController->filterAccessControl()
#18 /Users/mac/Sites/mod02/framework/web/filters/CFilterChain.php(130): CInlineFilter->filter()
#19 /Users/mac/Sites/mod02/framework/web/CController.php(291): CFilterChain->run()
#20 /Users/mac/Sites/mod02/framework/web/CController.php(265): UserBusinessController->runActionWithFilters()
#21 /Users/mac/Sites/mod02/framework/web/CWebApplication.php(282): UserBusinessController->run()
#22 /Users/mac/Sites/mod02/framework/web/CWebApplication.php(141): CWebApplication->runController()
#23 /Users/mac/Sites/mod02/framework/base/CApplication.php(180): CWebApplication->processRequest()
#24 /Users/mac/Sites/mod02/index.php(13): CWebApplication->run()
REQUEST_URI=/mod02/index.php/admin/userBusiness/index
in /Users/mac/Sites/mod02/protected/modules/admin/views/userBusiness/_list_user_businesses.php (3)
in /Users/mac/Sites/mod02/protected/modules/admin/views/userBusiness/index.php (151)
in /Users/mac/Sites/mod02/protected/modules/admin/controllers/UserBusinessController.php (158)
2016/12/09 11:37:32 [error] [php] Undefined variable: event (/Users/mac/Sites/mod02/protected/modules/admin/views/event/index.php:122)
Stack trace:
#0 /Users/mac/Sites/mod02/framework/web/CController.php(869): EventController->renderFile()
#1 /Users/mac/Sites/mod02/framework/web/CController.php(782): EventController->renderPartial()
#2 /Users/mac/Sites/mod02/protected/modules/admin/controllers/EventController.php(391): EventController->render()
#3 /Users/mac/Sites/mod02/framework/web/actions/CInlineAction.php(49): EventController->actionIndex()
#4 /Users/mac/Sites/mod02/framework/web/CController.php(308): CInlineAction->runWithParams()
#5 /Users/mac/Sites/mod02/framework/web/filters/CFilterChain.php(133): EventController->runAction()
#6 /Users/mac/Sites/mod02/framework/web/filters/CFilter.php(40): CFilterChain->run()
#7 /Users/mac/Sites/mod02/framework/web/CController.php(1145): CAccessControlFilter->filter()
#8 /Users/mac/Sites/mod02/framework/web/filters/CInlineFilter.php(58): EventController->filterAccessControl()
#9 /Users/mac/Sites/mod02/framework/web/filters/CFilterChain.php(130): CInlineFilter->filter()
#10 /Users/mac/Sites/mod02/framework/web/CController.php(291): CFilterChain->run()
#11 /Users/mac/Sites/mod02/framework/web/CController.php(265): EventController->runActionWithFilters()
#12 /Users/mac/Sites/mod02/framework/web/CWebApplication.php(282): EventController->run()
#13 /Users/mac/Sites/mod02/framework/web/CWebApplication.php(141): CWebApplication->runController()
#14 /Users/mac/Sites/mod02/framework/base/CApplication.php(180): CWebApplication->processRequest()
#15 /Users/mac/Sites/mod02/index.php(13): CWebApplication->run()
REQUEST_URI=/mod02/index.php/admin/event/index
in /Users/mac/Sites/mod02/protected/modules/admin/views/event/index.php (122)
in /Users/mac/Sites/mod02/protected/modules/admin/controllers/EventController.php (391)
in /Users/mac/Sites/mod02/index.php (13)
2016/12/09 11:37:37 [error] [php] Undefined variable: event (/Users/mac/Sites/mod02/protected/modules/admin/views/event/index.php:122)
Stack trace:
#0 /Users/mac/Sites/mod02/framework/web/CController.php(869): EventController->renderFile()
#1 /Users/mac/Sites/mod02/framework/web/CController.php(782): EventController->renderPartial()
#2 /Users/mac/Sites/mod02/protected/modules/admin/controllers/EventController.php(391): EventController->render()
#3 /Users/mac/Sites/mod02/framework/web/actions/CInlineAction.php(49): EventController->actionIndex()
#4 /Users/mac/Sites/mod02/framework/web/CController.php(308): CInlineAction->runWithParams()
#5 /Users/mac/Sites/mod02/framework/web/filters/CFilterChain.php(133): EventController->runAction()
#6 /Users/mac/Sites/mod02/framework/web/filters/CFilter.php(40): CFilterChain->run()
#7 /Users/mac/Sites/mod02/framework/web/CController.php(1145): CAccessControlFilter->filter()
#8 /Users/mac/Sites/mod02/framework/web/filters/CInlineFilter.php(58): EventController->filterAccessControl()
#9 /Users/mac/Sites/mod02/framework/web/filters/CFilterChain.php(130): CInlineFilter->filter()
#10 /Users/mac/Sites/mod02/framework/web/CController.php(291): CFilterChain->run()
#11 /Users/mac/Sites/mod02/framework/web/CController.php(265): EventController->runActionWithFilters()
#12 /Users/mac/Sites/mod02/framework/web/CWebApplication.php(282): EventController->run()
#13 /Users/mac/Sites/mod02/framework/web/CWebApplication.php(141): CWebApplication->runController()
#14 /Users/mac/Sites/mod02/framework/base/CApplication.php(180): CWebApplication->processRequest()
#15 /Users/mac/Sites/mod02/index.php(13): CWebApplication->run()
REQUEST_URI=/mod02/index.php/admin/event/index
in /Users/mac/Sites/mod02/protected/modules/admin/views/event/index.php (122)
in /Users/mac/Sites/mod02/protected/modules/admin/controllers/EventController.php (391)
in /Users/mac/Sites/mod02/index.php (13)
2016/12/09 11:37:45 [error] [php] Undefined variable: event (/Users/mac/Sites/mod02/protected/modules/admin/views/event/index.php:122)
Stack trace:
#0 /Users/mac/Sites/mod02/framework/web/CController.php(869): EventController->renderFile()
#1 /Users/mac/Sites/mod02/framework/web/CController.php(782): EventController->renderPartial()
#2 /Users/mac/Sites/mod02/protected/modules/admin/controllers/EventController.php(391): EventController->render()
#3 /Users/mac/Sites/mod02/framework/web/actions/CInlineAction.php(49): EventController->actionIndex()
#4 /Users/mac/Sites/mod02/framework/web/CController.php(308): CInlineAction->runWithParams()
#5 /Users/mac/Sites/mod02/framework/web/filters/CFilterChain.php(133): EventController->runAction()
#6 /Users/mac/Sites/mod02/framework/web/filters/CFilter.php(40): CFilterChain->run()
#7 /Users/mac/Sites/mod02/framework/web/CController.php(1145): CAccessControlFilter->filter()
#8 /Users/mac/Sites/mod02/framework/web/filters/CInlineFilter.php(58): EventController->filterAccessControl()
#9 /Users/mac/Sites/mod02/framework/web/filters/CFilterChain.php(130): CInlineFilter->filter()
#10 /Users/mac/Sites/mod02/framework/web/CController.php(291): CFilterChain->run()
#11 /Users/mac/Sites/mod02/framework/web/CController.php(265): EventController->runActionWithFilters()
#12 /Users/mac/Sites/mod02/framework/web/CWebApplication.php(282): EventController->run()
#13 /Users/mac/Sites/mod02/framework/web/CWebApplication.php(141): CWebApplication->runController()
#14 /Users/mac/Sites/mod02/framework/base/CApplication.php(180): CWebApplication->processRequest()
#15 /Users/mac/Sites/mod02/index.php(13): CWebApplication->run()
REQUEST_URI=/mod02/index.php/admin/event/index
in /Users/mac/Sites/mod02/protected/modules/admin/views/event/index.php (122)
in /Users/mac/Sites/mod02/protected/modules/admin/controllers/EventController.php (391)
in /Users/mac/Sites/mod02/index.php (13)
2016/12/09 12:05:13 [error] [exception.ParseError] ParseError: syntax error, unexpected '%' in /Users/mac/Sites/mod02/protected/models/Chapter.php:180
Stack trace:
#0 [internal function]: YiiBase::autoload('Chapter')
#1 /Users/mac/Sites/mod02/protected/modules/admin/controllers/ChaptersController.php(21): spl_autoload_call('Chapter')
#2 [internal function]: ChaptersController->actionIndex(NULL, NULL)
#3 /Users/mac/Sites/mod02/framework/web/actions/CAction.php(108): ReflectionMethod->invokeArgs(Object(ChaptersController), Array)
#4 /Users/mac/Sites/mod02/framework/web/actions/CInlineAction.php(47): CAction->runWithParamsInternal(Object(ChaptersController), Object(ReflectionMethod), Array)
#5 /Users/mac/Sites/mod02/framework/web/CController.php(308): CInlineAction->runWithParams(Array)
#6 /Users/mac/Sites/mod02/framework/web/CController.php(286): CController->runAction(Object(CInlineAction))
#7 /Users/mac/Sites/mod02/framework/web/CController.php(265): CController->runActionWithFilters(Object(CInlineAction), Array)
#8 /Users/mac/Sites/mod02/framework/web/CWebApplication.php(282): CController->run('index')
#9 /Users/mac/Sites/mod02/framework/web/CWebApplication.php(141): CWebApplication->runController('admin/chapters/...')
#10 /Users/mac/Sites/mod02/framework/base/CApplication.php(180): CWebApplication->processRequest()
#11 /Users/mac/Sites/mod02/index.php(13): CApplication->run()
#12 {main}
REQUEST_URI=/mod02/index.php/admin/chapters/index/page/3
---
2016/12/09 12:05:14 [error] [exception.ParseError] ParseError: syntax error, unexpected '%' in /Users/mac/Sites/mod02/protected/models/Chapter.php:180
Stack trace:
#0 [internal function]: YiiBase::autoload('Chapter')
#1 /Users/mac/Sites/mod02/protected/modules/admin/controllers/ChaptersController.php(78): spl_autoload_call('Chapter')
#2 /Users/mac/Sites/mod02/framework/web/actions/CInlineAction.php(49): ChaptersController->actionTest()
#3 /Users/mac/Sites/mod02/framework/web/CController.php(308): CInlineAction->runWithParams(Array)
#4 /Users/mac/Sites/mod02/framework/web/CController.php(286): CController->runAction(Object(CInlineAction))
#5 /Users/mac/Sites/mod02/framework/web/CController.php(265): CController->runActionWithFilters(Object(CInlineAction), Array)
#6 /Users/mac/Sites/mod02/framework/web/CWebApplication.php(282): CController->run('test')
#7 /Users/mac/Sites/mod02/framework/web/CWebApplication.php(141): CWebApplication->runController('admin/chapters/...')
#8 /Users/mac/Sites/mod02/framework/base/CApplication.php(180): CWebApplication->processRequest()
#9 /Users/mac/Sites/mod02/index.php(13): CApplication->run()
#10 {main}
REQUEST_URI=/mod02/index.php/admin/chapters/test
---
2016/12/09 12:06:41 [error] [exception.CHttpException.400] CHttpException: Your request is invalid. in /Users/mac/Sites/mod02/framework/web/CController.php:336
Stack trace:
#0 /Users/mac/Sites/mod02/framework/web/CController.php(309): CController->invalidActionParams(Object(CInlineAction))
#1 /Users/mac/Sites/mod02/framework/web/CController.php(286): CController->runAction(Object(CInlineAction))
#2 /Users/mac/Sites/mod02/framework/web/CController.php(265): CController->runActionWithFilters(Object(CInlineAction), Array)
#3 /Users/mac/Sites/mod02/framework/web/CWebApplication.php(282): CController->run('test')
#4 /Users/mac/Sites/mod02/framework/web/CWebApplication.php(141): CWebApplication->runController('admin/chapters/...')
#5 /Users/mac/Sites/mod02/framework/base/CApplication.php(180): CWebApplication->processRequest()
#6 /Users/mac/Sites/mod02/index.php(13): CApplication->run()
#7 {main}
REQUEST_URI=/mod02/index.php/admin/chapters/test
---
2016/12/09 12:12:53 [error] [php] Use of undefined constant mull - assumed 'mull' (/Users/mac/Sites/mod02/protected/models/Chapter.php:180)
Stack trace:
#0 /Users/mac/Sites/mod02/framework/web/actions/CAction.php(108): ReflectionMethod->invokeArgs()
#1 /Users/mac/Sites/mod02/framework/web/actions/CInlineAction.php(47): CInlineAction->runWithParamsInternal()
#2 /Users/mac/Sites/mod02/framework/web/CController.php(308): CInlineAction->runWithParams()
#3 /Users/mac/Sites/mod02/framework/web/CController.php(286): ChaptersController->runAction()
#4 /Users/mac/Sites/mod02/framework/web/CController.php(265): ChaptersController->runActionWithFilters()
#5 /Users/mac/Sites/mod02/framework/web/CWebApplication.php(282): ChaptersController->run()
#6 /Users/mac/Sites/mod02/framework/web/CWebApplication.php(141): CWebApplication->runController()
#7 /Users/mac/Sites/mod02/framework/base/CApplication.php(180): CWebApplication->processRequest()
#8 /Users/mac/Sites/mod02/index.php(13): CWebApplication->run()
REQUEST_URI=/mod02/index.php/admin/chapters/test?count=150
in /Users/mac/Sites/mod02/protected/models/Chapter.php (180)
in /Users/mac/Sites/mod02/protected/modules/admin/controllers/ChaptersController.php (78)
in /Users/mac/Sites/mod02/index.php (13)
2016/12/09 12:12:54 [error] [php] Use of undefined constant mull - assumed 'mull' (/Users/mac/Sites/mod02/protected/models/Chapter.php:180)
Stack trace:
#0 /Users/mac/Sites/mod02/framework/web/actions/CAction.php(108): ReflectionMethod->invokeArgs()
#1 /Users/mac/Sites/mod02/framework/web/actions/CInlineAction.php(47): CInlineAction->runWithParamsInternal()
#2 /Users/mac/Sites/mod02/framework/web/CController.php(308): CInlineAction->runWithParams()
#3 /Users/mac/Sites/mod02/framework/web/CController.php(286): ChaptersController->runAction()
#4 /Users/mac/Sites/mod02/framework/web/CController.php(265): ChaptersController->runActionWithFilters()
#5 /Users/mac/Sites/mod02/framework/web/CWebApplication.php(282): ChaptersController->run()
#6 /Users/mac/Sites/mod02/framework/web/CWebApplication.php(141): CWebApplication->runController()
#7 /Users/mac/Sites/mod02/framework/base/CApplication.php(180): CWebApplication->processRequest()
#8 /Users/mac/Sites/mod02/index.php(13): CWebApplication->run()
REQUEST_URI=/mod02/index.php/admin/chapters/test?count=150
in /Users/mac/Sites/mod02/protected/models/Chapter.php (180)
in /Users/mac/Sites/mod02/protected/modules/admin/controllers/ChaptersController.php (78)
in /Users/mac/Sites/mod02/index.php (13)
2016/12/09 12:20:08 [error] [exception.Error] Error: Using $this when not in object context in /Users/mac/Sites/mod02/protected/models/Chapter.php:181
Stack trace:
#0 /Users/mac/Sites/mod02/protected/modules/admin/controllers/ChaptersController.php(43): Chapter::getCategory()
#1 /Users/mac/Sites/mod02/framework/web/actions/CInlineAction.php(49): ChaptersController->actionSave()
#2 /Users/mac/Sites/mod02/framework/web/CController.php(308): CInlineAction->runWithParams(Array)
#3 /Users/mac/Sites/mod02/framework/web/CController.php(286): CController->runAction(Object(CInlineAction))
#4 /Users/mac/Sites/mod02/framework/web/CController.php(265): CController->runActionWithFilters(Object(CInlineAction), Array)
#5 /Users/mac/Sites/mod02/framework/web/CWebApplication.php(282): CController->run('save')
#6 /Users/mac/Sites/mod02/framework/web/CWebApplication.php(141): CWebApplication->runController('admin/chapters/...')
#7 /Users/mac/Sites/mod02/framework/base/CApplication.php(180): CWebApplication->processRequest()
#8 /Users/mac/Sites/mod02/index.php(13): CApplication->run()
#9 {main}
REQUEST_URI=/mod02/index.php/admin/chapters/save
HTTP_REFERER=http://localhost:8888/mod02/index.php/admin/chapters
---
2016/12/09 12:20:45 [error] [exception.Error] Error: Using $this when not in object context in /Users/mac/Sites/mod02/protected/models/Chapter.php:181
Stack trace:
#0 /Users/mac/Sites/mod02/protected/modules/admin/controllers/ChaptersController.php(43): Chapter::getCategory()
#1 /Users/mac/Sites/mod02/framework/web/actions/CInlineAction.php(49): ChaptersController->actionSave()
#2 /Users/mac/Sites/mod02/framework/web/CController.php(308): CInlineAction->runWithParams(Array)
#3 /Users/mac/Sites/mod02/framework/web/CController.php(286): CController->runAction(Object(CInlineAction))
#4 /Users/mac/Sites/mod02/framework/web/CController.php(265): CController->runActionWithFilters(Object(CInlineAction), Array)
#5 /Users/mac/Sites/mod02/framework/web/CWebApplication.php(282): CController->run('save')
#6 /Users/mac/Sites/mod02/framework/web/CWebApplication.php(141): CWebApplication->runController('admin/chapters/...')
#7 /Users/mac/Sites/mod02/framework/base/CApplication.php(180): CWebApplication->processRequest()
#8 /Users/mac/Sites/mod02/index.php(13): CApplication->run()
#9 {main}
REQUEST_URI=/mod02/index.php/admin/chapters/save
HTTP_REFERER=http://localhost:8888/mod02/index.php/admin/chapters
---
2016/12/09 13:47:23 [error] [exception.CHttpException.403] CHttpException: Login Required in /Users/mac/Sites/mod02/framework/web/auth/CWebUser.php:394
Stack trace:
#0 /Users/mac/Sites/mod02/protected/modules/admin/AdminModule.php(47): CWebUser->loginRequired()
#1 /Users/mac/Sites/mod02/framework/web/CController.php(263): AdminModule->beforeControllerAction(Object(AccountController), Object(CInlineAction))
#2 /Users/mac/Sites/mod02/framework/web/CWebApplication.php(282): CController->run('listChapterMemb...')
#3 /Users/mac/Sites/mod02/framework/web/CWebApplication.php(141): CWebApplication->runController('admin/account/l...')
#4 /Users/mac/Sites/mod02/framework/base/CApplication.php(180): CWebApplication->processRequest()
#5 /Users/mac/Sites/mod02/index.php(13): CApplication->run()
#6 {main}
REQUEST_URI=/mod02/index.php/admin/account/listChapterMembers?chapter=334
HTTP_REFERER=http://localhost:8888/mod02/index.php/site/resetposition
---
2016/12/09 13:47:23 [error] [exception.CHttpException.403] CHttpException: Login Required in /Users/mac/Sites/mod02/framework/web/auth/CWebUser.php:394
Stack trace:
#0 /Users/mac/Sites/mod02/protected/modules/admin/AdminModule.php(47): CWebUser->loginRequired()
#1 /Users/mac/Sites/mod02/framework/web/CController.php(263): AdminModule->beforeControllerAction(Object(AccountController), Object(CInlineAction))
#2 /Users/mac/Sites/mod02/framework/web/CWebApplication.php(282): CController->run('listChapterMemb...')
#3 /Users/mac/Sites/mod02/framework/web/CWebApplication.php(141): CWebApplication->runController('admin/account/l...')
#4 /Users/mac/Sites/mod02/framework/base/CApplication.php(180): CWebApplication->processRequest()
#5 /Users/mac/Sites/mod02/index.php(13): CApplication->run()
#6 {main}
REQUEST_URI=/mod02/index.php/admin/account/listChapterMembers?chapter=334
HTTP_REFERER=http://localhost:8888/mod02/index.php/site/resetposition
---
2016/12/09 13:49:38 [error] [exception.CHttpException.403] CHttpException: Login Required in /Users/mac/Sites/mod02/framework/web/auth/CWebUser.php:394
Stack trace:
#0 /Users/mac/Sites/mod02/protected/modules/admin/AdminModule.php(47): CWebUser->loginRequired()
#1 /Users/mac/Sites/mod02/framework/web/CController.php(263): AdminModule->beforeControllerAction(Object(AccountController), Object(CInlineAction))
#2 /Users/mac/Sites/mod02/framework/web/CWebApplication.php(282): CController->run('listChapterMemb...')
#3 /Users/mac/Sites/mod02/framework/web/CWebApplication.php(141): CWebApplication->runController('admin/account/l...')
#4 /Users/mac/Sites/mod02/framework/base/CApplication.php(180): CWebApplication->processRequest()
#5 /Users/mac/Sites/mod02/index.php(13): CApplication->run()
#6 {main}
REQUEST_URI=/mod02/index.php/admin/account/listChapterMembers?chapter=334
HTTP_REFERER=http://localhost:8888/mod02/index.php/site/resetposition
---
2016/12/09 13:49:38 [error] [exception.CHttpException.403] CHttpException: Login Required in /Users/mac/Sites/mod02/framework/web/auth/CWebUser.php:394
Stack trace:
#0 /Users/mac/Sites/mod02/protected/modules/admin/AdminModule.php(47): CWebUser->loginRequired()
#1 /Users/mac/Sites/mod02/framework/web/CController.php(263): AdminModule->beforeControllerAction(Object(AccountController), Object(CInlineAction))
#2 /Users/mac/Sites/mod02/framework/web/CWebApplication.php(282): CController->run('listChapterMemb...')
#3 /Users/mac/Sites/mod02/framework/web/CWebApplication.php(141): CWebApplication->runController('admin/account/l...')
#4 /Users/mac/Sites/mod02/framework/base/CApplication.php(180): CWebApplication->processRequest()
#5 /Users/mac/Sites/mod02/index.php(13): CApplication->run()
#6 {main}
REQUEST_URI=/mod02/index.php/admin/account/listChapterMembers?chapter=334
HTTP_REFERER=http://localhost:8888/mod02/index.php/site/resetposition
---
2016/12/09 13:51:09 [error] [exception.CHttpException.403] CHttpException: Login Required in /Users/mac/Sites/mod02/framework/web/auth/CWebUser.php:394
Stack trace:
#0 /Users/mac/Sites/mod02/protected/modules/admin/AdminModule.php(47): CWebUser->loginRequired()
#1 /Users/mac/Sites/mod02/framework/web/CController.php(263): AdminModule->beforeControllerAction(Object(AccountController), Object(CInlineAction))
#2 /Users/mac/Sites/mod02/framework/web/CWebApplication.php(282): CController->run('listChapterMemb...')
#3 /Users/mac/Sites/mod02/framework/web/CWebApplication.php(141): CWebApplication->runController('admin/account/l...')
#4 /Users/mac/Sites/mod02/framework/base/CApplication.php(180): CWebApplication->processRequest()
#5 /Users/mac/Sites/mod02/index.php(13): CApplication->run()
#6 {main}
REQUEST_URI=/mod02/index.php/admin/account/listChapterMembers?chapter=334
HTTP_REFERER=http://localhost:8888/mod02/index.php/site/resetposition
---
2016/12/09 13:51:09 [error] [exception.CHttpException.403] CHttpException: Login Required in /Users/mac/Sites/mod02/framework/web/auth/CWebUser.php:394
Stack trace:
#0 /Users/mac/Sites/mod02/protected/modules/admin/AdminModule.php(47): CWebUser->loginRequired()
#1 /Users/mac/Sites/mod02/framework/web/CController.php(263): AdminModule->beforeControllerAction(Object(AccountController), Object(CInlineAction))
#2 /Users/mac/Sites/mod02/framework/web/CWebApplication.php(282): CController->run('listChapterMemb...')
#3 /Users/mac/Sites/mod02/framework/web/CWebApplication.php(141): CWebApplication->runController('admin/account/l...')
#4 /Users/mac/Sites/mod02/framework/base/CApplication.php(180): CWebApplication->processRequest()
#5 /Users/mac/Sites/mod02/index.php(13): CApplication->run()
#6 {main}
REQUEST_URI=/mod02/index.php/admin/account/listChapterMembers?chapter=334
HTTP_REFERER=http://localhost:8888/mod02/index.php/site/resetposition
---
2016/12/09 13:53:03 [error] [exception.CHttpException.404] CHttpException: The system is unable to find the requested action "inde". in /Users/mac/Sites/mod02/framework/web/CController.php:483
Stack trace:
#0 /Users/mac/Sites/mod02/framework/web/CController.php(270): CController->missingAction('inde')
#1 /Users/mac/Sites/mod02/framework/web/CWebApplication.php(282): CController->run('inde')
#2 /Users/mac/Sites/mod02/framework/web/CWebApplication.php(141): CWebApplication->runController('admin/chapters/...')
#3 /Users/mac/Sites/mod02/framework/base/CApplication.php(180): CWebApplication->processRequest()
#4 /Users/mac/Sites/mod02/index.php(13): CApplication->run()
#5 {main}
REQUEST_URI=/mod02/index.php/admin/chapters/inde
---
2016/12/09 13:53:23 [error] [php] Undefined variable: event (/Users/mac/Sites/mod02/protected/modules/admin/views/event/index.php:122)
Stack trace:
#0 /Users/mac/Sites/mod02/framework/web/CController.php(869): EventController->renderFile()
#1 /Users/mac/Sites/mod02/framework/web/CController.php(782): EventController->renderPartial()
#2 /Users/mac/Sites/mod02/protected/modules/admin/controllers/EventController.php(391): EventController->render()
#3 /Users/mac/Sites/mod02/framework/web/actions/CInlineAction.php(49): EventController->actionIndex()
#4 /Users/mac/Sites/mod02/framework/web/CController.php(308): CInlineAction->runWithParams()
#5 /Users/mac/Sites/mod02/framework/web/filters/CFilterChain.php(133): EventController->runAction()
#6 /Users/mac/Sites/mod02/framework/web/filters/CFilter.php(40): CFilterChain->run()
#7 /Users/mac/Sites/mod02/framework/web/CController.php(1145): CAccessControlFilter->filter()
#8 /Users/mac/Sites/mod02/framework/web/filters/CInlineFilter.php(58): EventController->filterAccessControl()
#9 /Users/mac/Sites/mod02/framework/web/filters/CFilterChain.php(130): CInlineFilter->filter()
#10 /Users/mac/Sites/mod02/framework/web/CController.php(291): CFilterChain->run()
#11 /Users/mac/Sites/mod02/framework/web/CController.php(265): EventController->runActionWithFilters()
#12 /Users/mac/Sites/mod02/framework/web/CWebApplication.php(282): EventController->run()
#13 /Users/mac/Sites/mod02/framework/web/CWebApplication.php(141): CWebApplication->runController()
#14 /Users/mac/Sites/mod02/framework/base/CApplication.php(180): CWebApplication->processRequest()
#15 /Users/mac/Sites/mod02/index.php(13): CWebApplication->run()
REQUEST_URI=/mod02/index.php/admin/event/index
in /Users/mac/Sites/mod02/protected/modules/admin/views/event/index.php (122)
in /Users/mac/Sites/mod02/protected/modules/admin/controllers/EventController.php (391)
in /Users/mac/Sites/mod02/index.php (13)
2016/12/09 13:53:33 [error] [php] Undefined variable: event (/Users/mac/Sites/mod02/protected/modules/admin/views/event/index.php:122)
Stack trace:
#0 /Users/mac/Sites/mod02/framework/web/CController.php(869): EventController->renderFile()
#1 /Users/mac/Sites/mod02/framework/web/CController.php(782): EventController->renderPartial()
#2 /Users/mac/Sites/mod02/protected/modules/admin/controllers/EventController.php(391): EventController->render()
#3 /Users/mac/Sites/mod02/framework/web/actions/CInlineAction.php(49): EventController->actionIndex()
#4 /Users/mac/Sites/mod02/framework/web/CController.php(308): CInlineAction->runWithParams()
#5 /Users/mac/Sites/mod02/framework/web/filters/CFilterChain.php(133): EventController->runAction()
#6 /Users/mac/Sites/mod02/framework/web/filters/CFilter.php(40): CFilterChain->run()
#7 /Users/mac/Sites/mod02/framework/web/CController.php(1145): CAccessControlFilter->filter()
#8 /Users/mac/Sites/mod02/framework/web/filters/CInlineFilter.php(58): EventController->filterAccessControl()
#9 /Users/mac/Sites/mod02/framework/web/filters/CFilterChain.php(130): CInlineFilter->filter()
#10 /Users/mac/Sites/mod02/framework/web/CController.php(291): CFilterChain->run()
#11 /Users/mac/Sites/mod02/framework/web/CController.php(265): EventController->runActionWithFilters()
#12 /Users/mac/Sites/mod02/framework/web/CWebApplication.php(282): EventController->run()
#13 /Users/mac/Sites/mod02/framework/web/CWebApplication.php(141): CWebApplication->runController()
#14 /Users/mac/Sites/mod02/framework/base/CApplication.php(180): CWebApplication->processRequest()
#15 /Users/mac/Sites/mod02/index.php(13): CWebApplication->run()
REQUEST_URI=/mod02/index.php/admin/event/index
in /Users/mac/Sites/mod02/protected/modules/admin/views/event/index.php (122)
in /Users/mac/Sites/mod02/protected/modules/admin/controllers/EventController.php (391)
in /Users/mac/Sites/mod02/index.php (13)
2016/12/09 14:01:38 [error] [exception.CHttpException.404] CHttpException: Unable to resolve the request "member". in /Users/mac/Sites/mod02/framework/web/CWebApplication.php:286
Stack trace:
#0 /Users/mac/Sites/mod02/framework/web/CWebApplication.php(141): CWebApplication->runController('member')
#1 /Users/mac/Sites/mod02/framework/base/CApplication.php(180): CWebApplication->processRequest()
#2 /Users/mac/Sites/mod02/index.php(13): CApplication->run()
#3 {main}
REQUEST_URI=/mod02/index.php/member
---
2016/12/09 14:01:46 [error] [exception.CHttpException.400] CHttpException: Your request is invalid. in /Users/mac/Sites/mod02/framework/web/CController.php:336
Stack trace:
#0 /Users/mac/Sites/mod02/framework/web/CController.php(309): CController->invalidActionParams(Object(CInlineAction))
#1 /Users/mac/Sites/mod02/framework/web/CController.php(286): CController->runAction(Object(CInlineAction))
#2 /Users/mac/Sites/mod02/framework/web/CController.php(265): CController->runActionWithFilters(Object(CInlineAction), Array)
#3 /Users/mac/Sites/mod02/framework/web/CWebApplication.php(282): CController->run('')
#4 /Users/mac/Sites/mod02/framework/web/CWebApplication.php(141): CWebApplication->runController('members')
#5 /Users/mac/Sites/mod02/framework/base/CApplication.php(180): CWebApplication->processRequest()
#6 /Users/mac/Sites/mod02/index.php(13): CApplication->run()
#7 {main}
REQUEST_URI=/mod02/index.php/members
---
2016/12/09 14:02:36 [error] [exception.CHttpException.404] CHttpException: The system is unable to find the requested action "viewchapte". in /Users/mac/Sites/mod02/framework/web/CController.php:483
Stack trace:
#0 /Users/mac/Sites/mod02/framework/web/CController.php(270): CController->missingAction('viewchapte')
#1 /Users/mac/Sites/mod02/framework/web/CWebApplication.php(282): CController->run('viewchapte')
#2 /Users/mac/Sites/mod02/framework/web/CWebApplication.php(141): CWebApplication->runController('members/viewcha...')
#3 /Users/mac/Sites/mod02/framework/base/CApplication.php(180): CWebApplication->processRequest()
#4 /Users/mac/Sites/mod02/index.php(13): CApplication->run()
#5 {main}
REQUEST_URI=/mod02/index.php/members/viewchapte
---
2016/12/09 14:02:37 [error] [exception.CHttpException.400] CHttpException: Your request is invalid. in /Users/mac/Sites/mod02/framework/web/CController.php:336
Stack trace:
#0 /Users/mac/Sites/mod02/framework/web/CController.php(309): CController->invalidActionParams(Object(CInlineAction))
#1 /Users/mac/Sites/mod02/framework/web/CController.php(286): CController->runAction(Object(CInlineAction))
#2 /Users/mac/Sites/mod02/framework/web/CController.php(265): CController->runActionWithFilters(Object(CInlineAction), Array)
#3 /Users/mac/Sites/mod02/framework/web/CWebApplication.php(282): CController->run('viewchapter')
#4 /Users/mac/Sites/mod02/framework/web/CWebApplication.php(141): CWebApplication->runController('members/viewcha...')
#5 /Users/mac/Sites/mod02/framework/base/CApplication.php(180): CWebApplication->processRequest()
#6 /Users/mac/Sites/mod02/index.php(13): CApplication->run()
#7 {main}
REQUEST_URI=/mod02/index.php/members/viewchapter
---
2016/12/09 14:02:43 [error] [exception.CHttpException.400] CHttpException: Your request is invalid. in /Users/mac/Sites/mod02/framework/web/CController.php:336
Stack trace:
#0 /Users/mac/Sites/mod02/framework/web/CController.php(309): CController->invalidActionParams(Object(CInlineAction))
#1 /Users/mac/Sites/mod02/framework/web/CController.php(286): CController->runAction(Object(CInlineAction))
#2 /Users/mac/Sites/mod02/framework/web/CController.php(265): CController->runActionWithFilters(Object(CInlineAction), Array)
#3 /Users/mac/Sites/mod02/framework/web/CWebApplication.php(282): CController->run('viewchapter')
#4 /Users/mac/Sites/mod02/framework/web/CWebApplication.php(141): CWebApplication->runController('members/viewcha...')
#5 /Users/mac/Sites/mod02/framework/base/CApplication.php(180): CWebApplication->processRequest()
#6 /Users/mac/Sites/mod02/index.php(13): CApplication->run()
#7 {main}
REQUEST_URI=/mod02/index.php/members/viewchapter?=16
---
2016/12/09 14:02:46 [error] [exception.CHttpException.400] CHttpException: Your request is invalid. in /Users/mac/Sites/mod02/framework/web/CController.php:336
Stack trace:
#0 /Users/mac/Sites/mod02/framework/web/CController.php(309): CController->invalidActionParams(Object(CInlineAction))
#1 /Users/mac/Sites/mod02/framework/web/CController.php(286): CController->runAction(Object(CInlineAction))
#2 /Users/mac/Sites/mod02/framework/web/CController.php(265): CController->runActionWithFilters(Object(CInlineAction), Array)
#3 /Users/mac/Sites/mod02/framework/web/CWebApplication.php(282): CController->run('viewchapter')
#4 /Users/mac/Sites/mod02/framework/web/CWebApplication.php(141): CWebApplication->runController('members/viewcha...')
#5 /Users/mac/Sites/mod02/framework/base/CApplication.php(180): CWebApplication->processRequest()
#6 /Users/mac/Sites/mod02/index.php(13): CApplication->run()
#7 {main}
REQUEST_URI=/mod02/index.php/members/viewchapter?id=16
---
2016/12/09 14:26:37 [error] [exception.CException] CException: Property "User.getMembershipType" is not defined. in /Users/mac/Sites/mod02/framework/base/CComponent.php:130
Stack trace:
#0 /Users/mac/Sites/mod02/framework/db/ar/CActiveRecord.php(145): CComponent->__get('getMembershipTy...')
#1 /Users/mac/Sites/mod02/protected/controllers/AccountController.php(1543): CActiveRecord->__get('getMembershipTy...')
#2 /Users/mac/Sites/mod02/framework/web/actions/CInlineAction.php(49): AccountController->actionTest()
#3 /Users/mac/Sites/mod02/framework/web/CController.php(308): CInlineAction->runWithParams(Array)
#4 /Users/mac/Sites/mod02/framework/web/filters/CFilterChain.php(133): CController->runAction(Object(CInlineAction))
#5 /Users/mac/Sites/mod02/framework/web/filters/CFilter.php(40): CFilterChain->run()
#6 /Users/mac/Sites/mod02/framework/web/CController.php(1145): CFilter->filter(Object(CFilterChain))
#7 /Users/mac/Sites/mod02/framework/web/filters/CInlineFilter.php(58): CController->filterAccessControl(Object(CFilterChain))
#8 /Users/mac/Sites/mod02/framework/web/filters/CFilterChain.php(130): CInlineFilter->filter(Object(CFilterChain))
#9 /Users/mac/Sites/mod02/framework/web/CController.php(291): CFilterChain->run()
#10 /Users/mac/Sites/mod02/framework/web/CController.php(265): CController->runActionWithFilters(Object(CInlineAction), Array)
#11 /Users/mac/Sites/mod02/framework/web/CWebApplication.php(282): CController->run('test')
#12 /Users/mac/Sites/mod02/framework/web/CWebApplication.php(141): CWebApplication->runController('account/test')
#13 /Users/mac/Sites/mod02/framework/base/CApplication.php(180): CWebApplication->processRequest()
#14 /Users/mac/Sites/mod02/index.php(13): CApplication->run()
#15 {main}
REQUEST_URI=/mod02/index.php/account/test
---
2016/12/09 14:27:10 [error] [exception.ParseError] ParseError: syntax error, unexpected ';', expecting ',' or ')' in /Users/mac/Sites/mod02/protected/controllers/AccountController.php:1543
Stack trace:
#0 /Users/mac/Sites/mod02/framework/web/CWebApplication.php(276): CWebApplication->createController('test/')
#1 /Users/mac/Sites/mod02/framework/web/CWebApplication.php(141): CWebApplication->runController('account/test')
#2 /Users/mac/Sites/mod02/framework/base/CApplication.php(180): CWebApplication->processRequest()
#3 /Users/mac/Sites/mod02/index.php(13): CApplication->run()
#4 {main}
REQUEST_URI=/mod02/index.php/account/test
---
2016/12/09 14:30:09 [error] [exception.ParseError] ParseError: syntax error, unexpected '}', expecting ';' in /Users/mac/Sites/mod02/protected/models/User.php:405
Stack trace:
#0 [internal function]: YiiBase::autoload('User')
#1 /Users/mac/Sites/mod02/protected/controllers/AccountController.php(369): spl_autoload_call('User')
#2 /Users/mac/Sites/mod02/framework/web/actions/CInlineAction.php(49): AccountController->actionIndex()
#3 /Users/mac/Sites/mod02/framework/web/CController.php(308): CInlineAction->runWithParams(Array)
#4 /Users/mac/Sites/mod02/framework/web/filters/CFilterChain.php(133): CController->runAction(Object(CInlineAction))
#5 /Users/mac/Sites/mod02/framework/web/filters/CFilter.php(40): CFilterChain->run()
#6 /Users/mac/Sites/mod02/framework/web/CController.php(1145): CFilter->filter(Object(CFilterChain))
#7 /Users/mac/Sites/mod02/framework/web/filters/CInlineFilter.php(58): CController->filterAccessControl(Object(CFilterChain))
#8 /Users/mac/Sites/mod02/framework/web/filters/CFilterChain.php(130): CInlineFilter->filter(Object(CFilterChain))
#9 /Users/mac/Sites/mod02/framework/web/CController.php(291): CFilterChain->run()
#10 /Users/mac/Sites/mod02/framework/web/CController.php(265): CController->runActionWithFilters(Object(CInlineAction), Array)
#11 /Users/mac/Sites/mod02/framework/web/CWebApplication.php(282): CController->run('')
#12 /Users/mac/Sites/mod02/framework/web/CWebApplication.php(141): CWebApplication->runController('account')
#13 /Users/mac/Sites/mod02/framework/base/CApplication.php(180): CWebApplication->processRequest()
#14 /Users/mac/Sites/mod02/index.php(13): CApplication->run()
#15 {main}
REQUEST_URI=/mod02/index.php/account/
---
2016/12/09 14:30:26 [error] [exception.ParseError] ParseError: syntax error, unexpected '}', expecting ';' in /Users/mac/Sites/mod02/protected/models/User.php:405
Stack trace:
#0 [internal function]: YiiBase::autoload('User')
#1 /Users/mac/Sites/mod02/framework/db/ar/CActiveRecord.php(395): spl_autoload_call('User')
#2 /Users/mac/Sites/mod02/framework/db/ar/CActiveFinder.php(182): CActiveRecord::model('User')
#3 /Users/mac/Sites/mod02/framework/db/ar/CActiveFinder.php(230): CActiveFinder->getModel('User')
#4 /Users/mac/Sites/mod02/framework/db/ar/CActiveFinder.php(48): CActiveFinder->buildJoinTree(Object(CJoinElement), 'user')
#5 /Users/mac/Sites/mod02/framework/db/ar/CActiveRecord.php(909): CActiveFinder->__construct(Object(Account), 'user')
#6 /Users/mac/Sites/mod02/framework/db/ar/CActiveRecord.php(280): CActiveRecord->getActiveFinder('user')
#7 /Users/mac/Sites/mod02/framework/db/ar/CActiveRecord.php(143): CActiveRecord->getRelated('user')
#8 /Users/mac/Sites/mod02/protected/modules/admin/components/AdminHeader.php(19): CActiveRecord->__get('user')
#9 /Users/mac/Sites/mod02/framework/web/CBaseController.php(173): AdminHeader->run()
#10 /Users/mac/Sites/mod02/protected/modules/admin/views/chapters/index.php(55): CBaseController->widget('AdminHeader')
#11 /Users/mac/Sites/mod02/framework/web/CBaseController.php(126): require('/Users/mac/Site...')
#12 /Users/mac/Sites/mod02/framework/web/CBaseController.php(95): CBaseController->renderInternal('/Users/mac/Site...', Array, true)
#13 /Users/mac/Sites/mod02/framework/web/CController.php(869): CBaseController->renderFile('/Users/mac/Site...', Array, true)
#14 /Users/mac/Sites/mod02/framework/web/CController.php(782): CController->renderPartial('index', Array, true)
#15 /Users/mac/Sites/mod02/protected/modules/admin/controllers/ChaptersController.php(35): CController->render('index', Array)
#16 [internal function]: ChaptersController->actionIndex(NULL, NULL, NULL)
#17 /Users/mac/Sites/mod02/framework/web/actions/CAction.php(108): ReflectionMethod->invokeArgs(Object(ChaptersController), Array)
#18 /Users/mac/Sites/mod02/framework/web/actions/CInlineAction.php(47): CAction->runWithParamsInternal(Object(ChaptersController), Object(ReflectionMethod), Array)
#19 /Users/mac/Sites/mod02/framework/web/CController.php(308): CInlineAction->runWithParams(Array)
#20 /Users/mac/Sites/mod02/framework/web/CController.php(286): CController->runAction(Object(CInlineAction))
#21 /Users/mac/Sites/mod02/framework/web/CController.php(265): CController->runActionWithFilters(Object(CInlineAction), Array)
#22 /Users/mac/Sites/mod02/framework/web/CWebApplication.php(282): CController->run('index')
#23 /Users/mac/Sites/mod02/framework/web/CWebApplication.php(141): CWebApplication->runController('admin/chapters/...')
#24 /Users/mac/Sites/mod02/framework/base/CApplication.php(180): CWebApplication->processRequest()
#25 /Users/mac/Sites/mod02/index.php(13): CApplication->run()
#26 {main}
REQUEST_URI=/mod02/index.php/admin/chapters/index/page/3
---
2016/12/09 14:30:49 [error] [exception.ParseError] ParseError: syntax error, unexpected '}', expecting ';' in /Users/mac/Sites/mod02/protected/models/User.php:405
Stack trace:
#0 [internal function]: YiiBase::autoload('User')
#1 /Users/mac/Sites/mod02/framework/db/ar/CActiveRecord.php(395): spl_autoload_call('User')
#2 /Users/mac/Sites/mod02/framework/db/ar/CActiveFinder.php(182): CActiveRecord::model('User')
#3 /Users/mac/Sites/mod02/framework/db/ar/CActiveFinder.php(230): CActiveFinder->getModel('User')
#4 /Users/mac/Sites/mod02/framework/db/ar/CActiveFinder.php(48): CActiveFinder->buildJoinTree(Object(CJoinElement), 'user')
#5 /Users/mac/Sites/mod02/framework/db/ar/CActiveRecord.php(909): CActiveFinder->__construct(Object(Account), 'user')
#6 /Users/mac/Sites/mod02/framework/db/ar/CActiveRecord.php(280): CActiveRecord->getActiveFinder('user')
#7 /Users/mac/Sites/mod02/framework/db/ar/CActiveRecord.php(143): CActiveRecord->getRelated('user')
#8 /Users/mac/Sites/mod02/protected/modules/admin/components/AdminHeader.php(19): CActiveRecord->__get('user')
#9 /Users/mac/Sites/mod02/framework/web/CBaseController.php(173): AdminHeader->run()
#10 /Users/mac/Sites/mod02/protected/modules/admin/views/default/index.php(55): CBaseController->widget('AdminHeader')
#11 /Users/mac/Sites/mod02/framework/web/CBaseController.php(126): require('/Users/mac/Site...')
#12 /Users/mac/Sites/mod02/framework/web/CBaseController.php(95): CBaseController->renderInternal('/Users/mac/Site...', Array, true)
#13 /Users/mac/Sites/mod02/framework/web/CController.php(869): CBaseController->renderFile('/Users/mac/Site...', Array, true)
#14 /Users/mac/Sites/mod02/framework/web/CController.php(782): CController->renderPartial('index', Array, true)
#15 /Users/mac/Sites/mod02/protected/modules/admin/controllers/DefaultController.php(73): CController->render('index', Array)
#16 /Users/mac/Sites/mod02/framework/web/actions/CInlineAction.php(49): DefaultController->actionIndex()
#17 /Users/mac/Sites/mod02/framework/web/CController.php(308): CInlineAction->runWithParams(Array)
#18 /Users/mac/Sites/mod02/framework/web/CController.php(286): CController->runAction(Object(CInlineAction))
#19 /Users/mac/Sites/mod02/framework/web/CController.php(265): CController->runActionWithFilters(Object(CInlineAction), Array)
#20 /Users/mac/Sites/mod02/framework/web/CWebApplication.php(282): CController->run('')
#21 /Users/mac/Sites/mod02/framework/web/CWebApplication.php(141): CWebApplication->runController('admin')
#22 /Users/mac/Sites/mod02/framework/base/CApplication.php(180): CWebApplication->processRequest()
#23 /Users/mac/Sites/mod02/index.php(13): CApplication->run()
#24 {main}
REQUEST_URI=/mod02/index.php/admin/
---
2016/12/09 14:31:27 [error] [exception.ParseError] ParseError: syntax error, unexpected '}', expecting ';' in /Users/mac/Sites/mod02/protected/models/User.php:405
Stack trace:
#0 [internal function]: YiiBase::autoload('User')
#1 /Users/mac/Sites/mod02/framework/db/ar/CActiveRecord.php(395): spl_autoload_call('User')
#2 /Users/mac/Sites/mod02/framework/db/ar/CActiveFinder.php(182): CActiveRecord::model('User')
#3 /Users/mac/Sites/mod02/framework/db/ar/CActiveFinder.php(230): CActiveFinder->getModel('User')
#4 /Users/mac/Sites/mod02/framework/db/ar/CActiveFinder.php(48): CActiveFinder->buildJoinTree(Object(CJoinElement), 'user')
#5 /Users/mac/Sites/mod02/framework/db/ar/CActiveRecord.php(909): CActiveFinder->__construct(Object(Account), 'user')
#6 /Users/mac/Sites/mod02/framework/db/ar/CActiveRecord.php(280): CActiveRecord->getActiveFinder('user')
#7 /Users/mac/Sites/mod02/framework/db/ar/CActiveRecord.php(143): CActiveRecord->getRelated('user')
#8 /Users/mac/Sites/mod02/protected/modules/admin/components/AdminHeader.php(19): CActiveRecord->__get('user')
#9 /Users/mac/Sites/mod02/framework/web/CBaseController.php(173): AdminHeader->run()
#10 /Users/mac/Sites/mod02/protected/modules/admin/views/default/index.php(55): CBaseController->widget('AdminHeader')
#11 /Users/mac/Sites/mod02/framework/web/CBaseController.php(126): require('/Users/mac/Site...')
#12 /Users/mac/Sites/mod02/framework/web/CBaseController.php(95): CBaseController->renderInternal('/Users/mac/Site...', Array, true)
#13 /Users/mac/Sites/mod02/framework/web/CController.php(869): CBaseController->renderFile('/Users/mac/Site...', Array, true)
#14 /Users/mac/Sites/mod02/framework/web/CController.php(782): CController->renderPartial('index', Array, true)
#15 /Users/mac/Sites/mod02/protected/modules/admin/controllers/DefaultController.php(73): CController->render('index', Array)
#16 /Users/mac/Sites/mod02/framework/web/actions/CInlineAction.php(49): DefaultController->actionIndex()
#17 /Users/mac/Sites/mod02/framework/web/CController.php(308): CInlineAction->runWithParams(Array)
#18 /Users/mac/Sites/mod02/framework/web/CController.php(286): CController->runAction(Object(CInlineAction))
#19 /Users/mac/Sites/mod02/framework/web/CController.php(265): CController->runActionWithFilters(Object(CInlineAction), Array)
#20 /Users/mac/Sites/mod02/framework/web/CWebApplication.php(282): CController->run('index')
#21 /Users/mac/Sites/mod02/framework/web/CWebApplication.php(141): CWebApplication->runController('admin/default/i...')
#22 /Users/mac/Sites/mod02/framework/base/CApplication.php(180): CWebApplication->processRequest()
#23 /Users/mac/Sites/mod02/index.php(13): CApplication->run()
#24 {main}
REQUEST_URI=/mod02/index.php/admin/default/index
HTTP_REFERER=http://localhost:8888/mod02/index.php/admin/default/login
---
2016/12/09 14:37:38 [error] [exception.ParseError] ParseError: syntax error, unexpected ':', expecting ';' in /Users/mac/Sites/mod02/protected/models/User.php:417
Stack trace:
#0 [internal function]: YiiBase::autoload('User')
#1 /Users/mac/Sites/mod02/protected/controllers/AccountController.php(1231): spl_autoload_call('User')
#2 /Users/mac/Sites/mod02/framework/web/actions/CInlineAction.php(49): AccountController->actionListInactiveDelegates()
#3 /Users/mac/Sites/mod02/framework/web/CController.php(308): CInlineAction->runWithParams(Array)
#4 /Users/mac/Sites/mod02/framework/web/filters/CFilterChain.php(133): CController->runAction(Object(CInlineAction))
#5 /Users/mac/Sites/mod02/framework/web/filters/CFilter.php(40): CFilterChain->run()
#6 /Users/mac/Sites/mod02/framework/web/CController.php(1145): CFilter->filter(Object(CFilterChain))
#7 /Users/mac/Sites/mod02/framework/web/filters/CInlineFilter.php(58): CController->filterAccessControl(Object(CFilterChain))
#8 /Users/mac/Sites/mod02/framework/web/filters/CFilterChain.php(130): CInlineFilter->filter(Object(CFilterChain))
#9 /Users/mac/Sites/mod02/framework/web/CController.php(291): CFilterChain->run()
#10 /Users/mac/Sites/mod02/framework/web/CController.php(265): CController->runActionWithFilters(Object(CInlineAction), Array)
#11 /Users/mac/Sites/mod02/framework/web/CWebApplication.php(282): CController->run('listInactiveDel...')
#12 /Users/mac/Sites/mod02/framework/web/CWebApplication.php(141): CWebApplication->runController('account/listIna...')
#13 /Users/mac/Sites/mod02/framework/base/CApplication.php(180): CWebApplication->processRequest()
#14 /Users/mac/Sites/mod02/index.php(13): CApplication->run()
#15 {main}
REQUEST_URI=/mod02/index.php/account/listInactiveDelegates
HTTP_REFERER=http://localhost:8888/mod02/index.php/account/listInactiveDelegates
---
2016/12/09 14:52:53 [error] [php] Undefined variable: age (/Users/mac/Sites/mod02/protected/models/User.php:403)
Stack trace:
#0 /Users/mac/Sites/mod02/framework/web/CController.php(308): CInlineAction->runWithParams()
#1 /Users/mac/Sites/mod02/framework/web/filters/CFilterChain.php(133): AccountController->runAction()
#2 /Users/mac/Sites/mod02/framework/web/filters/CFilter.php(40): CFilterChain->run()
#3 /Users/mac/Sites/mod02/framework/web/CController.php(1145): CAccessControlFilter->filter()
#4 /Users/mac/Sites/mod02/framework/web/filters/CInlineFilter.php(58): AccountController->filterAccessControl()
#5 /Users/mac/Sites/mod02/framework/web/filters/CFilterChain.php(130): CInlineFilter->filter()
#6 /Users/mac/Sites/mod02/framework/web/CController.php(291): CFilterChain->run()
#7 /Users/mac/Sites/mod02/framework/web/CController.php(265): AccountController->runActionWithFilters()
#8 /Users/mac/Sites/mod02/framework/web/CWebApplication.php(282): AccountController->run()
#9 /Users/mac/Sites/mod02/framework/web/CWebApplication.php(141): CWebApplication->runController()
#10 /Users/mac/Sites/mod02/framework/base/CApplication.php(180): CWebApplication->processRequest()
#11 /Users/mac/Sites/mod02/index.php(13): CWebApplication->run()
REQUEST_URI=/mod02/index.php/account/test
in /Users/mac/Sites/mod02/protected/models/User.php (403)
in /Users/mac/Sites/mod02/protected/controllers/AccountController.php (1543)
in /Users/mac/Sites/mod02/index.php (13)
2016/12/09 15:15:42 [error] [php] fsockopen(): SSL operation failed with code 1. OpenSSL Error messages:
error:14090086:SSL routines:ssl3_get_server_certificate:certificate verify failed (/Users/mac/Sites/mod02/protected/extensions/swiftMailer/lib/classes/Swift/Transport/StreamBuffer.php:243)
Stack trace:
#0 /Users/mac/Sites/mod02/protected/extensions/swiftMailer/lib/classes/Swift/Transport/AbstractSmtpTransport.php(111): Swift_Transport_StreamBuffer->initialize()
#1 /Users/mac/Sites/mod02/protected/extensions/swiftMailer/lib/classes/Swift/Mailer.php(84): Swift_SmtpTransport->start()
#2 /Users/mac/Sites/mod02/protected/models/EmailWrapper.php(126): Swift_Mailer->send()
#3 /Users/mac/Sites/mod02/protected/models/Account.php(335): EmailWrapper->sendMessage()
#4 /Users/mac/Sites/mod02/protected/controllers/AccountController.php(1425): Account->populateMsgProperties()
#5 unknown(0): AccountController->actionActivateAccount()
#6 /Users/mac/Sites/mod02/framework/web/actions/CAction.php(108): ReflectionMethod->invokeArgs()
#7 /Users/mac/Sites/mod02/framework/web/actions/CInlineAction.php(47): CInlineAction->runWithParamsInternal()
#8 /Users/mac/Sites/mod02/framework/web/CController.php(308): CInlineAction->runWithParams()
#9 /Users/mac/Sites/mod02/framework/web/filters/CFilterChain.php(133): AccountController->runAction()
#10 /Users/mac/Sites/mod02/framework/web/filters/CFilter.php(40): CFilterChain->run()
#11 /Users/mac/Sites/mod02/framework/web/CController.php(1145): CAccessControlFilter->filter()
#12 /Users/mac/Sites/mod02/framework/web/filters/CInlineFilter.php(58): AccountController->filterAccessControl()
#13 /Users/mac/Sites/mod02/framework/web/filters/CFilterChain.php(130): CInlineFilter->filter()
#14 /Users/mac/Sites/mod02/framework/web/CController.php(291): CFilterChain->run()
#15 /Users/mac/Sites/mod02/framework/web/CController.php(265): AccountController->runActionWithFilters()
#16 /Users/mac/Sites/mod02/framework/web/CWebApplication.php(282): AccountController->run()
#17 /Users/mac/Sites/mod02/framework/web/CWebApplication.php(141): CWebApplication->runController()
#18 /Users/mac/Sites/mod02/framework/base/CApplication.php(180): CWebApplication->processRequest()
#19 /Users/mac/Sites/mod02/index.php(13): CWebApplication->run()
REQUEST_URI=/mod02/index.php/account/activateAccount/903
in /Users/mac/Sites/mod02/protected/extensions/swiftMailer/lib/classes/Swift/Transport/StreamBuffer.php (243)
in /Users/mac/Sites/mod02/protected/extensions/swiftMailer/lib/classes/Swift/Transport/StreamBuffer.php (80)
in /Users/mac/Sites/mod02/protected/extensions/swiftMailer/lib/classes/Swift/Transport/AbstractSmtpTransport.php (111)
2016/12/09 15:31:22 [error] [php] fsockopen(): SSL operation failed with code 1. OpenSSL Error messages:
error:14090086:SSL routines:ssl3_get_server_certificate:certificate verify failed (/Users/mac/Sites/mod02/protected/extensions/swiftMailer/lib/classes/Swift/Transport/StreamBuffer.php:243)
Stack trace:
#0 /Users/mac/Sites/mod02/protected/extensions/swiftMailer/lib/classes/Swift/Transport/AbstractSmtpTransport.php(111): Swift_Transport_StreamBuffer->initialize()
#1 /Users/mac/Sites/mod02/protected/extensions/swiftMailer/lib/classes/Swift/Mailer.php(84): Swift_SmtpTransport->start()
#2 /Users/mac/Sites/mod02/protected/models/EmailWrapper.php(126): Swift_Mailer->send()
#3 /Users/mac/Sites/mod02/protected/models/Account.php(335): EmailWrapper->sendMessage()
#4 /Users/mac/Sites/mod02/protected/models/Account.php(368): Account->populateMsgProperties()
#5 /Users/mac/Sites/mod02/protected/controllers/AccountController.php(1415): Account->newSenNotif()
#6 unknown(0): AccountController->actionActivateAccount()
#7 /Users/mac/Sites/mod02/framework/web/actions/CAction.php(108): ReflectionMethod->invokeArgs()
#8 /Users/mac/Sites/mod02/framework/web/actions/CInlineAction.php(47): CInlineAction->runWithParamsInternal()
#9 /Users/mac/Sites/mod02/framework/web/CController.php(308): CInlineAction->runWithParams()
#10 /Users/mac/Sites/mod02/framework/web/filters/CFilterChain.php(133): AccountController->runAction()
#11 /Users/mac/Sites/mod02/framework/web/filters/CFilter.php(40): CFilterChain->run()
#12 /Users/mac/Sites/mod02/framework/web/CController.php(1145): CAccessControlFilter->filter()
#13 /Users/mac/Sites/mod02/framework/web/filters/CInlineFilter.php(58): AccountController->filterAccessControl()
#14 /Users/mac/Sites/mod02/framework/web/filters/CFilterChain.php(130): CInlineFilter->filter()
#15 /Users/mac/Sites/mod02/framework/web/CController.php(291): CFilterChain->run()
#16 /Users/mac/Sites/mod02/framework/web/CController.php(265): AccountController->runActionWithFilters()
#17 /Users/mac/Sites/mod02/framework/web/CWebApplication.php(282): AccountController->run()
#18 /Users/mac/Sites/mod02/framework/web/CWebApplication.php(141): CWebApplication->runController()
#19 /Users/mac/Sites/mod02/framework/base/CApplication.php(180): CWebApplication->processRequest()
#20 /Users/mac/Sites/mod02/index.php(13): CWebApplication->run()
REQUEST_URI=/mod02/index.php/account/activateAccount/4339
in /Users/mac/Sites/mod02/protected/extensions/swiftMailer/lib/classes/Swift/Transport/StreamBuffer.php (243)
in /Users/mac/Sites/mod02/protected/extensions/swiftMailer/lib/classes/Swift/Transport/StreamBuffer.php (80)
in /Users/mac/Sites/mod02/protected/extensions/swiftMailer/lib/classes/Swift/Transport/AbstractSmtpTransport.php (111)
2016/12/09 15:35:37 [error] [php] fsockopen(): SSL operation failed with code 1. OpenSSL Error messages:
error:14090086:SSL routines:ssl3_get_server_certificate:certificate verify failed (/Users/mac/Sites/mod02/protected/extensions/swiftMailer/lib/classes/Swift/Transport/StreamBuffer.php:243)
Stack trace:
#0 /Users/mac/Sites/mod02/protected/extensions/swiftMailer/lib/classes/Swift/Transport/AbstractSmtpTransport.php(111): Swift_Transport_StreamBuffer->initialize()
#1 /Users/mac/Sites/mod02/protected/extensions/swiftMailer/lib/classes/Swift/Mailer.php(84): Swift_SmtpTransport->start()
#2 /Users/mac/Sites/mod02/protected/models/EmailWrapper.php(126): Swift_Mailer->send()
#3 /Users/mac/Sites/mod02/protected/models/Account.php(335): EmailWrapper->sendMessage()
#4 /Users/mac/Sites/mod02/protected/models/Account.php(368): Account->populateMsgProperties()
#5 /Users/mac/Sites/mod02/protected/controllers/AccountController.php(1415): Account->newSenNotif()
#6 unknown(0): AccountController->actionActivateAccount()
#7 /Users/mac/Sites/mod02/framework/web/actions/CAction.php(108): ReflectionMethod->invokeArgs()
#8 /Users/mac/Sites/mod02/framework/web/actions/CInlineAction.php(47): CInlineAction->runWithParamsInternal()
#9 /Users/mac/Sites/mod02/framework/web/CController.php(308): CInlineAction->runWithParams()
#10 /Users/mac/Sites/mod02/framework/web/filters/CFilterChain.php(133): AccountController->runAction()
#11 /Users/mac/Sites/mod02/framework/web/filters/CFilter.php(40): CFilterChain->run()
#12 /Users/mac/Sites/mod02/framework/web/CController.php(1145): CAccessControlFilter->filter()
#13 /Users/mac/Sites/mod02/framework/web/filters/CInlineFilter.php(58): AccountController->filterAccessControl()
#14 /Users/mac/Sites/mod02/framework/web/filters/CFilterChain.php(130): CInlineFilter->filter()
#15 /Users/mac/Sites/mod02/framework/web/CController.php(291): CFilterChain->run()
#16 /Users/mac/Sites/mod02/framework/web/CController.php(265): AccountController->runActionWithFilters()
#17 /Users/mac/Sites/mod02/framework/web/CWebApplication.php(282): AccountController->run()
#18 /Users/mac/Sites/mod02/framework/web/CWebApplication.php(141): CWebApplication->runController()
#19 /Users/mac/Sites/mod02/framework/base/CApplication.php(180): CWebApplication->processRequest()
#20 /Users/mac/Sites/mod02/index.php(13): CWebApplication->run()
REQUEST_URI=/mod02/index.php/account/activateAccount/4338
in /Users/mac/Sites/mod02/protected/extensions/swiftMailer/lib/classes/Swift/Transport/StreamBuffer.php (243)
in /Users/mac/Sites/mod02/protected/extensions/swiftMailer/lib/classes/Swift/Transport/StreamBuffer.php (80)
in /Users/mac/Sites/mod02/protected/extensions/swiftMailer/lib/classes/Swift/Transport/AbstractSmtpTransport.php (111)
2016/12/09 15:36:00 [error] [php] fsockopen(): SSL operation failed with code 1. OpenSSL Error messages:
error:14090086:SSL routines:ssl3_get_server_certificate:certificate verify failed (/Users/mac/Sites/mod02/protected/extensions/swiftMailer/lib/classes/Swift/Transport/StreamBuffer.php:243)
Stack trace:
#0 /Users/mac/Sites/mod02/protected/extensions/swiftMailer/lib/classes/Swift/Transport/AbstractSmtpTransport.php(111): Swift_Transport_StreamBuffer->initialize()
#1 /Users/mac/Sites/mod02/protected/extensions/swiftMailer/lib/classes/Swift/Mailer.php(84): Swift_SmtpTransport->start()
#2 /Users/mac/Sites/mod02/protected/models/EmailWrapper.php(126): Swift_Mailer->send()
#3 /Users/mac/Sites/mod02/protected/models/Account.php(335): EmailWrapper->sendMessage()
#4 /Users/mac/Sites/mod02/protected/models/Account.php(368): Account->populateMsgProperties()
#5 /Users/mac/Sites/mod02/protected/controllers/AccountController.php(1415): Account->newSenNotif()
#6 unknown(0): AccountController->actionActivateAccount()
#7 /Users/mac/Sites/mod02/framework/web/actions/CAction.php(108): ReflectionMethod->invokeArgs()
#8 /Users/mac/Sites/mod02/framework/web/actions/CInlineAction.php(47): CInlineAction->runWithParamsInternal()
#9 /Users/mac/Sites/mod02/framework/web/CController.php(308): CInlineAction->runWithParams()
#10 /Users/mac/Sites/mod02/framework/web/filters/CFilterChain.php(133): AccountController->runAction()
#11 /Users/mac/Sites/mod02/framework/web/filters/CFilter.php(40): CFilterChain->run()
#12 /Users/mac/Sites/mod02/framework/web/CController.php(1145): CAccessControlFilter->filter()
#13 /Users/mac/Sites/mod02/framework/web/filters/CInlineFilter.php(58): AccountController->filterAccessControl()
#14 /Users/mac/Sites/mod02/framework/web/filters/CFilterChain.php(130): CInlineFilter->filter()
#15 /Users/mac/Sites/mod02/framework/web/CController.php(291): CFilterChain->run()
#16 /Users/mac/Sites/mod02/framework/web/CController.php(265): AccountController->runActionWithFilters()
#17 /Users/mac/Sites/mod02/framework/web/CWebApplication.php(282): AccountController->run()
#18 /Users/mac/Sites/mod02/framework/web/CWebApplication.php(141): CWebApplication->runController()
#19 /Users/mac/Sites/mod02/framework/base/CApplication.php(180): CWebApplication->processRequest()
#20 /Users/mac/Sites/mod02/index.php(13): CWebApplication->run()
REQUEST_URI=/mod02/index.php/account/activateAccount/4338
in /Users/mac/Sites/mod02/protected/extensions/swiftMailer/lib/classes/Swift/Transport/StreamBuffer.php (243)
in /Users/mac/Sites/mod02/protected/extensions/swiftMailer/lib/classes/Swift/Transport/StreamBuffer.php (80)
in /Users/mac/Sites/mod02/protected/extensions/swiftMailer/lib/classes/Swift/Transport/AbstractSmtpTransport.php (111)
2016/12/09 15:36:12 [error] [php] fsockopen(): SSL operation failed with code 1. OpenSSL Error messages:
error:14090086:SSL routines:ssl3_get_server_certificate:certificate verify failed (/Users/mac/Sites/mod02/protected/extensions/swiftMailer/lib/classes/Swift/Transport/StreamBuffer.php:243)
Stack trace:
#0 /Users/mac/Sites/mod02/protected/extensions/swiftMailer/lib/classes/Swift/Transport/AbstractSmtpTransport.php(111): Swift_Transport_StreamBuffer->initialize()
#1 /Users/mac/Sites/mod02/protected/extensions/swiftMailer/lib/classes/Swift/Mailer.php(84): Swift_SmtpTransport->start()
#2 /Users/mac/Sites/mod02/protected/models/EmailWrapper.php(126): Swift_Mailer->send()
#3 /Users/mac/Sites/mod02/protected/models/Account.php(335): EmailWrapper->sendMessage()
#4 /Users/mac/Sites/mod02/protected/models/Account.php(368): Account->populateMsgProperties()
#5 /Users/mac/Sites/mod02/protected/controllers/AccountController.php(1415): Account->newSenNotif()
#6 unknown(0): AccountController->actionActivateAccount()
#7 /Users/mac/Sites/mod02/framework/web/actions/CAction.php(108): ReflectionMethod->invokeArgs()
#8 /Users/mac/Sites/mod02/framework/web/actions/CInlineAction.php(47): CInlineAction->runWithParamsInternal()
#9 /Users/mac/Sites/mod02/framework/web/CController.php(308): CInlineAction->runWithParams()
#10 /Users/mac/Sites/mod02/framework/web/filters/CFilterChain.php(133): AccountController->runAction()
#11 /Users/mac/Sites/mod02/framework/web/filters/CFilter.php(40): CFilterChain->run()
#12 /Users/mac/Sites/mod02/framework/web/CController.php(1145): CAccessControlFilter->filter()
#13 /Users/mac/Sites/mod02/framework/web/filters/CInlineFilter.php(58): AccountController->filterAccessControl()
#14 /Users/mac/Sites/mod02/framework/web/filters/CFilterChain.php(130): CInlineFilter->filter()
#15 /Users/mac/Sites/mod02/framework/web/CController.php(291): CFilterChain->run()
#16 /Users/mac/Sites/mod02/framework/web/CController.php(265): AccountController->runActionWithFilters()
#17 /Users/mac/Sites/mod02/framework/web/CWebApplication.php(282): AccountController->run()
#18 /Users/mac/Sites/mod02/framework/web/CWebApplication.php(141): CWebApplication->runController()
#19 /Users/mac/Sites/mod02/framework/base/CApplication.php(180): CWebApplication->processRequest()
#20 /Users/mac/Sites/mod02/index.php(13): CWebApplication->run()
REQUEST_URI=/mod02/index.php/account/activateAccount/4337
in /Users/mac/Sites/mod02/protected/extensions/swiftMailer/lib/classes/Swift/Transport/StreamBuffer.php (243)
in /Users/mac/Sites/mod02/protected/extensions/swiftMailer/lib/classes/Swift/Transport/StreamBuffer.php (80)
in /Users/mac/Sites/mod02/protected/extensions/swiftMailer/lib/classes/Swift/Transport/AbstractSmtpTransport.php (111)
2016/12/09 15:41:38 [error] [php] fsockopen(): SSL operation failed with code 1. OpenSSL Error messages:
error:14090086:SSL routines:ssl3_get_server_certificate:certificate verify failed (/Users/mac/Sites/mod02/protected/extensions/swiftMailer/lib/classes/Swift/Transport/StreamBuffer.php:243)
Stack trace:
#0 /Users/mac/Sites/mod02/protected/extensions/swiftMailer/lib/classes/Swift/Transport/AbstractSmtpTransport.php(111): Swift_Transport_StreamBuffer->initialize()
#1 /Users/mac/Sites/mod02/protected/extensions/swiftMailer/lib/classes/Swift/Mailer.php(84): Swift_SmtpTransport->start()
#2 /Users/mac/Sites/mod02/protected/models/EmailWrapper.php(126): Swift_Mailer->send()
#3 /Users/mac/Sites/mod02/protected/models/Account.php(335): EmailWrapper->sendMessage()
#4 /Users/mac/Sites/mod02/protected/controllers/AccountController.php(1425): Account->populateMsgProperties()
#5 unknown(0): AccountController->actionActivateAccount()
#6 /Users/mac/Sites/mod02/framework/web/actions/CAction.php(108): ReflectionMethod->invokeArgs()
#7 /Users/mac/Sites/mod02/framework/web/actions/CInlineAction.php(47): CInlineAction->runWithParamsInternal()
#8 /Users/mac/Sites/mod02/framework/web/CController.php(308): CInlineAction->runWithParams()
#9 /Users/mac/Sites/mod02/framework/web/filters/CFilterChain.php(133): AccountController->runAction()
#10 /Users/mac/Sites/mod02/framework/web/filters/CFilter.php(40): CFilterChain->run()
#11 /Users/mac/Sites/mod02/framework/web/CController.php(1145): CAccessControlFilter->filter()
#12 /Users/mac/Sites/mod02/framework/web/filters/CInlineFilter.php(58): AccountController->filterAccessControl()
#13 /Users/mac/Sites/mod02/framework/web/filters/CFilterChain.php(130): CInlineFilter->filter()
#14 /Users/mac/Sites/mod02/framework/web/CController.php(291): CFilterChain->run()
#15 /Users/mac/Sites/mod02/framework/web/CController.php(265): AccountController->runActionWithFilters()
#16 /Users/mac/Sites/mod02/framework/web/CWebApplication.php(282): AccountController->run()
#17 /Users/mac/Sites/mod02/framework/web/CWebApplication.php(141): CWebApplication->runController()
#18 /Users/mac/Sites/mod02/framework/base/CApplication.php(180): CWebApplication->processRequest()
#19 /Users/mac/Sites/mod02/index.php(13): CWebApplication->run()
REQUEST_URI=/mod02/index.php/account/activateAccount/2897
in /Users/mac/Sites/mod02/protected/extensions/swiftMailer/lib/classes/Swift/Transport/StreamBuffer.php (243)
in /Users/mac/Sites/mod02/protected/extensions/swiftMailer/lib/classes/Swift/Transport/StreamBuffer.php (80)
in /Users/mac/Sites/mod02/protected/extensions/swiftMailer/lib/classes/Swift/Transport/AbstractSmtpTransport.php (111)
2016/12/09 16:11:54 [error] [php] fsockopen(): SSL operation failed with code 1. OpenSSL Error messages:
error:14090086:SSL routines:ssl3_get_server_certificate:certificate verify failed (/Users/mac/Sites/mod02/protected/extensions/swiftMailer/lib/classes/Swift/Transport/StreamBuffer.php:243)
Stack trace:
#0 /Users/mac/Sites/mod02/protected/extensions/swiftMailer/lib/classes/Swift/Transport/AbstractSmtpTransport.php(111): Swift_Transport_StreamBuffer->initialize()
#1 /Users/mac/Sites/mod02/protected/extensions/swiftMailer/lib/classes/Swift/Mailer.php(84): Swift_SmtpTransport->start()
#2 /Users/mac/Sites/mod02/protected/models/EmailWrapper.php(126): Swift_Mailer->send()
#3 /Users/mac/Sites/mod02/protected/models/Account.php(335): EmailWrapper->sendMessage()
#4 /Users/mac/Sites/mod02/protected/controllers/AccountController.php(1425): Account->populateMsgProperties()
#5 unknown(0): AccountController->actionActivateAccount()
#6 /Users/mac/Sites/mod02/framework/web/actions/CAction.php(108): ReflectionMethod->invokeArgs()
#7 /Users/mac/Sites/mod02/framework/web/actions/CInlineAction.php(47): CInlineAction->runWithParamsInternal()
#8 /Users/mac/Sites/mod02/framework/web/CController.php(308): CInlineAction->runWithParams()
#9 /Users/mac/Sites/mod02/framework/web/filters/CFilterChain.php(133): AccountController->runAction()
#10 /Users/mac/Sites/mod02/framework/web/filters/CFilter.php(40): CFilterChain->run()
#11 /Users/mac/Sites/mod02/framework/web/CController.php(1145): CAccessControlFilter->filter()
#12 /Users/mac/Sites/mod02/framework/web/filters/CInlineFilter.php(58): AccountController->filterAccessControl()
#13 /Users/mac/Sites/mod02/framework/web/filters/CFilterChain.php(130): CInlineFilter->filter()
#14 /Users/mac/Sites/mod02/framework/web/CController.php(291): CFilterChain->run()
#15 /Users/mac/Sites/mod02/framework/web/CController.php(265): AccountController->runActionWithFilters()
#16 /Users/mac/Sites/mod02/framework/web/CWebApplication.php(282): AccountController->run()
#17 /Users/mac/Sites/mod02/framework/web/CWebApplication.php(141): CWebApplication->runController()
#18 /Users/mac/Sites/mod02/framework/base/CApplication.php(180): CWebApplication->processRequest()
#19 /Users/mac/Sites/mod02/index.php(13): CWebApplication->run()
REQUEST_URI=/mod02/index.php/account/activateAccount/2897
in /Users/mac/Sites/mod02/protected/extensions/swiftMailer/lib/classes/Swift/Transport/StreamBuffer.php (243)
in /Users/mac/Sites/mod02/protected/extensions/swiftMailer/lib/classes/Swift/Transport/StreamBuffer.php (80)
in /Users/mac/Sites/mod02/protected/extensions/swiftMailer/lib/classes/Swift/Transport/AbstractSmtpTransport.php (111)
2016/12/10 14:25:56 [error] [php] Trying to get property of non-object (/Users/mac/Sites/mod02/protected/modules/admin/views/userBusiness/_list_user_businesses.php:3)
Stack trace:
#0 /Users/mac/Sites/mod02/framework/zii/widgets/CListView.php(291): UserBusinessController->renderFile()
#1 /Users/mac/Sites/mod02/framework/zii/widgets/CBaseListView.php(167): CListView->renderItems()
#2 unknown(0): CListView->renderSection()
#3 /Users/mac/Sites/mod02/framework/zii/widgets/CBaseListView.php(150): preg_replace_callback()
#4 /Users/mac/Sites/mod02/framework/zii/widgets/CBaseListView.php(135): CListView->renderContent()
#5 /Users/mac/Sites/mod02/framework/web/CBaseController.php(173): CListView->run()
#6 /Users/mac/Sites/mod02/protected/modules/admin/views/userBusiness/index.php(151): UserBusinessController->widget()
#7 /Users/mac/Sites/mod02/framework/web/CBaseController.php(126): require()
#8 /Users/mac/Sites/mod02/framework/web/CBaseController.php(95): UserBusinessController->renderInternal()
#9 /Users/mac/Sites/mod02/framework/web/CController.php(869): UserBusinessController->renderFile()
#10 /Users/mac/Sites/mod02/framework/web/CController.php(782): UserBusinessController->renderPartial()
#11 /Users/mac/Sites/mod02/protected/modules/admin/controllers/UserBusinessController.php(158): UserBusinessController->render()
#12 /Users/mac/Sites/mod02/framework/web/actions/CInlineAction.php(49): UserBusinessController->actionIndex()
#13 /Users/mac/Sites/mod02/framework/web/CController.php(308): CInlineAction->runWithParams()
#14 /Users/mac/Sites/mod02/framework/web/filters/CFilterChain.php(133): UserBusinessController->runAction()
#15 /Users/mac/Sites/mod02/framework/web/filters/CFilter.php(40): CFilterChain->run()
#16 /Users/mac/Sites/mod02/framework/web/CController.php(1145): CAccessControlFilter->filter()
#17 /Users/mac/Sites/mod02/framework/web/filters/CInlineFilter.php(58): UserBusinessController->filterAccessControl()
#18 /Users/mac/Sites/mod02/framework/web/filters/CFilterChain.php(130): CInlineFilter->filter()
#19 /Users/mac/Sites/mod02/framework/web/CController.php(291): CFilterChain->run()
#20 /Users/mac/Sites/mod02/framework/web/CController.php(265): UserBusinessController->runActionWithFilters()
#21 /Users/mac/Sites/mod02/framework/web/CWebApplication.php(282): UserBusinessController->run()
#22 /Users/mac/Sites/mod02/framework/web/CWebApplication.php(141): CWebApplication->runController()
#23 /Users/mac/Sites/mod02/framework/base/CApplication.php(180): CWebApplication->processRequest()
#24 /Users/mac/Sites/mod02/index.php(13): CWebApplication->run()
REQUEST_URI=/mod02/index.php/admin/userBusiness/index
in /Users/mac/Sites/mod02/protected/modules/admin/views/userBusiness/_list_user_businesses.php (3)
in /Users/mac/Sites/mod02/protected/modules/admin/views/userBusiness/index.php (151)
in /Users/mac/Sites/mod02/protected/modules/admin/controllers/UserBusinessController.php (158)
2016/12/12 15:09:38 [error] [exception.ParseError] ParseError: syntax error, unexpected ';', expecting ')' in /Users/mac/Sites/mod02/protected/controllers/AccountController.php:67
Stack trace:
#0 /Users/mac/Sites/mod02/framework/web/CWebApplication.php(276): CWebApplication->createController('index/')
#1 /Users/mac/Sites/mod02/framework/web/CWebApplication.php(141): CWebApplication->runController('account/index')
#2 /Users/mac/Sites/mod02/framework/base/CApplication.php(180): CWebApplication->processRequest()
#3 /Users/mac/Sites/mod02/index.php(13): CApplication->run()
#4 {main}
REQUEST_URI=/mod02/index.php/account/index
HTTP_REFERER=http://localhost:8888/mod02/index.php/account/index
---
2016/12/12 15:10:09 [error] [exception.ParseError] ParseError: syntax error, unexpected ';', expecting ',' or ')' in /Users/mac/Sites/mod02/protected/controllers/AccountController.php:67
Stack trace:
#0 /Users/mac/Sites/mod02/framework/web/CWebApplication.php(276): CWebApplication->createController('index/')
#1 /Users/mac/Sites/mod02/framework/web/CWebApplication.php(141): CWebApplication->runController('account/index')
#2 /Users/mac/Sites/mod02/framework/base/CApplication.php(180): CWebApplication->processRequest()
#3 /Users/mac/Sites/mod02/index.php(13): CApplication->run()
#4 {main}
REQUEST_URI=/mod02/index.php/account/index
---
2016/12/12 15:10:56 [error] [exception.ParseError] ParseError: syntax error, unexpected ')' in /Users/mac/Sites/mod02/protected/controllers/AccountController.php:74
Stack trace:
#0 /Users/mac/Sites/mod02/framework/web/CWebApplication.php(276): CWebApplication->createController('index/')
#1 /Users/mac/Sites/mod02/framework/web/CWebApplication.php(141): CWebApplication->runController('account/index')
#2 /Users/mac/Sites/mod02/framework/base/CApplication.php(180): CWebApplication->processRequest()
#3 /Users/mac/Sites/mod02/index.php(13): CApplication->run()
#4 {main}
REQUEST_URI=/mod02/index.php/account/index
---
2016/12/12 15:11:38 [error] [exception.CException] CException: Property "UserPositions.project_title" is not defined. in /Users/mac/Sites/mod02/framework/base/CComponent.php:130
Stack trace:
#0 /Users/mac/Sites/mod02/framework/db/ar/CActiveRecord.php(145): CComponent->__get('project_title')
#1 /Users/mac/Sites/mod02/protected/views/account/_list_projects.php(2): CActiveRecord->__get('project_title')
#2 /Users/mac/Sites/mod02/framework/web/CBaseController.php(130): require('/Users/mac/Site...')
#3 /Users/mac/Sites/mod02/framework/web/CBaseController.php(95): CBaseController->renderInternal('/Users/mac/Site...', Array, false)
#4 /Users/mac/Sites/mod02/framework/zii/widgets/CListView.php(291): CBaseController->renderFile('/Users/mac/Site...', Array)
#5 /Users/mac/Sites/mod02/framework/zii/widgets/CBaseListView.php(167): CListView->renderItems()
#6 [internal function]: CBaseListView->renderSection(Array)
#7 /Users/mac/Sites/mod02/framework/zii/widgets/CBaseListView.php(150): preg_replace_callback('/{(\\w+)}/', Array, '{sorter}<table ...')
#8 /Users/mac/Sites/mod02/framework/zii/widgets/CBaseListView.php(135): CBaseListView->renderContent()
#9 /Users/mac/Sites/mod02/framework/web/CBaseController.php(173): CBaseListView->run()
#10 /Users/mac/Sites/mod02/protected/views/account/profile.php(361): CBaseController->widget('zii.widgets.CLi...', Array)
#11 /Users/mac/Sites/mod02/framework/web/CBaseController.php(126): require('/Users/mac/Site...')
#12 /Users/mac/Sites/mod02/framework/web/CBaseController.php(95): CBaseController->renderInternal('/Users/mac/Site...', Array, true)
#13 /Users/mac/Sites/mod02/framework/web/CController.php(869): CBaseController->renderFile('/Users/mac/Site...', Array, true)
#14 /Users/mac/Sites/mod02/framework/web/CController.php(782): CController->renderPartial('profile', Array, true)
#15 /Users/mac/Sites/mod02/protected/controllers/AccountController.php(418): CController->render('profile', Array)
#16 /Users/mac/Sites/mod02/framework/web/actions/CInlineAction.php(49): AccountController->actionProfile()
#17 /Users/mac/Sites/mod02/framework/web/CController.php(308): CInlineAction->runWithParams(Array)
#18 /Users/mac/Sites/mod02/framework/web/filters/CFilterChain.php(133): CController->runAction(Object(CInlineAction))
#19 /Users/mac/Sites/mod02/framework/web/filters/CFilter.php(40): CFilterChain->run()
#20 /Users/mac/Sites/mod02/framework/web/CController.php(1145): CFilter->filter(Object(CFilterChain))
#21 /Users/mac/Sites/mod02/framework/web/filters/CInlineFilter.php(58): CController->filterAccessControl(Object(CFilterChain))
#22 /Users/mac/Sites/mod02/framework/web/filters/CFilterChain.php(130): CInlineFilter->filter(Object(CFilterChain))
#23 /Users/mac/Sites/mod02/framework/web/CController.php(291): CFilterChain->run()
#24 /Users/mac/Sites/mod02/framework/web/CController.php(265): CController->runActionWithFilters(Object(CInlineAction), Array)
#25 /Users/mac/Sites/mod02/framework/web/CWebApplication.php(282): CController->run('profile')
#26 /Users/mac/Sites/mod02/framework/web/CWebApplication.php(141): CWebApplication->runController('account/profile')
#27 /Users/mac/Sites/mod02/framework/base/CApplication.php(180): CWebApplication->processRequest()
#28 /Users/mac/Sites/mod02/index.php(13): CApplication->run()
#29 {main}
REQUEST_URI=/mod02/index.php/account/profile
HTTP_REFERER=http://localhost:8888/mod02/index.php/account/index
---
2016/12/12 15:20:09 [error] [php] Trying to get property of non-object (/Users/mac/Sites/mod02/protected/modules/admin/views/userBusiness/_list_user_businesses.php:3)
Stack trace:
#0 /Users/mac/Sites/mod02/framework/zii/widgets/CListView.php(291): UserBusinessController->renderFile()
#1 /Users/mac/Sites/mod02/framework/zii/widgets/CBaseListView.php(167): CListView->renderItems()
#2 unknown(0): CListView->renderSection()
#3 /Users/mac/Sites/mod02/framework/zii/widgets/CBaseListView.php(150): preg_replace_callback()
#4 /Users/mac/Sites/mod02/framework/zii/widgets/CBaseListView.php(135): CListView->renderContent()
#5 /Users/mac/Sites/mod02/framework/web/CBaseController.php(173): CListView->run()
#6 /Users/mac/Sites/mod02/protected/modules/admin/views/userBusiness/index.php(151): UserBusinessController->widget()
#7 /Users/mac/Sites/mod02/framework/web/CBaseController.php(126): require()
#8 /Users/mac/Sites/mod02/framework/web/CBaseController.php(95): UserBusinessController->renderInternal()
#9 /Users/mac/Sites/mod02/framework/web/CController.php(869): UserBusinessController->renderFile()
#10 /Users/mac/Sites/mod02/framework/web/CController.php(782): UserBusinessController->renderPartial()
#11 /Users/mac/Sites/mod02/protected/modules/admin/controllers/UserBusinessController.php(158): UserBusinessController->render()
#12 /Users/mac/Sites/mod02/framework/web/actions/CInlineAction.php(49): UserBusinessController->actionIndex()
#13 /Users/mac/Sites/mod02/framework/web/CController.php(308): CInlineAction->runWithParams()
#14 /Users/mac/Sites/mod02/framework/web/filters/CFilterChain.php(133): UserBusinessController->runAction()
#15 /Users/mac/Sites/mod02/framework/web/filters/CFilter.php(40): CFilterChain->run()
#16 /Users/mac/Sites/mod02/framework/web/CController.php(1145): CAccessControlFilter->filter()
#17 /Users/mac/Sites/mod02/framework/web/filters/CInlineFilter.php(58): UserBusinessController->filterAccessControl()
#18 /Users/mac/Sites/mod02/framework/web/filters/CFilterChain.php(130): CInlineFilter->filter()
#19 /Users/mac/Sites/mod02/framework/web/CController.php(291): CFilterChain->run()
#20 /Users/mac/Sites/mod02/framework/web/CController.php(265): UserBusinessController->runActionWithFilters()
#21 /Users/mac/Sites/mod02/framework/web/CWebApplication.php(282): UserBusinessController->run()
#22 /Users/mac/Sites/mod02/framework/web/CWebApplication.php(141): CWebApplication->runController()
#23 /Users/mac/Sites/mod02/framework/base/CApplication.php(180): CWebApplication->processRequest()
#24 /Users/mac/Sites/mod02/index.php(13): CWebApplication->run()
REQUEST_URI=/mod02/index.php/admin/userBusiness/index
in /Users/mac/Sites/mod02/protected/modules/admin/views/userBusiness/_list_user_businesses.php (3)
in /Users/mac/Sites/mod02/protected/modules/admin/views/userBusiness/index.php (151)
in /Users/mac/Sites/mod02/protected/modules/admin/controllers/UserBusinessController.php (158)
2016/12/12 15:26:51 [error] [php] Undefined index: chapter (/Users/mac/Sites/mod02/protected/modules/admin/controllers/ChaptersController.php:45)
Stack trace:
#0 /Users/mac/Sites/mod02/framework/web/CController.php(286): ChaptersController->runAction()
#1 /Users/mac/Sites/mod02/framework/web/CController.php(265): ChaptersController->runActionWithFilters()
#2 /Users/mac/Sites/mod02/framework/web/CWebApplication.php(282): ChaptersController->run()
#3 /Users/mac/Sites/mod02/framework/web/CWebApplication.php(141): CWebApplication->runController()
#4 /Users/mac/Sites/mod02/framework/base/CApplication.php(180): CWebApplication->processRequest()
#5 /Users/mac/Sites/mod02/index.php(13): CWebApplication->run()
REQUEST_URI=/mod02/index.php/admin/chapters/save
in /Users/mac/Sites/mod02/protected/modules/admin/controllers/ChaptersController.php (45)
in /Users/mac/Sites/mod02/index.php (13)
2016/12/12 15:27:02 [error] [php] Undefined index: chapter (/Users/mac/Sites/mod02/protected/modules/admin/controllers/ChaptersController.php:45)
Stack trace:
#0 /Users/mac/Sites/mod02/framework/web/CController.php(286): ChaptersController->runAction()
#1 /Users/mac/Sites/mod02/framework/web/CController.php(265): ChaptersController->runActionWithFilters()
#2 /Users/mac/Sites/mod02/framework/web/CWebApplication.php(282): ChaptersController->run()
#3 /Users/mac/Sites/mod02/framework/web/CWebApplication.php(141): CWebApplication->runController()
#4 /Users/mac/Sites/mod02/framework/base/CApplication.php(180): CWebApplication->processRequest()
#5 /Users/mac/Sites/mod02/index.php(13): CWebApplication->run()
REQUEST_URI=/mod02/index.php/admin/chapters/save
in /Users/mac/Sites/mod02/protected/modules/admin/controllers/ChaptersController.php (45)
in /Users/mac/Sites/mod02/index.php (13)
2016/12/14 23:37:28 [error] [exception.CException] CException: User and its behaviors do not have a method or closure named "isActiveAndPendingToPres". in /Users/mac/Sites/mod02/framework/base/CComponent.php:266
Stack trace:
#0 /Users/mac/Sites/mod02/framework/db/ar/CActiveRecord.php(227): CComponent->__call('isActiveAndPend...', Array)
#1 /Users/mac/Sites/mod02/protected/models/User.php(419): CActiveRecord->__call('isActiveAndPend...', Array)
#2 /Users/mac/Sites/mod02/protected/models/Chapter.php(234): User::totalMembersByAge('A', '334')
#3 /Users/mac/Sites/mod02/protected/controllers/AccountController.php(1403): Chapter::checkIfLimitMaxed('A', '334')
#4 [internal function]: AccountController->actionActivateAccount('4339')
#5 /Users/mac/Sites/mod02/framework/web/actions/CAction.php(108): ReflectionMethod->invokeArgs(Object(AccountController), Array)
#6 /Users/mac/Sites/mod02/framework/web/actions/CInlineAction.php(47): CAction->runWithParamsInternal(Object(AccountController), Object(ReflectionMethod), Array)
#7 /Users/mac/Sites/mod02/framework/web/CController.php(308): CInlineAction->runWithParams(Array)
#8 /Users/mac/Sites/mod02/framework/web/filters/CFilterChain.php(133): CController->runAction(Object(CInlineAction))
#9 /Users/mac/Sites/mod02/framework/web/filters/CFilter.php(40): CFilterChain->run()
#10 /Users/mac/Sites/mod02/framework/web/CController.php(1145): CFilter->filter(Object(CFilterChain))
#11 /Users/mac/Sites/mod02/framework/web/filters/CInlineFilter.php(58): CController->filterAccessControl(Object(CFilterChain))
#12 /Users/mac/Sites/mod02/framework/web/filters/CFilterChain.php(130): CInlineFilter->filter(Object(CFilterChain))
#13 /Users/mac/Sites/mod02/framework/web/CController.php(291): CFilterChain->run()
#14 /Users/mac/Sites/mod02/framework/web/CController.php(265): CController->runActionWithFilters(Object(CInlineAction), Array)
#15 /Users/mac/Sites/mod02/framework/web/CWebApplication.php(282): CController->run('activateAccount')
#16 /Users/mac/Sites/mod02/framework/web/CWebApplication.php(141): CWebApplication->runController('account/activat...')
#17 /Users/mac/Sites/mod02/framework/base/CApplication.php(180): CWebApplication->processRequest()
#18 /Users/mac/Sites/mod02/index.php(13): CApplication->run()
#19 {main}
REQUEST_URI=/mod02/index.php/account/activateAccount/4339
HTTP_REFERER=http://localhost:8888/mod02/index.php/account/listInactiveDelegates
---
2016/12/14 23:39:41 [error] [system.db.CDbCommand] CDbCommand::fetchColumn() failed: SQLSTATE[42S22]: Column not found: 1054 Unknown column 'account.status_id' in 'where clause'. The SQL statement executed was: SELECT COUNT(*) FROM `jci_user` `t` INNER JOIN jci_account AS a ON a.id = t.account_id WHERE (((account.status_id = 1 OR account.status_id = 3) AND (a.account_type_id = 2)) AND (TIMESTAMPDIFF(YEAR, t.birthdate, CURDATE()) > 40)) AND (chapter_id = :cid).
in /Users/mac/Sites/mod02/protected/models/User.php (423)
in /Users/mac/Sites/mod02/protected/models/Chapter.php (234)
in /Users/mac/Sites/mod02/protected/controllers/AccountController.php (1403)
2016/12/14 23:39:41 [error] [exception.CDbException] CDbException: CDbCommand failed to execute the SQL statement: SQLSTATE[42S22]: Column not found: 1054 Unknown column 'account.status_id' in 'where clause'. The SQL statement executed was: SELECT COUNT(*) FROM `jci_user` `t` INNER JOIN jci_account AS a ON a.id = t.account_id WHERE (((account.status_id = 1 OR account.status_id = 3) AND (a.account_type_id = 2)) AND (TIMESTAMPDIFF(YEAR, t.birthdate, CURDATE()) > 40)) AND (chapter_id = :cid) in /Users/mac/Sites/mod02/framework/db/CDbCommand.php:543
Stack trace:
#0 /Users/mac/Sites/mod02/framework/db/CDbCommand.php(433): CDbCommand->queryInternal('fetchColumn', 0, Array)
#1 /Users/mac/Sites/mod02/framework/db/ar/CActiveRecord.php(1601): CDbCommand->queryScalar()
#2 /Users/mac/Sites/mod02/protected/models/User.php(423): CActiveRecord->count(Array)
#3 /Users/mac/Sites/mod02/protected/models/Chapter.php(234): User::totalMembersByAge('A', '334')
#4 /Users/mac/Sites/mod02/protected/controllers/AccountController.php(1403): Chapter::checkIfLimitMaxed('A', '334')
#5 [internal function]: AccountController->actionActivateAccount('4339')
#6 /Users/mac/Sites/mod02/framework/web/actions/CAction.php(108): ReflectionMethod->invokeArgs(Object(AccountController), Array)
#7 /Users/mac/Sites/mod02/framework/web/actions/CInlineAction.php(47): CAction->runWithParamsInternal(Object(AccountController), Object(ReflectionMethod), Array)
#8 /Users/mac/Sites/mod02/framework/web/CController.php(308): CInlineAction->runWithParams(Array)
#9 /Users/mac/Sites/mod02/framework/web/filters/CFilterChain.php(133): CController->runAction(Object(CInlineAction))
#10 /Users/mac/Sites/mod02/framework/web/filters/CFilter.php(40): CFilterChain->run()
#11 /Users/mac/Sites/mod02/framework/web/CController.php(1145): CFilter->filter(Object(CFilterChain))
#12 /Users/mac/Sites/mod02/framework/web/filters/CInlineFilter.php(58): CController->filterAccessControl(Object(CFilterChain))
#13 /Users/mac/Sites/mod02/framework/web/filters/CFilterChain.php(130): CInlineFilter->filter(Object(CFilterChain))
#14 /Users/mac/Sites/mod02/framework/web/CController.php(291): CFilterChain->run()
#15 /Users/mac/Sites/mod02/framework/web/CController.php(265): CController->runActionWithFilters(Object(CInlineAction), Array)
#16 /Users/mac/Sites/mod02/framework/web/CWebApplication.php(282): CController->run('activateAccount')
#17 /Users/mac/Sites/mod02/framework/web/CWebApplication.php(141): CWebApplication->runController('account/activat...')
#18 /Users/mac/Sites/mod02/framework/base/CApplication.php(180): CWebApplication->processRequest()
#19 /Users/mac/Sites/mod02/index.php(13): CApplication->run()
#20 {main}
REQUEST_URI=/mod02/index.php/account/activateAccount/4339
---
2016/12/14 23:40:25 [error] [php] fsockopen(): php_network_getaddresses: getaddrinfo failed: nodename nor servname provided, or not known (/Users/mac/Sites/mod02/protected/extensions/swiftMailer/lib/classes/Swift/Transport/StreamBuffer.php:243)
Stack trace:
#0 /Users/mac/Sites/mod02/protected/extensions/swiftMailer/lib/classes/Swift/Transport/AbstractSmtpTransport.php(111): Swift_Transport_StreamBuffer->initialize()
#1 /Users/mac/Sites/mod02/protected/extensions/swiftMailer/lib/classes/Swift/Mailer.php(84): Swift_SmtpTransport->start()
#2 /Users/mac/Sites/mod02/protected/models/EmailWrapper.php(126): Swift_Mailer->send()
#3 /Users/mac/Sites/mod02/protected/models/Account.php(339): EmailWrapper->sendMessage()
#4 /Users/mac/Sites/mod02/protected/models/Account.php(372): Account->populateMsgProperties()
#5 /Users/mac/Sites/mod02/protected/controllers/AccountController.php(1429): Account->newSenNotif()
#6 unknown(0): AccountController->actionActivateAccount()
#7 /Users/mac/Sites/mod02/framework/web/actions/CAction.php(108): ReflectionMethod->invokeArgs()
#8 /Users/mac/Sites/mod02/framework/web/actions/CInlineAction.php(47): CInlineAction->runWithParamsInternal()
#9 /Users/mac/Sites/mod02/framework/web/CController.php(308): CInlineAction->runWithParams()
#10 /Users/mac/Sites/mod02/framework/web/filters/CFilterChain.php(133): AccountController->runAction()
#11 /Users/mac/Sites/mod02/framework/web/filters/CFilter.php(40): CFilterChain->run()
#12 /Users/mac/Sites/mod02/framework/web/CController.php(1145): CAccessControlFilter->filter()
#13 /Users/mac/Sites/mod02/framework/web/filters/CInlineFilter.php(58): AccountController->filterAccessControl()
#14 /Users/mac/Sites/mod02/framework/web/filters/CFilterChain.php(130): CInlineFilter->filter()
#15 /Users/mac/Sites/mod02/framework/web/CController.php(291): CFilterChain->run()
#16 /Users/mac/Sites/mod02/framework/web/CController.php(265): AccountController->runActionWithFilters()
#17 /Users/mac/Sites/mod02/framework/web/CWebApplication.php(282): AccountController->run()
#18 /Users/mac/Sites/mod02/framework/web/CWebApplication.php(141): CWebApplication->runController()
#19 /Users/mac/Sites/mod02/framework/base/CApplication.php(180): CWebApplication->processRequest()
#20 /Users/mac/Sites/mod02/index.php(13): CWebApplication->run()
REQUEST_URI=/mod02/index.php/account/activateAccount/4339
in /Users/mac/Sites/mod02/protected/extensions/swiftMailer/lib/classes/Swift/Transport/StreamBuffer.php (243)
in /Users/mac/Sites/mod02/protected/extensions/swiftMailer/lib/classes/Swift/Transport/StreamBuffer.php (80)
in /Users/mac/Sites/mod02/protected/extensions/swiftMailer/lib/classes/Swift/Transport/AbstractSmtpTransport.php (111)
2016/12/15 10:40:21 [error] [php] Undefined index: category (/Users/mac/Sites/mod02/protected/modules/admin/controllers/ChaptersController.php:11)
Stack trace:
#0 /Users/mac/Sites/mod02/framework/web/CController.php(286): ChaptersController->runAction()
#1 /Users/mac/Sites/mod02/framework/web/CController.php(265): ChaptersController->runActionWithFilters()
#2 /Users/mac/Sites/mod02/framework/web/CWebApplication.php(282): ChaptersController->run()
#3 /Users/mac/Sites/mod02/framework/web/CWebApplication.php(141): CWebApplication->runController()
#4 /Users/mac/Sites/mod02/framework/base/CApplication.php(180): CWebApplication->processRequest()
#5 /Users/mac/Sites/mod02/index.php(13): CWebApplication->run()
REQUEST_URI=/mod02/index.php/admin/chapters/index
in /Users/mac/Sites/mod02/protected/modules/admin/controllers/ChaptersController.php (11)
in /Users/mac/Sites/mod02/index.php (13)
2016/12/15 23:54:11 [error] [exception.CException] CException: User and its behaviors do not have a method or closure named "getMembershipCount". in /Users/mac/Sites/mod02/framework/base/CComponent.php:266
Stack trace:
#0 /Users/mac/Sites/mod02/framework/db/ar/CActiveRecord.php(227): CComponent->__call('getMembershipCo...', Array)
#1 /Users/mac/Sites/mod02/protected/modules/admin/views/chapters/_view_chapters.php(8): CActiveRecord->__call('getMembershipCo...', Array)
#2 /Users/mac/Sites/mod02/framework/web/CBaseController.php(130): require('/Users/mac/Site...')
#3 /Users/mac/Sites/mod02/framework/web/CBaseController.php(95): CBaseController->renderInternal('/Users/mac/Site...', Array, false)
#4 /Users/mac/Sites/mod02/framework/zii/widgets/CListView.php(291): CBaseController->renderFile('/Users/mac/Site...', Array)
#5 /Users/mac/Sites/mod02/framework/zii/widgets/CBaseListView.php(167): CListView->renderItems()
#6 [internal function]: CBaseListView->renderSection(Array)
#7 /Users/mac/Sites/mod02/framework/zii/widgets/CBaseListView.php(150): preg_replace_callback('/{(\\w+)}/', Array, '{sorter}<table ...')
#8 /Users/mac/Sites/mod02/framework/zii/widgets/CBaseListView.php(135): CBaseListView->renderContent()
#9 /Users/mac/Sites/mod02/framework/web/CBaseController.php(173): CBaseListView->run()
#10 /Users/mac/Sites/mod02/protected/modules/admin/views/chapters/index.php(148): CBaseController->widget('zii.widgets.CLi...', Array)
#11 /Users/mac/Sites/mod02/framework/web/CBaseController.php(126): require('/Users/mac/Site...')
#12 /Users/mac/Sites/mod02/framework/web/CBaseController.php(95): CBaseController->renderInternal('/Users/mac/Site...', Array, true)
#13 /Users/mac/Sites/mod02/framework/web/CController.php(869): CBaseController->renderFile('/Users/mac/Site...', Array, true)
#14 /Users/mac/Sites/mod02/framework/web/CController.php(782): CController->renderPartial('index', Array, true)
#15 /Users/mac/Sites/mod02/protected/modules/admin/controllers/ChaptersController.php(41): CController->render('index', Array)
#16 /Users/mac/Sites/mod02/framework/web/actions/CInlineAction.php(49): ChaptersController->actionIndex()
#17 /Users/mac/Sites/mod02/framework/web/CController.php(308): CInlineAction->runWithParams(Array)
#18 /Users/mac/Sites/mod02/framework/web/CController.php(286): CController->runAction(Object(CInlineAction))
#19 /Users/mac/Sites/mod02/framework/web/CController.php(265): CController->runActionWithFilters(Object(CInlineAction), Array)
#20 /Users/mac/Sites/mod02/framework/web/CWebApplication.php(282): CController->run('index')
#21 /Users/mac/Sites/mod02/framework/web/CWebApplication.php(141): CWebApplication->runController('admin/chapters/...')
#22 /Users/mac/Sites/mod02/framework/base/CApplication.php(180): CWebApplication->processRequest()
#23 /Users/mac/Sites/mod02/index.php(13): CApplication->run()
#24 {main}
REQUEST_URI=/mod02/index.php/admin/chapters/index
---
<<<<<<< Updated upstream
2016/12/19 09:35:49 [error] [php] Trying to get property of non-object (C:\xampp\htdocs\mod02\protected\controllers\MembersController.php:128)
Stack trace:
#0 C:\xampp\htdocs\mod02\framework\web\CController.php(286): MembersController->runAction()
#1 C:\xampp\htdocs\mod02\framework\web\CController.php(265): MembersController->runActionWithFilters()
#2 C:\xampp\htdocs\mod02\framework\web\CWebApplication.php(282): MembersController->run()
#3 C:\xampp\htdocs\mod02\framework\web\CWebApplication.php(141): CWebApplication->runController()
#4 C:\xampp\htdocs\mod02\framework\base\CApplication.php(180): CWebApplication->processRequest()
#5 C:\xampp\htdocs\mod02\index.php(13): CWebApplication->run()
REQUEST_URI=/mod02/index.php/members/list
in C:\xampp\htdocs\mod02\protected\controllers\MembersController.php (128)
in C:\xampp\htdocs\mod02\index.php (13)
2016/12/19 09:35:50 [error] [system.db.CDbCommand] CDbCommand::fetch() failed: SQLSTATE[42000]: Syntax error or access violation: 1064 You have an error in your SQL syntax; check the manual that corresponds to your MariaDB server version for the right syntax to use near 'LIMIT 1' at line 1. The SQL statement executed was: SELECT * FROM `jci_user` `t` WHERE account_id =  LIMIT 1.
in C:\xampp\htdocs\mod02\protected\models\Event.php (139)
in C:\xampp\htdocs\mod02\protected\components\views\userHeader.php (26)
in C:\xampp\htdocs\mod02\protected\components\UserHeader.php (15)
2016/12/19 09:35:50 [error] [exception.CDbException] exception 'CDbException' with message 'CDbCommand failed to execute the SQL statement: SQLSTATE[42000]: Syntax error or access violation: 1064 You have an error in your SQL syntax; check the manual that corresponds to your MariaDB server version for the right syntax to use near 'LIMIT 1' at line 1. The SQL statement executed was: SELECT * FROM `jci_user` `t` WHERE account_id =  LIMIT 1' in C:\xampp\htdocs\mod02\framework\db\CDbCommand.php:543
Stack trace:
#0 C:\xampp\htdocs\mod02\framework\db\CDbCommand.php(415): CDbCommand->queryInternal('fetch', Array, Array)
#1 C:\xampp\htdocs\mod02\framework\db\ar\CActiveRecord.php(1351): CDbCommand->queryRow()
#2 C:\xampp\htdocs\mod02\framework\db\ar\CActiveRecord.php(1456): CActiveRecord->query(Object(CDbCriteria))
#3 C:\xampp\htdocs\mod02\protected\models\Event.php(139): CActiveRecord->find('account_id = ')
#4 C:\xampp\htdocs\mod02\protected\components\views\userHeader.php(26): Event->countNewEvents()
#5 C:\xampp\htdocs\mod02\framework\web\CBaseController.php(130): require('C:\\xampp\\htdocs...')
#6 C:\xampp\htdocs\mod02\framework\web\CBaseController.php(95): CBaseController->renderInternal('C:\\xampp\\htdocs...', Array, false)
#7 C:\xampp\htdocs\mod02\framework\web\widgets\CWidget.php(244): CBaseController->renderFile('C:\\xampp\\htdocs...', Array, false)
#8 C:\xampp\htdocs\mod02\protected\components\UserHeader.php(15): CWidget->render('userHeader', Array)
#9 C:\xampp\htdocs\mod02\framework\web\CBaseController.php(173): UserHeader->run()
#10 C:\xampp\htdocs\mod02\protected\views\layouts\userPanel.php(63): CBaseController->widget('UserHeader')
#11 C:\xampp\htdocs\mod02\framework\web\CBaseController.php(126): require('C:\\xampp\\htdocs...')
#12 C:\xampp\htdocs\mod02\framework\web\CBaseController.php(95): CBaseController->renderInternal('C:\\xampp\\htdocs...', Array, true)
#13 C:\xampp\htdocs\mod02\framework\web\CController.php(784): CBaseController->renderFile('C:\\xampp\\htdocs...', Array, true)
#14 C:\xampp\htdocs\mod02\protected\controllers\MembersController.php(202): CController->render('list_chapters', Array)
#15 [internal function]: MembersController->actionViewRegion('1')
#16 C:\xampp\htdocs\mod02\framework\web\actions\CAction.php(108): ReflectionMethod->invokeArgs(Object(MembersController), Array)
#17 C:\xampp\htdocs\mod02\framework\web\actions\CInlineAction.php(47): CAction->runWithParamsInternal(Object(MembersController), Object(ReflectionMethod), Array)
#18 C:\xampp\htdocs\mod02\framework\web\CController.php(308): CInlineAction->runWithParams(Array)
#19 C:\xampp\htdocs\mod02\framework\web\CController.php(286): CController->runAction(Object(CInlineAction))
#20 C:\xampp\htdocs\mod02\framework\web\CController.php(265): CController->runActionWithFilters(Object(CInlineAction), Array)
#21 C:\xampp\htdocs\mod02\framework\web\CWebApplication.php(282): CController->run('viewregion')
#22 C:\xampp\htdocs\mod02\framework\web\CWebApplication.php(141): CWebApplication->runController('members/viewreg...')
#23 C:\xampp\htdocs\mod02\framework\base\CApplication.php(180): CWebApplication->processRequest()
#24 C:\xampp\htdocs\mod02\index.php(13): CApplication->run()
#25 {main}
REQUEST_URI=/mod02/index.php/members/viewregion?rid=1
HTTP_REFERER=http://localhost/mod02/index.php/members/list
---
=======
2016/12/16 00:01:42 [error] [php] Trying to get property of non-object (/Users/mac/Sites/mod02/protected/modules/admin/views/userBusiness/_list_user_businesses.php:3)
Stack trace:
#0 /Users/mac/Sites/mod02/framework/zii/widgets/CListView.php(291): UserBusinessController->renderFile()
#1 /Users/mac/Sites/mod02/framework/zii/widgets/CBaseListView.php(167): CListView->renderItems()
#2 unknown(0): CListView->renderSection()
#3 /Users/mac/Sites/mod02/framework/zii/widgets/CBaseListView.php(150): preg_replace_callback()
#4 /Users/mac/Sites/mod02/framework/zii/widgets/CBaseListView.php(135): CListView->renderContent()
#5 /Users/mac/Sites/mod02/framework/web/CBaseController.php(173): CListView->run()
#6 /Users/mac/Sites/mod02/protected/modules/admin/views/userBusiness/index.php(151): UserBusinessController->widget()
#7 /Users/mac/Sites/mod02/framework/web/CBaseController.php(126): require()
#8 /Users/mac/Sites/mod02/framework/web/CBaseController.php(95): UserBusinessController->renderInternal()
#9 /Users/mac/Sites/mod02/framework/web/CController.php(869): UserBusinessController->renderFile()
#10 /Users/mac/Sites/mod02/framework/web/CController.php(782): UserBusinessController->renderPartial()
#11 /Users/mac/Sites/mod02/protected/modules/admin/controllers/UserBusinessController.php(158): UserBusinessController->render()
#12 /Users/mac/Sites/mod02/framework/web/actions/CInlineAction.php(49): UserBusinessController->actionIndex()
#13 /Users/mac/Sites/mod02/framework/web/CController.php(308): CInlineAction->runWithParams()
#14 /Users/mac/Sites/mod02/framework/web/filters/CFilterChain.php(133): UserBusinessController->runAction()
#15 /Users/mac/Sites/mod02/framework/web/filters/CFilter.php(40): CFilterChain->run()
#16 /Users/mac/Sites/mod02/framework/web/CController.php(1145): CAccessControlFilter->filter()
#17 /Users/mac/Sites/mod02/framework/web/filters/CInlineFilter.php(58): UserBusinessController->filterAccessControl()
#18 /Users/mac/Sites/mod02/framework/web/filters/CFilterChain.php(130): CInlineFilter->filter()
#19 /Users/mac/Sites/mod02/framework/web/CController.php(291): CFilterChain->run()
#20 /Users/mac/Sites/mod02/framework/web/CController.php(265): UserBusinessController->runActionWithFilters()
#21 /Users/mac/Sites/mod02/framework/web/CWebApplication.php(282): UserBusinessController->run()
#22 /Users/mac/Sites/mod02/framework/web/CWebApplication.php(141): CWebApplication->runController()
#23 /Users/mac/Sites/mod02/framework/base/CApplication.php(180): CWebApplication->processRequest()
#24 /Users/mac/Sites/mod02/index.php(13): CWebApplication->run()
REQUEST_URI=/mod02/index.php/admin/userBusiness/index
in /Users/mac/Sites/mod02/protected/modules/admin/views/userBusiness/_list_user_businesses.php (3)
in /Users/mac/Sites/mod02/protected/modules/admin/views/userBusiness/index.php (151)
in /Users/mac/Sites/mod02/protected/modules/admin/controllers/UserBusinessController.php (158)
>>>>>>> Stashed changes
2017/07/01 22:45:56 [error] [exception.CException] CException: ToymNominee and its behaviors do not have a method or closure named "getFullName". in /Users/mac/Sites/mod02/framework/base/CComponent.php:266
Stack trace:
#0 /Users/mac/Sites/mod02/framework/db/ar/CActiveRecord.php(227): CComponent->__call('getFullName', Array)
#1 /Users/mac/Sites/mod02/protected/views/toym/_view_nominees.php(12): CActiveRecord->__call('getFullName', Array)
#2 /Users/mac/Sites/mod02/framework/web/CBaseController.php(130): require('/Users/mac/Site...')
#3 /Users/mac/Sites/mod02/framework/web/CBaseController.php(95): CBaseController->renderInternal('/Users/mac/Site...', Array, false)
#4 /Users/mac/Sites/mod02/framework/zii/widgets/CListView.php(291): CBaseController->renderFile('/Users/mac/Site...', Array)
#5 /Users/mac/Sites/mod02/framework/zii/widgets/CBaseListView.php(167): CListView->renderItems()
#6 [internal function]: CBaseListView->renderSection(Array)
#7 /Users/mac/Sites/mod02/framework/zii/widgets/CBaseListView.php(150): preg_replace_callback('/{(\\w+)}/', Array, '{sorter}<table ...')
#8 /Users/mac/Sites/mod02/framework/zii/widgets/CBaseListView.php(135): CBaseListView->renderContent()
#9 /Users/mac/Sites/mod02/framework/web/CBaseController.php(173): CBaseListView->run()
#10 /Users/mac/Sites/mod02/protected/views/toym/nominees.php(92): CBaseController->widget('zii.widgets.CLi...', Array)
#11 /Users/mac/Sites/mod02/framework/web/CBaseController.php(126): require('/Users/mac/Site...')
#12 /Users/mac/Sites/mod02/framework/web/CBaseController.php(95): CBaseController->renderInternal('/Users/mac/Site...', Array, true)
#13 /Users/mac/Sites/mod02/framework/web/CController.php(869): CBaseController->renderFile('/Users/mac/Site...', Array, true)
#14 /Users/mac/Sites/mod02/framework/web/CController.php(782): CController->renderPartial('nominees', Array, true)
#15 /Users/mac/Sites/mod02/protected/controllers/ToymController.php(93): CController->render('nominees', Array)
#16 [internal function]: ToymController->actionNominees(NULL)
#17 /Users/mac/Sites/mod02/framework/web/actions/CAction.php(108): ReflectionMethod->invokeArgs(Object(ToymController), Array)
#18 /Users/mac/Sites/mod02/framework/web/actions/CInlineAction.php(47): CAction->runWithParamsInternal(Object(ToymController), Object(ReflectionMethod), Array)
#19 /Users/mac/Sites/mod02/framework/web/CController.php(308): CInlineAction->runWithParams(Array)
#20 /Users/mac/Sites/mod02/framework/web/filters/CFilterChain.php(133): CController->runAction(Object(CInlineAction))
#21 /Users/mac/Sites/mod02/framework/web/filters/CFilter.php(40): CFilterChain->run()
#22 /Users/mac/Sites/mod02/framework/web/CController.php(1145): CFilter->filter(Object(CFilterChain))
#23 /Users/mac/Sites/mod02/framework/web/filters/CInlineFilter.php(58): CController->filterAccessControl(Object(CFilterChain))
#24 /Users/mac/Sites/mod02/framework/web/filters/CFilterChain.php(130): CInlineFilter->filter(Object(CFilterChain))
#25 /Users/mac/Sites/mod02/framework/web/CController.php(291): CFilterChain->run()
#26 /Users/mac/Sites/mod02/framework/web/CController.php(265): CController->runActionWithFilters(Object(CInlineAction), Array)
#27 /Users/mac/Sites/mod02/framework/web/CWebApplication.php(282): CController->run('nominees')
#28 /Users/mac/Sites/mod02/framework/web/CWebApplication.php(141): CWebApplication->runController('toym/nominees')
#29 /Users/mac/Sites/mod02/framework/base/CApplication.php(180): CWebApplication->processRequest()
#30 /Users/mac/Sites/mod02/index.php(13): CApplication->run()
#31 {main}
REQUEST_URI=/mod02/index.php/toym/nominees
---
